   depth (m)           Eu            Ed             E            R*           Eou           Eod     meancosUP    meancosDown      meancos            rd            rup            Ld            Lu
    0.000000      0.034523      1.000000      0.965477      0.034523      0.045233      1.000000      0.763222      1.000000      0.923695      0.000000      0.000000    261.269745      5.235323
    0.000000      0.029587      0.995064      0.965477      0.029734      0.062185      1.025566      0.475793      0.970259      0.887591      1.184627      2.801464    256.038330      0.006532
    1.000000      0.028151      0.936430      0.908279      0.030062      0.059442      0.976143      0.473590      0.959316      0.877069      1.197964      2.978429    222.466476      0.007054
    2.000000      0.026667      0.880441      0.853774      0.030288      0.057191      0.927591      0.466280      0.949170      0.866968      1.202989      2.886452    193.228577      0.006270
    3.000000      0.025354      0.827380      0.802026      0.030644      0.055485      0.878422      0.456949      0.941894      0.858786      1.211258      2.891782    167.853790      0.005225
    4.000000      0.023998      0.776498      0.752500      0.030905      0.052263      0.831512      0.459179      0.933838      0.851461      1.273235      2.839462    145.649521      0.004703
  100.000000      0.000000      0.000725      0.000725      0.000000      0.000000      0.000938      0.000000      0.772692      0.772692      0.000000      0.000000      0.000523      0.000000
 * The above water reflectance is actually an albedo calculation
   depth (m)           Eu            Ed             E            R*           Eou           Eod     meancosUP    meancosDown      meancos            rd            rup            Ld            Lu
    0.000000      0.033667      1.000000      0.966333      0.033667      0.043665      1.000000      0.771030      1.000000      0.925903      0.000000      0.000000    261.269745      5.236107
    0.000000      0.028404      0.994737      0.966333      0.028554      0.060564      1.025038      0.468992      0.970439      0.890135      1.178641      3.016424    256.039642      0.007316
    1.000000      0.027015      0.935654      0.908639      0.028873      0.058523      0.974248      0.461610      0.960386      0.879807      1.191990      2.892585    222.800385      0.007316
    2.000000      0.025572      0.879684      0.854112      0.029070      0.056165      0.925944      0.455302      0.950040      0.869671      1.203416      2.892444    193.855621      0.007316
    3.000000      0.024190      0.826684      0.802494      0.029261      0.052636      0.876635      0.459568      0.943019      0.863573      1.197994      2.916880    168.628189      0.006793
    4.000000      0.022821      0.775902      0.753081      0.029412      0.049663      0.828766      0.459515      0.936213      0.857304      1.272751      2.890862    146.586426      0.005748
  100.000000      0.000000      0.000738      0.000738      0.000000      0.000000      0.000923      0.000000      0.799853      0.799853      0.000000      0.000000      0.001568      0.000000
 * The above water reflectance is actually an albedo calculation
   depth (m)           Eu            Ed             E            R*           Eou           Eod     meancosUP    meancosDown      meancos            rd            rup            Ld            Lu
    0.000000      0.033126      1.000000      0.966874      0.033126      0.042843      1.000000      0.773193      1.000000      0.927152      0.000000      0.000000    261.269745      5.217296
    0.000000      0.027063      0.993937      0.966874      0.027228      0.057528      1.022512      0.470428      0.972054      0.895220      1.181824      3.063689    256.057159      0.007054
    1.000000      0.025703      0.935387      0.909684      0.027478      0.055202      0.972557      0.465620      0.961781      0.885114      1.195022      2.894618    223.223648      0.005748
    2.000000      0.024458      0.879421      0.854963      0.027811      0.052755      0.922397      0.463610      0.953408      0.876748      1.199511      2.872642    194.619827      0.004964
    3.000000      0.023201      0.826341      0.803140      0.028077      0.050309      0.874595      0.461171      0.944827      0.868350      1.205131      2.935833    169.565628      0.005748
    4.000000      0.021900      0.775826      0.753926      0.028228      0.047792      0.827903      0.458231      0.937098      0.860946      1.269802      2.937247    147.628891      0.006532
  100.000000      0.000000      0.000741      0.000741      0.000000      0.000000      0.000940      0.000000      0.788523      0.788523      0.000000      0.000000      0.001045      0.000000
 * The above water reflectance is actually an albedo calculation
   depth (m)           Eu            Ed             E            R*           Eou           Eod     meancosUP    meancosDown      meancos            rd            rup            Ld            Lu
    0.000000      0.032374      1.000000      0.967626      0.032374      0.041488      1.000000      0.780328      1.000000      0.929081      0.000000      0.000000    261.269745      5.253873
    0.000000      0.025729      0.993355      0.967626      0.025901      0.055402      1.021309      0.464404      0.972629      0.898686      1.189562      3.236956    256.020844      0.006270
    1.000000      0.024299      0.934688      0.910389      0.025997      0.052140      0.969863      0.466036      0.963732      0.890789      1.193496      3.128555    223.693665      0.005748
    2.000000      0.023077      0.878688      0.855611      0.026263      0.050277      0.920094      0.459001      0.954998      0.881736      1.192342      3.072623    195.378311      0.005225
    3.000000      0.021853      0.825828      0.803975      0.026462      0.048435      0.871751      0.451183      0.947321      0.873709      1.217715      3.168436    170.717316      0.003397
    4.000000      0.020693      0.775543      0.754850      0.026682      0.045584      0.826026      0.453955      0.938885      0.866041      1.267092      2.979085    149.022263      0.002613
  100.000000      0.000000      0.000766      0.000766      0.000000      0.000000      0.000968      0.000000      0.791059      0.791059      0.000000      0.000000      0.001829      0.000000
 * The above water reflectance is actually an albedo calculation
   depth (m)           Eu            Ed             E            R*           Eou           Eod     meancosUP    meancosDown      meancos            rd            rup            Ld            Lu
    0.000000      0.031787      1.000000      0.968213      0.031787      0.040294      1.000000      0.788882      1.000000      0.930711      0.000000      0.000000    261.269745      5.236890
    0.000000      0.024639      0.992852      0.968213      0.024816      0.052246      1.018870      0.471595      0.974464      0.903929      1.179968      2.879381    256.037018      0.005225
    1.000000      0.023294      0.933825      0.910531      0.024945      0.050396      0.968297      0.462219      0.964399      0.893823      1.195641      3.251780    224.090271      0.005487
    2.000000      0.022071      0.877908      0.855837      0.025140      0.048116      0.918480      0.458704      0.955827      0.885413      1.188079      2.831556    196.186142      0.004964
    3.000000      0.020902      0.825318      0.804416      0.025326      0.045791      0.870781      0.456468      0.947791      0.877636      1.206759      3.073178    171.794006      0.006009
    4.000000      0.019852      0.775191      0.755339      0.025609      0.043748      0.823519      0.453776      0.941316      0.870942      1.262123      2.991196    150.321274      0.006793
  100.000000      0.000000      0.000756      0.000756      0.000000      0.000000      0.000940      0.000000      0.804277      0.804277      0.000000      0.000000      0.001045      0.000000
 * The above water reflectance is actually an albedo calculation
   depth (m)           Eu            Ed             E            R*           Eou           Eod     meancosUP    meancosDown      meancos            rd            rup            Ld            Lu
    0.000000      0.031394      1.000000      0.968606      0.031394      0.039745      1.000000      0.789890      1.000000      0.931581      0.000000      0.000000    261.269745      5.184637
    0.000000      0.024181      0.992787      0.968606      0.024357      0.050930      1.017963      0.474787      0.975269      0.906177      1.186570      3.020558    256.090607      0.007054
    1.000000      0.022842      0.934415      0.911573      0.024445      0.048873      0.967735      0.467377      0.965569      0.896681      1.179077      3.120014    224.716797      0.006793
    2.000000      0.021631      0.878522      0.856891      0.024622      0.045917      0.917797      0.471087      0.957207      0.889154      1.193860      3.103467    197.029770      0.005487
    3.000000      0.020458      0.825725      0.805267      0.024776      0.044572      0.868431      0.458993      0.950824      0.881999      1.201604      3.021585    172.768524      0.004964
    4.000000      0.019346      0.776035      0.756689      0.024929      0.042561      0.821782      0.454543      0.944332      0.875449      1.260699      2.957264    151.541153      0.004703
  100.000000      0.000000      0.000859      0.000859      0.000000      0.000000      0.001080      0.000000      0.795700      0.795700      0.000000      0.000000      0.000784      0.000000
 * The above water reflectance is actually an albedo calculation
   depth (m)           Eu            Ed             E            R*           Eou           Eod     meancosUP    meancosDown      meancos            rd            rup            Ld            Lu
    0.000000      0.031063      1.000000      0.968937      0.031063      0.038886      1.000000      0.798813      1.000000      0.932669      0.000000      0.000000    261.269745      5.273468
    0.000000      0.022890      0.991827      0.968937      0.023079      0.048445      1.015905      0.472497      0.976299      0.910356      1.167975      2.912081    256.000458      0.007054
    1.000000      0.021713      0.933664      0.911951      0.023256      0.046321      0.965177      0.468749      0.967350      0.901585      1.189901      3.095828    225.106613      0.006793
    2.000000      0.020650      0.878644      0.857994      0.023502      0.044972      0.916441      0.459176      0.958757      0.892431      1.197963      3.193652    198.001190      0.006532
    3.000000      0.019582      0.825889      0.806307      0.023710      0.043196      0.868259      0.453329      0.951201      0.884637      1.198670      3.048563    173.884415      0.006009
    4.000000      0.018539      0.776205      0.757666      0.023884      0.040813      0.821210      0.454237      0.945196      0.878938      1.256655      3.073352    152.799164      0.004964
  100.000000      0.000000      0.000845      0.000845      0.000000      0.000000      0.001048      0.000000      0.806637      0.806637      0.000000      0.000000      0.001306      0.000000
 * The above water reflectance is actually an albedo calculation
   depth (m)           Eu            Ed             E            R*           Eou           Eod     meancosUP    meancosDown      meancos            rd            rup            Ld            Lu
    0.000000      0.030263      1.000000      0.969737      0.030263      0.037793      1.000000      0.800749      1.000000      0.934422      0.000000      0.000000    261.269745      5.175492
    0.000000      0.021806      0.991543      0.969737      0.021992      0.046183      1.014541      0.472166      0.977332      0.914222      1.178967      3.166613    256.099213      0.006009
    1.000000      0.020667      0.932999      0.912332      0.022151      0.044742      0.963490      0.461913      0.968353      0.904883      1.198274      3.414227    225.379898      0.005225
    2.000000      0.019695      0.877638      0.857943      0.022441      0.043055      0.913691      0.457437      0.960541      0.896730      1.193341      3.342811    198.440643      0.005487
    3.000000      0.018692      0.825211      0.806519      0.022651      0.040580      0.865739      0.460620      0.953187      0.889885      1.186916      3.201791    174.648117      0.004442
    4.000000      0.017622      0.775517      0.757895      0.022723      0.038137      0.818790      0.462066      0.947150      0.884434      1.259668      3.130677    153.667892      0.004442
  100.000000      0.000000      0.000855      0.000855      0.000000      0.000000      0.001047      0.000000      0.816522      0.816522      0.000000      0.000000      0.002090      0.000000
 * The above water reflectance is actually an albedo calculation
   depth (m)           Eu            Ed             E            R*           Eou           Eod     meancosUP    meancosDown      meancos            rd            rup            Ld            Lu
    0.000000      0.030458      1.000000      0.969542      0.030458      0.037919      1.000000      0.803232      1.000000      0.934121      0.000000      0.000000    261.269745      5.272162
    0.000000      0.021247      0.990789      0.969542      0.021445      0.045140      1.013287      0.470688      0.977797      0.916022      1.186847      3.287443    256.000183      0.004442
    1.000000      0.020179      0.932520      0.912341      0.021639      0.043192      0.962915      0.467198      0.968434      0.906803      1.162093      3.381025    225.492233      0.005487
    2.000000      0.019114      0.876472      0.857358      0.021808      0.041510      0.911901      0.460471      0.961148      0.899254      1.188492      3.367035    198.524246      0.004180
    3.000000      0.018150      0.823948      0.805798      0.022028      0.039506      0.863620      0.459423      0.954063      0.892232      1.194454      3.111944    174.835968      0.004964
    4.000000      0.017092      0.773929      0.756837      0.022085      0.037081      0.816667      0.460942      0.947667      0.886488      1.256458      3.214480    153.963654      0.004180
  100.000000      0.000000      0.000873      0.000873      0.000000      0.000000      0.001058      0.000000      0.824787      0.824787      0.000000      0.000000      0.003135      0.000000
 * The above water reflectance is actually an albedo calculation
   depth (m)           Eu            Ed             E            R*           Eou           Eod     meancosUP    meancosDown      meancos            rd            rup            Ld            Lu
    0.000000      0.029751      1.000000      0.970249      0.029751      0.036889      1.000000      0.806508      1.000000      0.935731      0.000000      0.000000    261.269745      5.164780
    0.000000      0.020550      0.990799      0.970249      0.020741      0.043743      1.012688      0.469787      0.978385      0.918421      1.181175      3.163345    256.110443      0.007054
    1.000000      0.019546      0.932038      0.912492      0.020971      0.042285      0.960852      0.462246      0.970012      0.909639      1.169028      3.248169    225.816483      0.006793
    2.000000      0.018464      0.876543      0.858079      0.021065      0.040191      0.910496      0.459405      0.962710      0.902588      1.193443      3.310961    199.158081      0.006532
    3.000000      0.017529      0.824437      0.806908      0.021262      0.038193      0.862281      0.458956      0.956111      0.896092      1.191746      3.224199    175.712250      0.005748
    4.000000      0.016600      0.774493      0.757893      0.021433      0.035987      0.814748      0.461272      0.950592      0.890868      1.250776      3.153734    154.854324      0.005748
  100.000000      0.000000      0.000853      0.000853      0.000000      0.000000      0.001059      0.000000      0.805730      0.805730      0.000000      0.000000      0.001306      0.000000
 * The above water reflectance is actually an albedo calculation
   depth (m)           Eu            Ed             E            R*           Eou           Eod     meancosUP    meancosDown      meancos            rd            rup            Ld            Lu
    0.000000      0.029560      1.000000      0.970440      0.029560      0.036665      1.000000      0.806217      1.000000      0.936117      0.000000      0.000000    261.269745      5.231404
    0.000000      0.019983      0.990423      0.970440      0.020176      0.042738      1.011902      0.467573      0.978774      0.920163      1.185647      3.385359    256.042511      0.005487
    1.000000      0.018996      0.931996      0.913000      0.020382      0.040963      0.961016      0.463732      0.969803      0.911196      1.172274      3.324626    225.962799      0.005225
    2.000000      0.018090      0.876424      0.858334      0.020641      0.039334      0.910472      0.459906      0.962604      0.903693      1.201705      3.412402    199.364746      0.004964
    3.000000      0.017107      0.823600      0.806493      0.020771      0.037661      0.861253      0.454231      0.956282      0.897186      1.195721      3.346761    175.924667      0.004703
    4.000000      0.016223      0.773929      0.757706      0.020962      0.035926      0.814883      0.451564      0.949743      0.890571      1.265633      3.286852    155.299515      0.004442
  100.000000      0.000000      0.000882      0.000882      0.000000      0.000000      0.001070      0.000000      0.824228      0.824228      0.000000      0.000000      0.002090      0.000000
 * The above water reflectance is actually an albedo calculation
   depth (m)           Eu            Ed             E            R*           Eou           Eod     meancosUP    meancosDown      meancos            rd            rup            Ld            Lu
    0.000000      0.029434      1.000000      0.970566      0.029434      0.036196      1.000000      0.813192      1.000000      0.936663      0.000000      0.000000    261.269745      5.265892
    0.000000      0.019252      0.989818      0.970566      0.019450      0.039941      1.009342      0.482015      0.980657      0.924981      1.170865      3.524282    256.008820      0.005748
    1.000000      0.018252      0.931132      0.912880      0.019602      0.038948      0.958236      0.468624      0.971715      0.915458      1.192822      3.636564    225.886490      0.005487
    2.000000      0.017316      0.875792      0.858476      0.019772      0.037278      0.908869      0.464507      0.963607      0.907339      1.184331      3.400657    199.443130      0.005225
    3.000000      0.016475      0.823405      0.806930      0.020008      0.035882      0.859921      0.459138      0.957536      0.900790      1.189846      3.121635    176.026825      0.004442
    4.000000      0.015502      0.773293      0.757791      0.020047      0.034491      0.812605      0.449444      0.951623      0.894575      1.255786      3.286025    155.182739      0.004442
  100.000000      0.000000      0.000853      0.000853      0.000000      0.000000      0.001035      0.000000      0.823899      0.823899      0.000000      0.000000      0.001568      0.000000
 * The above water reflectance is actually an albedo calculation
   depth (m)           Eu            Ed             E            R*           Eou           Eod     meancosUP    meancosDown      meancos            rd            rup            Ld            Lu
    0.000000      0.028770      1.000000      0.971230      0.028770      0.035170      1.000000      0.818036      1.000000      0.938233      0.000000      0.000000    261.269745      5.224349
    0.000000      0.018281      0.989511      0.971230      0.018475      0.039425      1.009543      0.463693      0.980158      0.925892      1.171593      3.884073    256.048279      0.004442
    1.000000      0.017445      0.930975      0.913530      0.018738      0.038504      0.957994      0.453070      0.971797      0.916741      1.178420      3.800510    226.043518      0.004703
    2.000000      0.016619      0.875366      0.858747      0.018985      0.037108      0.907852      0.447852      0.964217      0.908765      1.176537      3.670144    199.533264      0.004180
    3.000000      0.015709      0.822146      0.806437      0.019107      0.034926      0.858477      0.449773      0.957680      0.902657      1.192075      3.320253    175.999924      0.003658
    4.000000      0.014902      0.771970      0.757068      0.019304      0.033452      0.810983      0.445471      0.951895      0.896538      1.259611      3.460130    155.235504      0.003919
  100.000000      0.000000      0.000888      0.000888      0.000000      0.000000      0.001081      0.000000      0.821291      0.821291      0.000000      0.000000      0.002874      0.000000
 * The above water reflectance is actually an albedo calculation
   depth (m)           Eu            Ed             E            R*           Eou           Eod     meancosUP    meancosDown      meancos            rd            rup            Ld            Lu
    0.000000      0.028705      1.000000      0.971295      0.028705      0.034927      1.000000      0.821852      1.000000      0.938515      0.000000      0.000000    261.269745      5.188817
    0.000000      0.018553      0.989848      0.971295      0.018743      0.039764      1.009915      0.466577      0.980130      0.925326      1.182439      3.694495    256.082764      0.005225
    1.000000      0.017571      0.931528      0.913957      0.018863      0.037572      0.958821      0.467665      0.971534      0.917265      1.185719      3.230657    226.258026      0.005225
    2.000000      0.016508      0.875941      0.859433      0.018846      0.036073      0.907650      0.457629      0.965064      0.910683      1.185867      3.626726    199.848618      0.004703
    3.000000      0.015609      0.823622      0.808013      0.018952      0.034339      0.859954      0.454562      0.957751      0.903522      1.219144      3.546230    176.556686      0.004442
    4.000000      0.014723      0.774057      0.759334      0.019021      0.032583      0.813260      0.451855      0.951796      0.897724      1.266856      3.431801    155.940140      0.004442
  100.000000      0.000000      0.000936      0.000936      0.000000      0.000000      0.001147      0.000000      0.815860      0.815860      0.000000           NaN      0.001306      0.000000
 * The above water reflectance is actually an albedo calculation
   depth (m)           Eu            Ed             E            R*           Eou           Eod     meancosUP    meancosDown      meancos            rd            rup            Ld            Lu
    0.000000      0.028596      1.000000      0.971404      0.028596      0.035014      1.000000      0.816702      1.000000      0.938542      0.000000      0.000000    261.269745      5.196917
    0.000000      0.018345      0.989749      0.971404      0.018535      0.039616      1.009882      0.463066      0.980064      0.925589      1.193162      3.489594    256.076477      0.004964
    1.000000      0.017468      0.932031      0.914563      0.018742      0.038101      0.958565      0.458468      0.972319      0.917622      1.185043      3.424621    226.455276      0.004964
    2.000000      0.016592      0.877228      0.860636      0.018914      0.036392      0.909047      0.455924      0.964998      0.910303      1.183736      3.255161    200.167099      0.004442
    3.000000      0.015731      0.825397      0.809666      0.019059      0.034678      0.860987      0.453625      0.958663      0.903982      1.203742      3.757627    176.928482      0.003397
    4.000000      0.014790      0.775699      0.760909      0.019067      0.032700      0.814600      0.452298      0.952245      0.898040      1.269978      3.523480    156.290253      0.003397
  100.000000      0.000000      0.000953      0.000953      0.000000      0.000000      0.001164      0.000000      0.818785      0.818785      0.000000      0.000000      0.001568      0.000000
 * The above water reflectance is actually an albedo calculation
   depth (m)           Eu            Ed             E            R*           Eou           Eod     meancosUP    meancosDown      meancos            rd            rup            Ld            Lu
    0.000000      0.028451      1.000000      0.971549      0.028451      0.034534      1.000000      0.823846      1.000000      0.939117      0.000000      0.000000    261.269745      5.226440
    0.000000      0.017766      0.989315      0.971549      0.017958      0.038349      1.008817      0.463267      0.980669      0.927789      1.184522      3.775811    256.046417      0.005487
    1.000000      0.016944      0.931303      0.914359      0.018194      0.036868      0.957764      0.459588      0.972372      0.919294      1.198331      3.837163    226.322037      0.005225
    2.000000      0.015974      0.876408      0.860434      0.018227      0.034864      0.908641      0.458184      0.964526      0.911955      1.197447      3.647776    199.959915      0.005487
    3.000000      0.015141      0.823974      0.808833      0.018376      0.033728      0.860067      0.448913      0.958034      0.904942      1.214259      3.407184    176.689148      0.005487
    4.000000      0.014285      0.774739      0.760454      0.018438      0.031788      0.813722      0.449382      0.952092      0.899402      1.274333      3.568376    156.232254      0.005225
  100.000000      0.000000      0.000977      0.000977      0.000000      0.000000      0.001204      0.000000      0.811497      0.811497      0.000000      0.000000      0.002874      0.000000
 * The above water reflectance is actually an albedo calculation
   depth (m)           Eu            Ed             E            R*           Eou           Eod     meancosUP    meancosDown      meancos            rd            rup            Ld            Lu
    0.000000      0.028406      1.000000      0.971594      0.028406      0.034459      1.000000      0.824334      1.000000      0.939229      0.000000      0.000000    261.269745      5.298551
    0.000000      0.017208      0.988802      0.971594      0.017403      0.038019      1.008535      0.452616      0.980434      0.928374      1.186907      3.652245    255.973541      0.003658
    1.000000      0.016323      0.930675      0.914352      0.017539      0.035874      0.956576      0.455014      0.972924      0.921309      1.199615      3.515594    226.037781      0.003135
    2.000000      0.015519      0.875951      0.860432      0.017717      0.034448      0.906721      0.450503      0.966064      0.914216      1.216000      3.990015    199.813873      0.003397
    3.000000      0.014705      0.823854      0.809149      0.017849      0.032344      0.858918      0.454646      0.959177      0.907869      1.207850      3.775216    176.538651      0.003135
    4.000000      0.013867      0.774750      0.760883      0.017899      0.030313      0.812830      0.457464      0.953151      0.902436      1.275949      3.615367    155.997635      0.003658
  100.000000      0.000000      0.000925      0.000925      0.000000      0.000000      0.001155      0.000000      0.800608      0.800608      0.000000      0.000000      0.002874      0.000000
 * The above water reflectance is actually an albedo calculation
   depth (m)           Eu            Ed             E            R*           Eou           Eod     meancosUP    meancosDown      meancos            rd            rup            Ld            Lu
    0.000000      0.027869      1.000000      0.972131      0.027869      0.033564      1.000000      0.830320      1.000000      0.940562      0.000000      0.000000    261.269745      5.238719
    0.000000      0.016975      0.989106      0.972131      0.017162      0.037005      1.008152      0.458719      0.981108      0.930129      1.206671      3.945996    256.034424      0.004442
    1.000000      0.016166      0.931097      0.914931      0.017362      0.035704      0.957125      0.452780      0.972806      0.921539      1.190446      3.869826    226.240784      0.003919
    2.000000      0.015426      0.875988      0.860562      0.017610      0.033818      0.907435      0.456142      0.965345      0.914272      1.205240      3.689599    199.778870      0.003658
    3.000000      0.014534      0.824071      0.809537      0.017637      0.032396      0.859788      0.448642      0.958458      0.907366      1.203213      3.663034    176.489807      0.004180
    4.000000      0.013814      0.774933      0.761119      0.017826      0.031232      0.813234      0.442302      0.952902      0.901302      1.284974      3.611307    155.920029      0.004703
  100.000000      0.000000      0.000963      0.000963      0.000000      0.000000      0.001173      0.000000      0.821184      0.821184      0.000000      0.000000      0.003135      0.000000
 * The above water reflectance is actually an albedo calculation
   depth (m)           Eu            Ed             E            R*           Eou           Eod     meancosUP    meancosDown      meancos            rd            rup            Ld            Lu
    0.000000      0.028172      1.000000      0.971828      0.028172      0.033860      1.000000      0.832014      1.000000      0.940000      0.000000      0.000000    261.269745      5.270595
    0.000000      0.017002      0.988830      0.971828      0.017194      0.036942      1.007725      0.460237      0.981250      0.930276      1.192993      3.830445    256.003845      0.004964
    1.000000      0.016029      0.931152      0.915123      0.017214      0.034380      0.957042      0.466235      0.972948      0.923041      1.193408      3.845385    226.117203      0.005225
    2.000000      0.015281      0.876688      0.861407      0.017430      0.033614      0.907663      0.454608      0.965874      0.915147      1.194689      3.787275    199.804733      0.003658
    3.000000      0.014544      0.824829      0.810285      0.017633      0.032165      0.859799      0.452169      0.959328      0.908428      1.215197      3.646746    176.365173      0.003135
    4.000000      0.013722      0.775700      0.761978      0.017690      0.030422      0.814023      0.451057      0.952921      0.902341      1.285083      3.661991    155.661377      0.002874
  100.000000      0.000000      0.000985      0.000985      0.000000      0.000000      0.001223      0.000000      0.805464      0.805464      0.000000      0.000000      0.002613      0.000000
 * The above water reflectance is actually an albedo calculation
   depth (m)           Eu            Ed             E            R*           Eou           Eod     meancosUP    meancosDown      meancos            rd            rup            Ld            Lu
    0.000000      0.027569      1.000000      0.972431      0.027569      0.033114      1.000000      0.832549      1.000000      0.941262      0.000000      0.000000    261.269745      5.225395
    0.000000      0.016244      0.988675      0.972431      0.016430      0.035739      1.007201      0.454523      0.981606      0.932394      1.198947      4.024135    256.047729      0.003919
    1.000000      0.015444      0.930121      0.914677      0.016604      0.033959      0.955454      0.454788      0.973486      0.924465      1.206081      3.609138    225.904526      0.003658
    2.000000      0.014654      0.874464      0.859810      0.016758      0.032511      0.904619      0.450745      0.966666      0.917493      1.223278      4.010539    199.257370      0.003658
    3.000000      0.013892      0.821774      0.807882      0.016905      0.031399      0.856274      0.442440      0.959709      0.910113      1.199039      3.910656    175.697372      0.003658
    4.000000      0.013178      0.772141      0.758963      0.017067      0.029696      0.809680      0.443770      0.953638      0.904200      1.288326      3.859296    154.877823      0.003658
  100.000000      0.000000      0.000901      0.000901      0.000000      0.000000      0.001090      0.000000      0.826679      0.826679      0.000000      0.000000      0.002874      0.000000
 * The above water reflectance is actually an albedo calculation
   depth (m)           Eu            Ed             E            R*           Eou           Eod     meancosUP    meancosDown      meancos            rd            rup            Ld            Lu
    0.000000      0.027389      1.000000      0.972611      0.027389      0.032686      1.000000      0.837953      1.000000      0.941827      0.000000      0.000000    261.269745      5.241071
    0.000000      0.015887      0.988498      0.972611      0.016072      0.035448      1.007162      0.448184      0.981469      0.932862      1.188701      3.942511    256.032074      0.003919
    1.000000      0.014978      0.928139      0.913161      0.016138      0.033550      0.953011      0.446439      0.973901      0.925600      1.224482      3.902374    225.251617      0.003397
    2.000000      0.014182      0.871100      0.856918      0.016281      0.031979      0.900549      0.443482      0.967299      0.918920      1.203905      3.844915    198.240768      0.002874
    3.000000      0.013447      0.816883      0.803436      0.016461      0.030294      0.850565      0.443886      0.960401      0.912106      1.208513      4.287718    174.428635      0.002613
    4.000000      0.012712      0.766134      0.753422      0.016592      0.028689      0.803577      0.443093      0.953405      0.905266      1.275697      3.872756    153.548752      0.001829
  100.000000      0.000000      0.000711      0.000711      0.000000      0.000000      0.000868      0.000000      0.819444      0.819444      0.000000      0.000000      0.002351      0.000000
 * The above water reflectance is actually an albedo calculation
   depth (m)           Eu            Ed             E            R*           Eou           Eod     meancosUP    meancosDown      meancos            rd            rup            Ld            Lu
    0.000000      0.026765      1.000000      0.973235      0.026765      0.031709      1.000000      0.844095      1.000000      0.943324      0.000000      0.000000    261.269745      5.193258
    0.000000      0.014692      0.987927      0.973235      0.014872      0.031588      1.003947      0.465111      0.984043      0.939838      1.185912      4.082583    256.078827      0.003135
    1.000000      0.013989      0.924630      0.910641      0.015129      0.031360      0.948044      0.446080      0.975303      0.929791      1.203053      3.819520    224.521103      0.002874
    2.000000      0.013117      0.864807      0.851690      0.015168      0.028698      0.893013      0.457066      0.968415      0.924031      1.210828      4.262725    196.856033      0.002613
    3.000000      0.012332      0.808864      0.796532      0.015246      0.027769      0.841409      0.444090      0.961321      0.916420      1.200645      3.905648    172.694077      0.003135
    4.000000      0.011582      0.755725      0.744143      0.015326      0.026541      0.790814      0.436380      0.955629      0.910428      1.284432      3.889639    151.266296      0.002874
  100.000000      0.000000      0.000501      0.000501      0.000000      0.000000      0.000603      0.000000      0.831422      0.831422      0.000000      0.000000      0.001568      0.000000
 * The above water reflectance is actually an albedo calculation
   depth (m)           Eu            Ed             E            R*           Eou           Eod     meancosUP    meancosDown      meancos            rd            rup            Ld            Lu
    0.000000      0.026181      1.000000      0.973819      0.026181      0.030640      1.000000      0.854480      1.000000      0.944869      0.000000      0.000000    261.269745      5.194043
    0.000000      0.013622      0.987441      0.973819      0.013795      0.029525      1.002594      0.461378      0.984886      0.943514      1.189747      4.379979    256.078308      0.004180
    1.000000      0.012796      0.921026      0.908230      0.013893      0.028585      0.943951      0.447653      0.975713      0.933878      1.180335      3.949166    223.738342      0.004180
    2.000000      0.012096      0.858437      0.846341      0.014091      0.027069      0.885538      0.446864      0.969396      0.927388      1.206976      4.220785    195.477310      0.004180
    3.000000      0.011346      0.799811      0.788465      0.014186      0.025451      0.831508      0.445805      0.961881      0.920074      1.221356      4.241873    170.693008      0.004442
    4.000000      0.010478      0.744767      0.734289      0.014069      0.024101      0.778648      0.434756      0.956487      0.914718      1.278210      3.968753    149.041061      0.004703
  100.000000      0.000000      0.000351      0.000351      0.000000      0.000000      0.000417      0.000000      0.841599      0.841599      0.000000      0.000000      0.000784      0.000000
 * The above water reflectance is actually an albedo calculation
   depth (m)           Eu            Ed             E            R*           Eou           Eod     meancosUP    meancosDown      meancos            rd            rup            Ld            Lu
    0.000000      0.025789      1.000000      0.974211      0.025789      0.029916      1.000000      0.862048      1.000000      0.945913      0.000000      0.000000    261.269745      5.203448
    0.000000      0.012676      0.986887      0.974211      0.012844      0.027596      1.001123      0.459347      0.985780      0.947013      1.175961      4.186732    256.068634      0.002874
    1.000000      0.011830      0.915955      0.904125      0.012915      0.025917      0.937216      0.456465      0.977315      0.938734      1.196318      4.166484    222.645187      0.002874
    2.000000      0.011075      0.850059      0.838984      0.013029      0.024971      0.877039      0.443513      0.969237      0.930127      1.202496      4.563787    193.483307      0.003397
    3.000000      0.010317      0.787915      0.777598      0.013094      0.022953      0.817995      0.449479      0.963228      0.924668      1.213856      4.266527    167.998276      0.002613
    4.000000      0.009604      0.730187      0.720583      0.013153      0.021948      0.763059      0.437586      0.956921      0.917932      1.268453      4.050849    145.977676      0.002090
  100.000000      0.000000      0.000204      0.000204      0.000000      0.000000      0.000244      0.000000      0.836119      0.836119      0.000000      0.000000      0.000523      0.000000
 * The above water reflectance is actually an albedo calculation
   depth (m)           Eu            Ed             E            R*           Eou           Eod     meancosUP    meancosDown      meancos            rd            rup            Ld            Lu
    0.000000      0.025794      1.000000      0.974206      0.025794      0.029825      1.000000      0.864841      1.000000      0.945992      0.000000      0.000000    261.269745      5.294631
    0.000000      0.011799      0.986005      0.974206      0.011966      0.025664      0.999232      0.459747      0.986763      0.950542      1.165619      4.596415    255.976944      0.002874
    1.000000      0.011124      0.912085      0.900961      0.012196      0.024544      0.932457      0.453219      0.978152      0.941442      1.200356      4.047793    221.580505      0.002613
    2.000000      0.010377      0.842704      0.832327      0.012314      0.023512      0.868268      0.441349      0.970557      0.933332      1.219474      4.279000    191.671661      0.002351
    3.000000      0.009569      0.777977      0.768408      0.012300      0.021561      0.806629      0.443809      0.964479      0.927816      1.199600      4.227328    165.733063      0.002090
    4.000000      0.008880      0.718228      0.709348      0.012364      0.019774      0.749438      0.449063      0.958355      0.922174      1.263855      4.249883    143.374130      0.002613
  100.000000      0.000000      0.000119      0.000119      0.000000      0.000000      0.000134      0.000000      0.890701      0.890701      0.000000      0.000000      0.000000      0.000000
 * The above water reflectance is actually an albedo calculation
   depth (m)           Eu            Ed             E            R*           Eou           Eod     meancosUP    meancosDown      meancos            rd            rup            Ld            Lu
    0.000000      0.025658      1.000000      0.974342      0.025658      0.029704      1.000000      0.863800      1.000000      0.946235      0.000000      0.000000    261.269745      5.272685
    0.000000      0.011899      0.986241      0.974342      0.012065      0.026301      1.000001      0.452412      0.986240      0.949371      1.195441      4.320590    255.998367      0.002090
    1.000000      0.010960      0.911377      0.900417      0.012026      0.024522      0.932225      0.446942      0.977636      0.941123      1.184096      4.156311    221.326553      0.002351
    2.000000      0.010246      0.841748      0.831502      0.012172      0.023124      0.867597      0.443093      0.970206      0.933516      1.193430      4.221453    191.397858      0.002090
    3.000000      0.009488      0.776888      0.767400      0.012213      0.021876      0.805751      0.433719      0.964179      0.927229      1.210588      4.396785    165.356323      0.002090
    4.000000      0.008734      0.717047      0.708313      0.012181      0.020392      0.748358      0.428312      0.958160      0.921383      1.260533      4.130995    143.103973      0.001568
  100.000000      0.000000      0.000131      0.000131      0.000000      0.000000      0.000150      0.000000      0.876248      0.876248      0.000000      0.000000      0.000523      0.000000
 * The above water reflectance is actually an albedo calculation
   depth (m)           Eu            Ed             E            R*           Eou           Eod     meancosUP    meancosDown      meancos            rd            rup            Ld            Lu
    0.000000      0.025307      1.000000      0.974693      0.025307      0.029029      1.000000      0.871790      1.000000      0.947197      0.000000      0.000000    261.269745      5.219647
    0.000000      0.011586      0.986279      0.974693      0.011747      0.026107      1.000223      0.443795      0.986059      0.949688      1.191616      4.630008    256.052460      0.002613
    1.000000      0.010783      0.911500      0.900717      0.011830      0.023975      0.932096      0.449752      0.977904      0.942102      1.184291      4.390866    221.208740      0.002874
    2.000000      0.009966      0.842472      0.832506      0.011829      0.022650      0.867600      0.439994      0.971037      0.935137      1.208540      4.573153    191.340363      0.003658
    3.000000      0.009311      0.777566      0.768255      0.011975      0.021685      0.806304      0.429372      0.964358      0.927856      1.229957      4.667633    165.304581      0.003919
    4.000000      0.008663      0.717906      0.709243      0.012067      0.020074      0.748694      0.431548      0.958877      0.922570      1.278217      4.346251    142.984055      0.002874
  100.000000      0.000000      0.000120      0.000120      0.000000      0.000000      0.000142      0.000000      0.844035      0.844035      0.000000      0.000000      0.000784      0.000000
 * The above water reflectance is actually an albedo calculation
   depth (m)           Eu            Ed             E            R*           Eou           Eod     meancosUP    meancosDown      meancos            rd            rup            Ld            Lu
    0.000000      0.024902      1.000000      0.975098      0.024902      0.028710      1.000000      0.867356      1.000000      0.947884      0.000000      0.000000    261.269745      5.149627
    0.000000      0.011518      0.986616      0.975098      0.011674      0.025426      0.999906      0.453004      0.986709      0.951008      1.189429      4.198428    256.122223      0.002090
    1.000000      0.010698      0.911769      0.901071      0.011733      0.024028      0.931810      0.445224      0.978493      0.942703      1.194017      4.504307    221.221786      0.001568
    2.000000      0.009927      0.841647      0.831720      0.011795      0.022131      0.867363      0.448553      0.970351      0.935048      1.224920      4.382475    191.052979      0.001306
    3.000000      0.009270      0.776571      0.767301      0.011937      0.021378      0.805826      0.433632      0.963695      0.927584      1.219725      4.249729    164.925476      0.002351
    4.000000      0.008644      0.715644      0.707000      0.012079      0.020181      0.746770      0.428316      0.958319      0.921832      1.271918      4.334958    142.260590      0.002090
  100.000000      0.000000      0.000108      0.000108      0.000000      0.000000      0.000133      0.000000      0.814445      0.814445      0.000000      0.000000      0.000261      0.000000
 * The above water reflectance is actually an albedo calculation
   depth (m)           Eu            Ed             E            R*           Eou           Eod     meancosUP    meancosDown      meancos            rd            rup            Ld            Lu
    0.000000      0.025106      1.000000      0.974894      0.025106      0.028843      1.000000      0.870425      1.000000      0.947563      0.000000      0.000000    261.269745      5.226963
    0.000000      0.011021      0.985915      0.974894      0.011178      0.024271      0.998569      0.454086      0.987328      0.953125      1.183687      4.552663    256.044067      0.001306
    1.000000      0.010260      0.909120      0.898860      0.011286      0.022944      0.928920      0.447181      0.978685      0.944316      1.193100      4.632284    220.557907      0.001568
    2.000000      0.009452      0.837937      0.828485      0.011280      0.021387      0.862997      0.441942      0.970961      0.936792      1.213590      4.659475    190.012085      0.001568
    3.000000      0.008840      0.772089      0.763249      0.011449      0.019981      0.800762      0.442415      0.964192      0.929948      1.222564      4.607597    163.722336      0.001306
    4.000000      0.008184      0.710585      0.702401      0.011517      0.018875      0.741539      0.433590      0.958257      0.923708      1.274744      4.310609    140.907730      0.001568
  100.000000      0.000000      0.000120      0.000120      0.000000      0.000000      0.000141      0.000000      0.852947      0.852947      0.000000      0.000000      0.000000      0.000000
 * The above water reflectance is actually an albedo calculation
   depth (m)           Eu            Ed             E            R*           Eou           Eod     meancosUP    meancosDown      meancos            rd            rup            Ld            Lu
    0.000000      0.024831      1.000000      0.975169      0.024831      0.028144      1.000000      0.882294      1.000000      0.948475      0.000000      0.000000    261.269745      5.234540
    0.000000      0.010421      0.985590      0.975169      0.010573      0.022864      0.997505      0.455774      0.988055      0.955702      1.192604      5.292002    256.037018      0.002613
    1.000000      0.009839      0.906807      0.896968      0.010850      0.022173      0.926002      0.443742      0.979271      0.945994      1.185628      4.730398    220.174622      0.002090
    2.000000      0.009135      0.832901      0.823766      0.010968      0.020377      0.857313      0.448307      0.971525      0.938562      1.212837      4.689510    188.926773      0.002874
    3.000000      0.008465      0.764589      0.756124      0.011071      0.018972      0.791639      0.446177      0.965831      0.932783      1.191080      4.867091    162.132507      0.002874
    4.000000      0.007794      0.702215      0.694421      0.011099      0.017677      0.732283      0.440919      0.958940      0.925945      1.272161      4.384870    139.295181      0.002351
  100.000000      0.000000      0.000089      0.000089      0.000000      0.000000      0.000102      0.000000      0.876361      0.876361      0.000000      0.000000      0.000000      0.000000
 * The above water reflectance is actually an albedo calculation
   depth (m)           Eu            Ed             E            R*           Eou           Eod     meancosUP    meancosDown      meancos            rd            rup            Ld            Lu
    0.000000      0.024476      1.000000      0.975524      0.024476      0.027635      1.000000      0.885692      1.000000      0.949291      0.000000      0.000000    261.269745      5.208151
    0.000000      0.010022      0.985546      0.975524      0.010169      0.022175      0.997199      0.451951      0.988314      0.956983      1.176693      4.833964    256.062897      0.002090
    1.000000      0.009285      0.903836      0.894551      0.010273      0.021063      0.922234      0.440812      0.980050      0.948323      1.179528      4.770544    219.347183      0.002613
    2.000000      0.008552      0.827636      0.819084      0.010333      0.019144      0.851107      0.446720      0.972423      0.941205      1.198760      4.365319    187.662231      0.003135
    3.000000      0.007851      0.757584      0.749733      0.010363      0.017540      0.784041      0.447602      0.966256      0.935318      1.204488      5.116084    160.606949      0.003135
    4.000000      0.007222      0.692772      0.685550      0.010425      0.016543      0.721591      0.436572      0.960062      0.928761      1.270812      4.575036    137.316849      0.001829
  100.000000      0.000000      0.000056      0.000056      0.000000      0.000000      0.000064      0.000000      0.877418      0.877418      0.000000      0.000000      0.000261      0.000000
 * The above water reflectance is actually an albedo calculation
   depth (m)           Eu            Ed             E            R*           Eou           Eod     meancosUP    meancosDown      meancos            rd            rup            Ld            Lu
    0.000000      0.024250      1.000000      0.975750      0.024250      0.027262      1.000000      0.889528      1.000000      0.949855      0.000000      0.000000    261.269745      5.201097
    0.000000      0.009554      0.985304      0.975750      0.009696      0.021088      0.996395      0.453059      0.988869      0.958984      1.169134      5.058210    256.070221      0.002351
    1.000000      0.008834      0.900908      0.892074      0.009806      0.019557      0.918911      0.451705      0.980409      0.950564      1.189683      4.519578    218.690094      0.002090
    2.000000      0.008231      0.823450      0.815219      0.009996      0.018668      0.846340      0.440905      0.972955      0.942441      1.198006      4.897441    186.740189      0.002874
    3.000000      0.007660      0.752047      0.744387      0.010186      0.017689      0.778345      0.433038      0.966213      0.935120      1.208521      4.670532    159.348160      0.002613
    4.000000      0.007089      0.686059      0.678970      0.010333      0.016618      0.714379      0.426581      0.960357      0.928827      1.264836      4.498873    135.958496      0.002351
  100.000000      0.000000      0.000036      0.000036      0.000000      0.000000      0.000043      0.000000      0.840278      0.840278      0.000000      0.000000      0.000000      0.000000
 * The above water reflectance is actually an albedo calculation
   depth (m)           Eu            Ed             E            R*           Eou           Eod     meancosUP    meancosDown      meancos            rd            rup            Ld            Lu
    0.000000      0.024335      1.000000      0.975665      0.024335      0.027256      1.000000      0.892842      1.000000      0.949778      0.000000      0.000000    261.269745      5.260666
    0.000000      0.009312      0.984977      0.975665      0.009454      0.021045      0.996282      0.442489      0.988653      0.959048      1.174381      4.621052    256.010651      0.001568
    1.000000      0.008477      0.898243      0.889766      0.009437      0.019047      0.916182      0.445056      0.980420      0.951389      1.187972      4.944983    217.996414      0.001045
    2.000000      0.007813      0.817842      0.810029      0.009553      0.017516      0.840619      0.446049      0.972905      0.943941      1.193009      5.023840    185.363831      0.002090
    3.000000      0.007249      0.744110      0.736861      0.009742      0.016763      0.769891      0.432451      0.966514      0.936704      1.237799      5.054952    157.618027      0.002090
    4.000000      0.006681      0.677103      0.670422      0.009867      0.015880      0.705115      0.420713      0.960273      0.929857      1.264834      4.544677    134.118637      0.001306
  100.000000      0.000000      0.000040      0.000040      0.000000      0.000000      0.000047      0.000000      0.851031      0.851031      0.000000      0.000000      0.000000      0.000000
 * The above water reflectance is actually an albedo calculation
   depth (m)           Eu            Ed             E            R*           Eou           Eod     meancosUP    meancosDown      meancos            rd            rup            Ld            Lu
    0.000000      0.024060      1.000000      0.975940      0.024060      0.026855      1.000000      0.895920      1.000000      0.950416      0.000000      0.000000    261.269745      5.250999
    0.000000      0.008773      0.984713      0.975940      0.008909      0.019438      0.994964      0.451324      0.989697      0.962084      1.163701      4.631563    256.020844      0.002351
    1.000000      0.008145      0.895556      0.887411      0.009095      0.018600      0.913049      0.437900      0.980841      0.952516      1.197895      5.212547    217.381393      0.001829
    2.000000      0.007457      0.813973      0.806516      0.009161      0.017096      0.836172      0.436173      0.973452      0.945208      1.186486      4.840313    184.590729      0.001829
    3.000000      0.006842      0.739409      0.732567      0.009253      0.015905      0.764209      0.430175      0.967548      0.939051      1.208405      4.527594    156.839691      0.002613
    4.000000      0.006205      0.670755      0.664550      0.009251      0.014557      0.697723      0.426247      0.961348      0.932989      1.262231      4.384984    132.945282      0.002351
  100.000000      0.000000      0.000021      0.000021      0.000000      0.000000      0.000024      0.000000      0.859273      0.859273      0.000000      0.000000      0.000000      0.000000
 * The above water reflectance is actually an albedo calculation
   depth (m)           Eu            Ed             E            R*           Eou           Eod     meancosUP    meancosDown      meancos            rd            rup            Ld            Lu
    0.000000      0.023888      1.000000      0.976112      0.023888      0.026725      1.000000      0.893833      1.000000      0.950704      0.000000      0.000000    261.269745      5.223827
    0.000000      0.008515      0.984627      0.976112      0.008648      0.019072      0.994760      0.446465      0.989814      0.962795      1.181582      4.216375    256.048004      0.002613
    1.000000      0.007676      0.890010      0.882334      0.008625      0.016807      0.906411      0.456720      0.981905      0.955716      1.156914      4.667832    216.010773      0.001829
    2.000000      0.006983      0.804568      0.797585      0.008679      0.015569      0.825669      0.448528      0.974444      0.948109      1.208375      4.826327    182.547073      0.001829
    3.000000      0.006295      0.726913      0.720618      0.008660      0.014767      0.750458      0.426282      0.968626      0.941707      1.212314      5.214356    154.308533      0.001045
    4.000000      0.005688      0.656421      0.650733      0.008665      0.013550      0.681860      0.419769      0.962692      0.935754      1.249664      4.878344    130.289215      0.001568
  100.000000      0.000000      0.000014      0.000014      0.000000      0.000000      0.000016      0.000000      0.875190      0.875190      0.000000      0.000000      0.000000      0.000000
 * The above water reflectance is actually an albedo calculation
   depth (m)           Eu            Ed             E            R*           Eou           Eod     meancosUP    meancosDown      meancos            rd            rup            Ld            Lu
    0.000000      0.022909      1.000000      0.977091      0.022909      0.025286      1.000000      0.905980      1.000000      0.952993      0.000000      0.000000    261.269745      5.135518
    0.000000      0.007386      0.984477      0.977091      0.007502      0.017040      0.993881      0.433439      0.990538      0.966535      1.159774      5.486117    256.135010      0.001306
    1.000000      0.006643      0.880427      0.873784      0.007545      0.015028      0.896329      0.442035      0.982259      0.958772      1.205954      5.823508    213.825500      0.001045
    2.000000      0.006037      0.786944      0.780907      0.007671      0.013632      0.807001      0.442857      0.975146      0.951591      1.202733      5.238666    178.539978      0.001306
    3.000000      0.005426      0.703368      0.697942      0.007714      0.012464      0.725261      0.435345      0.969814      0.946074      1.203141      5.051790    149.246689      0.001306
    4.000000      0.004883      0.627690      0.622807      0.007779      0.011376      0.651264      0.429249      0.963802      0.939887      1.249422      4.874804    124.655190      0.001829
  100.000000      0.000000      0.000004      0.000004      0.000000      0.000000      0.000005      0.000000      0.881048      0.881048      0.000000           NaN      0.000261      0.000000
 * The above water reflectance is actually an albedo calculation
   depth (m)           Eu            Ed             E            R*           Eou           Eod     meancosUP    meancosDown      meancos            rd            rup            Ld            Lu
    0.000000      0.022973      1.000000      0.977027      0.022973      0.024979      1.000000      0.919686      1.000000      0.953216      0.000000      0.000000    261.269745      5.265108
    0.000000      0.006329      0.983356      0.977027      0.006436      0.013853      0.990634      0.456880      0.992653      0.972663      1.161065      5.241758    256.005676      0.001568
    1.000000      0.005586      0.866330      0.860744      0.006448      0.012440      0.880808      0.449031      0.983562      0.963611      1.163102      4.600544    210.653702      0.000784
    2.000000      0.004991      0.761836      0.756845      0.006551      0.011573      0.779193      0.431253      0.977724      0.957103      1.177451      4.510992    173.124634      0.001306
    3.000000      0.004452      0.669489      0.665037      0.006650      0.010215      0.688980      0.435846      0.971711      0.951147      1.179177      5.549037    142.239166      0.001045
    4.000000      0.003982      0.588239      0.584257      0.006769      0.009341      0.608838      0.426276      0.966167      0.945125      1.220293      4.721169    117.033432      0.001306
  100.000000      0.000000      0.000001      0.000001      0.000000      0.000000      0.000001      0.000000      0.945518      0.945518      0.000000      0.000000      0.000000      0.000000
 * The above water reflectance is actually an albedo calculation
   depth (m)           Eu            Ed             E            R*           Eou           Eod     meancosUP    meancosDown      meancos            rd            rup            Ld            Lu
    0.000000      0.022459      1.000000      0.977541      0.022459      0.024076      1.000000      0.932843      1.000000      0.954559      0.000000      0.000000    261.269745      5.220692
    0.000000      0.005320      0.982861      0.977541      0.005413      0.011909      0.989254      0.446708      0.993537      0.976405      1.155686      5.616197    256.050354      0.001568
    1.000000      0.004612      0.847810      0.843198      0.005440      0.010457      0.860318      0.441048      0.985461      0.968330      1.158320      4.842037    206.029999      0.001568
    2.000000      0.004005      0.730731      0.726726      0.005481      0.009570      0.746986      0.418487      0.978239      0.960571      1.186263      5.238693    165.845154      0.001306
    3.000000      0.003526      0.629779      0.626253      0.005599      0.008061      0.647234      0.437439      0.973031      0.955682      1.173118      5.337403    133.620407      0.000784
    4.000000      0.003097      0.541681      0.538584      0.005717      0.007206      0.559668      0.429751      0.967862      0.950094      1.216623      5.104789    107.563705      0.000784
  100.000000      0.000000      0.000000      0.000000      0.000000      0.000000      0.000000      0.000000      0.000000      0.000000      0.000000      0.000000      0.000000      0.000000
 * The above water reflectance is actually an albedo calculation
   depth (m)           Eu            Ed             E            R*           Eou           Eod     meancosUP    meancosDown      meancos            rd            rup            Ld            Lu
    0.000000      0.021702      1.000000      0.978298      0.021702      0.023017      1.000000      0.942866      1.000000      0.956287      0.000000      0.000000    261.269745      5.155114
    0.000000      0.004345      0.982643      0.978298      0.004422      0.009891      0.988061      0.439282      0.994517      0.980306      1.155058      5.771945    256.115143      0.000523
    1.000000      0.003697      0.824342      0.820645      0.004485      0.008375      0.835368      0.441418      0.986801      0.972624      1.160877      5.784107    200.494476      0.001568
    2.000000      0.003093      0.690461      0.687368      0.004480      0.007068      0.704395      0.437614      0.980219      0.966133      1.191613      6.226320    156.949951      0.001306
    3.000000      0.002640      0.578031      0.575391      0.004567      0.006025      0.593023      0.438179      0.974719      0.960508      1.189762      5.578276    122.864967      0.000784
    4.000000      0.002203      0.483578      0.481375      0.004556      0.005129      0.498817      0.429506      0.969449      0.955210      1.205776      5.498696     96.223030      0.000261
  100.000000      0.000000      0.000000      0.000000      0.000000      0.000000      0.000000      0.000000      0.000000      0.000000      0.000000      0.000000      0.000000      0.000000
 * The above water reflectance is actually an albedo calculation
   depth (m)           Eu            Ed             E            R*           Eou           Eod     meancosUP    meancosDown      meancos            rd            rup            Ld            Lu
    0.000000      0.021422      1.000000      0.978578      0.021422      0.022577      1.000000      0.948833      1.000000      0.956972      0.000000      0.000000    261.269745      5.169483
    0.000000      0.003603      0.982181      0.978578      0.003668      0.007735      0.986206      0.465811      0.995919      0.984544      1.152861      4.945089    256.101288      0.001306
    1.000000      0.003022      0.789117      0.786095      0.003830      0.006802      0.799121      0.444281      0.987481      0.975397      1.159725      4.905533    192.156067      0.001306
    2.000000      0.002420      0.633366      0.630946      0.003821      0.005434      0.645009      0.445378      0.981949      0.970026      1.182547      4.784830    144.254608      0.001045
    3.000000      0.001958      0.507441      0.505483      0.003859      0.004457      0.519533      0.439289      0.976726      0.964681      1.162292      6.647214    108.195198      0.000784
    4.000000      0.001510      0.406122      0.404612      0.003718      0.003332      0.417569      0.453176      0.972585      0.961298      1.179027      5.562296     81.088982      0.000523
  100.000000      0.000000      0.000000      0.000000      0.000000      0.000000      0.000000      0.000000      0.000000      0.000000      0.000000      0.000000      0.000000      0.000000
 * The above water reflectance is actually an albedo calculation
   depth (m)           Eu            Ed             E            R*           Eou           Eod     meancosUP    meancosDown      meancos            rd            rup            Ld            Lu
    0.000000      0.021537      1.000000      0.978463      0.021537      0.022431      1.000000      0.960130      1.000000      0.956996      0.000000      0.000000    261.269745      5.275036
    0.000000      0.002967      0.981430      0.978463      0.003023      0.006444      0.984847      0.460445      0.996530      0.987059      1.135323      5.327430    255.995239      0.000523
    1.000000      0.002346      0.755383      0.753037      0.003106      0.005225      0.764194      0.448980      0.988470      0.978708      1.140321      5.744611    183.823898      0.000523
    2.000000      0.001902      0.580322      0.578420      0.003277      0.004246      0.590616      0.447933      0.982572      0.972361      1.170637      4.565638    132.037369      0.000784
    3.000000      0.001450      0.445615      0.444165      0.003254      0.003367      0.455780      0.430690      0.977698      0.967371      1.166248      4.937312     94.949608      0.000784
    4.000000      0.001065      0.341358      0.340293      0.003120      0.002285      0.350313      0.466004      0.974438      0.965102      1.157657      5.459615     68.202896      0.000784
  100.000000      0.000000      0.000000      0.000000      0.000000      0.000000      0.000000      0.000000      0.000000      0.000000      0.000000      0.000000      0.000000      0.000000
 * The above water reflectance is actually an albedo calculation
   depth (m)           Eu            Ed             E            R*           Eou           Eod     meancosUP    meancosDown      meancos            rd            rup            Ld            Lu
    0.000000      0.020919      1.000000      0.979081      0.020919      0.021728      1.000000      0.962756      1.000000      0.958260      0.000000      0.000000    261.269745      5.145969
    0.000000      0.002642      0.981723      0.979081      0.002691      0.005929      0.984950      0.445603      0.996723      0.988093      1.152310      6.739750    256.124298      0.000523
    1.000000      0.002017      0.736852      0.734835      0.002737      0.004372      0.744802      0.461353      0.989326      0.980860      1.170324      5.191277    179.478470      0.000261
    2.000000      0.001549      0.551376      0.549827      0.002809      0.003478      0.560617      0.445378      0.983516      0.974706      1.158928      6.149357    125.662651      0.000261
    3.000000      0.001149      0.412706      0.411557      0.002784      0.002676      0.421589      0.429348      0.978930      0.970047      1.153485      5.666368     88.074287      0.000261
    4.000000      0.000817      0.308099      0.307282      0.002652      0.001874      0.315992      0.435982      0.975020      0.966702      1.163314      5.270517     61.660442      0.000261
  100.000000      0.000000      0.000000      0.000000      0.000000      0.000000      0.000000      0.000000      0.000000      0.000000      0.000000      0.000000      0.000000      0.000000
 * The above water reflectance is actually an albedo calculation
   depth (m)           Eu            Ed             E            R*           Eou           Eod     meancosUP    meancosDown      meancos            rd            rup            Ld            Lu
    0.000000      0.021287      1.000000      0.978713      0.021287      0.022089      1.000000      0.963678      1.000000      0.957561      0.000000      0.000000    261.269745      5.254919
    0.000000      0.002498      0.981211      0.978713      0.002546      0.005400      0.984040      0.462588      0.997125      0.989159      1.142251      7.751235    256.015350      0.000523
    1.000000      0.001855      0.722392      0.720537      0.002568      0.004337      0.730296      0.427752      0.989177      0.980813      1.158967      6.064085    176.051132      0.000261
    2.000000      0.001346      0.530752      0.529406      0.002536      0.003017      0.539359      0.446074      0.984042      0.976086      1.156167      6.622109    121.113419      0.000261
    3.000000      0.000989      0.389543      0.388554      0.002539      0.002243      0.397667      0.440956      0.979571      0.971604      1.173767      5.817362     83.314217      0.000000
    4.000000      0.000759      0.285402      0.284643      0.002659      0.001775      0.292186      0.427505      0.976780      0.968299      1.154082      5.537990     57.298546      0.000523
  100.000000      0.000000      0.000000      0.000000      0.000000      0.000000      0.000000      0.000000      0.000000      0.000000      0.000000      0.000000      0.000000      0.000000
 * The above water reflectance is actually an albedo calculation
   depth (m)           Eu            Ed             E            R*           Eou           Eod     meancosUP    meancosDown      meancos            rd            rup            Ld            Lu
    0.000000      0.020952      1.000000      0.979048      0.020952      0.021697      1.000000      0.965657      1.000000      0.958257      0.000000      0.000000    261.269745      5.190907
    0.000000      0.002391      0.981439      0.979048      0.002436      0.005342      0.984365      0.447619      0.997027      0.989231      1.128727      6.581810    256.079620      0.000784
    1.000000      0.001727      0.713662      0.711935      0.002420      0.003889      0.721286      0.444029      0.989430      0.981742      1.133915      4.391354    173.909225      0.000523
    2.000000      0.001227      0.518879      0.517652      0.002365      0.002753      0.527118      0.445740      0.984370      0.976941      1.155201      5.273444    118.465714      0.000261
    3.000000      0.000869      0.376231      0.375362      0.002310      0.002013      0.383903      0.431790      0.980017      0.972654      1.174426      5.666742     80.516800      0.000000
    4.000000      0.000648      0.272997      0.272349      0.002374      0.001454      0.279685      0.445783      0.976089      0.968737      1.161847      4.985600     54.825890      0.000261
  100.000000      0.000000      0.000001      0.000001      0.000000      0.000000      0.000001      0.000000      1.000000      1.000000      0.000000      0.000000      0.000261      0.000000
 * The above water reflectance is actually an albedo calculation
   depth (m)           Eu            Ed             E            R*           Eou           Eod     meancosUP    meancosDown      meancos            rd            rup            Ld            Lu
    0.000000      0.020816      1.000000      0.979184      0.020816      0.021496      1.000000      0.968369      1.000000      0.958578      0.000000      0.000000    261.269745      5.171834
    0.000000      0.002221      0.981405      0.979184      0.002263      0.004844      0.983987      0.458512      0.997376      0.990244      1.134132      5.280556    256.098694      0.000784
    1.000000      0.001644      0.709391      0.707747      0.002317      0.003475      0.716558      0.473038      0.989997      0.982936      1.151654      5.859280    173.028244      0.000523
    2.000000      0.001211      0.511010      0.509799      0.002370      0.002858      0.518841      0.423735      0.984906      0.977190      1.131530      5.536021    116.757790      0.000000
    3.000000      0.000832      0.367401      0.366569      0.002265      0.001895      0.374888      0.439074      0.980028      0.972892      1.175081      5.583436     78.740952      0.000000
    4.000000      0.000617      0.263991      0.263374      0.002337      0.001462      0.270288      0.422069      0.976704      0.969180      1.134007      5.867813     53.073811      0.000000
  100.000000      0.000000      0.000000      0.000000      0.000000      0.000000      0.000000      0.000000      0.000000      0.000000      0.000000      0.000000      0.000000      0.000000
 * The above water reflectance is actually an albedo calculation
   depth (m)           Eu            Ed             E            R*           Eou           Eod     meancosUP    meancosDown      meancos            rd            rup            Ld            Lu
    0.000000      0.021059      1.000000      0.978941      0.021059      0.021733      1.000000      0.968981      1.000000      0.958118      0.000000      0.000000    261.269745      5.247603
    0.000000      0.002179      0.981120      0.978941      0.002221      0.004880      0.983766      0.446534      0.997310      0.990184      1.149134      5.740385    256.022400      0.000261
    1.000000      0.001586      0.704810      0.703224      0.002250      0.003515      0.711838      0.451169      0.990128      0.983045      1.137523      6.035170    172.039322      0.000000
    2.000000      0.001126      0.504547      0.503421      0.002232      0.002559      0.512337      0.440033      0.984795      0.977714      1.125176      5.802670    115.363655      0.000000
    3.000000      0.000831      0.361083      0.360252      0.002301      0.001889      0.368227      0.439915      0.980599      0.973348      1.152638      7.267088     77.418411      0.000000
    4.000000      0.000624      0.258294      0.257670      0.002416      0.001472      0.264281      0.424029      0.977347      0.969587      1.154220      6.019920     52.080463      0.000000
  100.000000      0.000000      0.000000      0.000000      0.000000      0.000000      0.000000      0.000000      0.000000      0.000000      0.000000      0.000000      0.000000      0.000000
 * The above water reflectance is actually an albedo calculation
   depth (m)           Eu            Ed             E            R*           Eou           Eod     meancosUP    meancosDown      meancos            rd            rup            Ld            Lu
    0.000000      0.020916      1.000000      0.979084      0.020916      0.021567      1.000000      0.969811      1.000000      0.958414      0.000000      0.000000    261.269745      5.202403
    0.000000      0.002188      0.981272      0.979084      0.002230      0.004633      0.983674      0.472263      0.997558      0.990667      1.132800      4.686019    256.067352      0.000000
    1.000000      0.001576      0.700455      0.698879      0.002250      0.003647      0.707371      0.432121      0.990223      0.982927      1.143126      5.559853    171.016724      0.000261
    2.000000      0.001144      0.499466      0.498322      0.002290      0.002388      0.507022      0.479009      0.985098      0.978234      1.148521      6.270238    114.300285      0.000000
    3.000000      0.000770      0.355345      0.354575      0.002167      0.001663      0.362361      0.462897      0.980639      0.974042      1.161263      7.402056     76.299911      0.000000
    4.000000      0.000553      0.252420      0.251867      0.002191      0.001341      0.258189      0.412509      0.977657      0.970476      1.182180      6.399744     50.912853      0.000000
  100.000000      0.000000      0.000000      0.000000      0.000000      0.000000      0.000000      0.000000      0.000000      0.000000      0.000000      0.000000      0.000000      0.000000
 * The above water reflectance is actually an albedo calculation
   depth (m)           Eu            Ed             E            R*           Eou           Eod     meancosUP    meancosDown      meancos            rd            rup            Ld            Lu
    0.000000      0.021023      1.000000      0.978977      0.021023      0.021647      1.000000      0.971184      1.000000      0.958234      0.000000      0.000000    261.269745      5.231666
    0.000000      0.002160      0.981137      0.978977      0.002202      0.004686      0.983612      0.460934      0.997483      0.990568      1.117670      4.667135    256.038605      0.000523
    1.000000      0.001487      0.697779      0.696292      0.002131      0.003185      0.704658      0.466862      0.990238      0.983682      1.145454      6.546950    170.527359      0.000784
    2.000000      0.001057      0.495599      0.494542      0.002133      0.002445      0.503045      0.432224      0.985198      0.978341      1.152368      5.455558    113.613411      0.000261
    3.000000      0.000751      0.351452      0.350701      0.002137      0.001692      0.358258      0.443831      0.981001      0.974303      1.140183      8.465558     75.708389      0.000000
    4.000000      0.000534      0.249003      0.248469      0.002145      0.001236      0.254825      0.431985      0.977152      0.970349      1.178810      7.004350     50.451710      0.000000
  100.000000      0.000000      0.000000      0.000000      0.000000      0.000000      0.000000      0.000000      0.000000      0.000000      0.000000      0.000000      0.000000      0.000000
 * The above water reflectance is actually an albedo calculation
   depth (m)           Eu            Ed             E            R*           Eou           Eod     meancosUP    meancosDown      meancos            rd            rup            Ld            Lu
    0.000000      0.020758      1.000000      0.979242      0.020758      0.021298      1.000000      0.974660      1.000000      0.958821      0.000000      0.000000    261.269745      5.188294
    0.000000      0.002048      0.981290      0.979242      0.002087      0.004406      0.983633      0.464806      0.997618      0.991096      1.134812      5.417518    256.082214      0.001045
    1.000000      0.001398      0.694316      0.692918      0.002013      0.003235      0.701170      0.432170      0.990225      0.983693      1.135487      5.934810    169.818542      0.000261
    2.000000      0.000935      0.490042      0.489107      0.001908      0.002262      0.497235      0.413428      0.985533      0.979199      1.162357      6.238188    112.628159      0.000261
    3.000000      0.000661      0.345269      0.344608      0.001914      0.001563      0.351771      0.422930      0.981515      0.975303      1.150818      6.571123     74.587288      0.000000
    4.000000      0.000469      0.242592      0.242123      0.001933      0.001149      0.247812      0.408004      0.978935      0.972531      1.162415      6.940111     49.277039      0.000000
  100.000000      0.000000      0.000000      0.000000      0.000000      0.000000      0.000000      0.000000      0.000000      0.000000      0.000000      0.000000      0.000000      0.000000
 * The above water reflectance is actually an albedo calculation
   depth (m)           Eu            Ed             E            R*           Eou           Eod     meancosUP    meancosDown      meancos            rd            rup            Ld            Lu
    0.000000      0.020783      1.000000      0.979217      0.020783      0.021277      1.000000      0.976774      1.000000      0.958816      0.000000      0.000000    261.269745      5.216512
    0.000000      0.001867      0.981084      0.979217      0.001903      0.004077      0.983291      0.457888      0.997755      0.991744      1.123297      6.872602    256.053223      0.000000
    1.000000      0.001354      0.688129      0.686775      0.001968      0.003194      0.694694      0.423980      0.990550      0.984077      1.139657      4.993974    168.410553      0.000000
    2.000000      0.000954      0.481559      0.480605      0.001981      0.002164      0.488551      0.440852      0.985688      0.979397      1.197621      5.521483    110.739960      0.000000
    3.000000      0.000615      0.335545      0.334930      0.001833      0.001479      0.341722      0.415723      0.981925      0.975900      1.136025      4.728115     72.634293      0.000000
    4.000000      0.000417      0.234077      0.233660      0.001781      0.001044      0.239273      0.399488      0.978282      0.972298      1.138387      6.964929     47.782841      0.000000
  100.000000      0.000000      0.000000      0.000000      0.000000      0.000000      0.000000      0.000000      0.000000      0.000000      0.000000      0.000000      0.000000      0.000000
 * The above water reflectance is actually an albedo calculation
   depth (m)           Eu            Ed             E            R*           Eou           Eod     meancosUP    meancosDown      meancos            rd            rup            Ld            Lu
    0.000000      0.020917      1.000000      0.979083      0.020917      0.021398      1.000000      0.977522      1.000000      0.958572      0.000000      0.000000    261.269745      5.265631
    0.000000      0.001754      0.980837      0.979083      0.001788      0.004117      0.983182      0.426085      0.997615      0.991679      1.143882      7.015898    256.004120      0.000261
    1.000000      0.001254      0.678236      0.676982      0.001849      0.002925      0.684575      0.428654      0.990740      0.984700      1.189284      6.847417    166.222412      0.000261
    2.000000      0.000882      0.467069      0.466187      0.001888      0.002015      0.473640      0.437679      0.986126      0.980094      1.157457      9.055110    107.653587      0.000000
    3.000000      0.000604      0.321751      0.321147      0.001877      0.001365      0.327449      0.442538      0.982599      0.976683      1.127639      5.604416     69.865097      0.000000
    4.000000      0.000414      0.220707      0.220293      0.001876      0.001004      0.225250      0.412410      0.979830      0.973652      1.134804      4.884990     45.217957      0.000000
  100.000000      0.000000      0.000000      0.000000      0.000000      0.000000      0.000000      0.000000      0.000000      0.000000      0.000000      0.000000      0.000000      0.000000
 * The above water reflectance is actually an albedo calculation
   depth (m)           Eu            Ed             E            R*           Eou           Eod     meancosUP    meancosDown      meancos            rd            rup            Ld            Lu
    0.000000      0.020824      1.000000      0.979176      0.020824      0.021331      1.000000      0.976248      1.000000      0.958726      0.000000      0.000000    261.269745      5.258315
    0.000000      0.001561      0.980737      0.979176      0.001592      0.003404      0.982552      0.458597      0.998153      0.993124      1.127738      6.774373    256.011688      0.000261
    1.000000      0.001097      0.659927      0.658830      0.001662      0.002498      0.665620      0.439239      0.991446      0.986098      1.138102      5.864051    161.860779      0.000261
    2.000000      0.000734      0.443337      0.442603      0.001656      0.001719      0.449171      0.426933      0.987012      0.981620      1.184906      4.238535    102.324211      0.000000
    3.000000      0.000483      0.296480      0.295997      0.001629      0.001032      0.301615      0.468120      0.982975      0.978028      1.132924      6.285901     64.609657      0.000000
    4.000000      0.000340      0.198441      0.198101      0.001713      0.000800      0.202565      0.424930      0.979639      0.974113      1.142610      7.999789     40.782902      0.000000
  100.000000      0.000000      0.000001      0.000001      0.000000      0.000000      0.000001      0.000000      1.000000      1.000000      0.000000      0.000000      0.000261      0.000000
 * The above water reflectance is actually an albedo calculation
   depth (m)           Eu            Ed             E            R*           Eou           Eod     meancosUP    meancosDown      meancos            rd            rup            Ld            Lu
    0.000000      0.020792      1.000000      0.979208      0.020792      0.021230      1.000000      0.979364      1.000000      0.958851      0.000000      0.000000    261.269745      5.259621
    0.000000      0.001472      0.980680      0.979208      0.001501      0.003266      0.982462      0.450752      0.998186      0.993386      1.137790      6.435423    256.010376      0.000261
    1.000000      0.001014      0.641325      0.640311      0.001581      0.002388      0.646590      0.424637      0.991857      0.986645      1.161760      6.611903    157.429901      0.000261
    2.000000      0.000697      0.418283      0.417586      0.001666      0.001493      0.423877      0.466789      0.986804      0.981701      1.122843      5.891509     96.705338      0.000000
    3.000000      0.000433      0.271956      0.271523      0.001592      0.001106      0.276538      0.391545      0.983433      0.977956      1.143362      6.182075     59.323383      0.000000
    4.000000      0.000292      0.176765      0.176473      0.001652      0.000657      0.180208      0.444658      0.980894      0.975719      1.158757      3.806421     36.425968      0.000000
  100.000000      0.000000      0.000000      0.000000      0.000000      0.000000      0.000000      0.000000      0.000000      0.000000      0.000000      0.000000      0.000000      0.000000
 * The above water reflectance is actually an albedo calculation
   depth (m)           Eu            Ed             E            R*           Eou           Eod     meancosUP    meancosDown      meancos            rd            rup            Ld            Lu
    0.000000      0.020873      1.000000      0.979127      0.020873      0.021320      1.000000      0.979046      1.000000      0.958688      0.000000      0.000000    261.269745      5.288099
    0.000000      0.001396      0.980523      0.979127      0.001424      0.003026      0.982124      0.461376      0.998370      0.993887      1.133716      7.211192    255.982162      0.000523
    1.000000      0.000934      0.628065      0.627131      0.001487      0.002078      0.633190      0.449482      0.991907      0.987192      1.137226      8.554158    154.310608      0.000523
    2.000000      0.000596      0.401783      0.401187      0.001483      0.001291      0.406919      0.461712      0.987378      0.982795      1.152001      9.602719     93.138481      0.000000
    3.000000      0.000357      0.256366      0.256009      0.001393      0.000800      0.260421      0.446296      0.984428      0.980046      1.134761      8.727259     56.122833      0.000000
    4.000000      0.000244      0.164068      0.163824      0.001487      0.000544      0.167158      0.448437      0.981512      0.976872      1.158350      6.616271     33.979176      0.000261
  100.000000      0.000000      0.000000      0.000000      0.000000      0.000000      0.000000      0.000000      0.000000      0.000000      0.000000      0.000000      0.000000      0.000000
 * The above water reflectance is actually an albedo calculation
   depth (m)           Eu            Ed             E            R*           Eou           Eod     meancosUP    meancosDown      meancos            rd            rup            Ld            Lu
    0.000000      0.020539      1.000000      0.979461      0.020539      0.020942      1.000000      0.980775      1.000000      0.959370      0.000000      0.000000    261.269745      5.214421
    0.000000      0.001345      0.980806      0.979461      0.001371      0.002930      0.982388      0.459010      0.998389      0.994055      1.133813      7.388353    256.056091      0.000784
    1.000000      0.000849      0.619578      0.618729      0.001370      0.001903      0.624538      0.446205      0.992059      0.987690      1.139729      7.059863    152.429474      0.000523
    2.000000      0.000582      0.390249      0.389667      0.001491      0.001387      0.394846      0.419639      0.988358      0.983430      1.147382      5.213792     90.731926      0.000000
    3.000000      0.000363      0.244912      0.244549      0.001482      0.000821      0.248515      0.442245      0.985503      0.980802      1.113585      5.746562     53.909351      0.000000
    4.000000      0.000217      0.153671      0.153454      0.001412      0.000561      0.156504      0.386535      0.981896      0.977004      1.148080      6.238739     32.031933      0.000261
  100.000000      0.000000      0.000000      0.000000      0.000000      0.000000      0.000000      0.000000      0.000000      0.000000      0.000000      0.000000      0.000000      0.000000
 * The above water reflectance is actually an albedo calculation
   depth (m)           Eu            Ed             E            R*           Eou           Eod     meancosUP    meancosDown      meancos            rd            rup            Ld            Lu
    0.000000      0.020459      1.000000      0.979541      0.020459      0.020821      1.000000      0.982593      1.000000      0.959562      0.000000      0.000000    261.269745      5.200051
    0.000000      0.001263      0.980804      0.979541      0.001288      0.002798      0.982332      0.451364      0.998445      0.994327      1.141384      6.959448    256.069702      0.000000
    1.000000      0.000847      0.615432      0.614585      0.001376      0.001941      0.620203      0.436400      0.992308      0.987851      1.127464      8.003133    151.603607      0.000261
    2.000000      0.000522      0.384778      0.384256      0.001357      0.001120      0.389271      0.466093      0.988457      0.984284      1.129730      3.649675     89.722122      0.000000
    3.000000      0.000335      0.240270      0.239935      0.001394      0.000721      0.243783      0.464692      0.985591      0.981315      1.131839      3.619539     53.060490      0.000000
    4.000000      0.000193      0.150107      0.149914      0.001286      0.000390      0.152823      0.494767      0.982226      0.978466      1.119734      7.346727     31.400967      0.000000
  100.000000      0.000000      0.000000      0.000000      0.000000      0.000000      0.000000      0.000000      0.000000      0.000000      0.000000      0.000000      0.000000      0.000000
 * The above water reflectance is actually an albedo calculation
   depth (m)           Eu            Ed             E            R*           Eou           Eod     meancosUP    meancosDown      meancos            rd            rup            Ld            Lu
    0.000000      0.020578      1.000000      0.979422      0.020578      0.020981      1.000000      0.980787      1.000000      0.959295      0.000000      0.000000    261.269745      5.231926
    0.000000      0.001240      0.980662      0.979422      0.001264      0.002858      0.982261      0.433810      0.998372      0.994216      1.117871      7.403001    256.038605      0.000784
    1.000000      0.000741      0.609240      0.608499      0.001216      0.001744      0.613762      0.424924      0.992632      0.988615      1.142436      7.235994    150.294113      0.000000
    2.000000      0.000480      0.378185      0.377705      0.001269      0.001157      0.382284      0.415034      0.989279      0.985043      1.145514      7.849411     88.367699      0.000000
    3.000000      0.000309      0.234008      0.233699      0.001320      0.000730      0.237380      0.423199      0.985793      0.981472      1.171083      7.878963     51.822330      0.000000
    4.000000      0.000193      0.145306      0.145113      0.001328      0.000414      0.147740      0.465901      0.983523      0.979470      1.121169      5.737149     30.611147      0.000000
  100.000000      0.000000      0.000000      0.000000      0.000000      0.000000      0.000000      0.000000      0.000000      0.000000      0.000000      0.000000      0.000000      0.000000
 * The above water reflectance is actually an albedo calculation
   depth (m)           Eu            Ed             E            R*           Eou           Eod     meancosUP    meancosDown      meancos            rd            rup            Ld            Lu
    0.000000      0.020213      1.000000      0.979787      0.020213      0.020551      1.000000      0.983577      1.000000      0.960057      0.000000      0.000000    261.269745      5.148321
    0.000000      0.001180      0.980967      0.979787      0.001203      0.002607      0.982383      0.452686      0.998559      0.994718      1.149072      7.153624    256.121948      0.000523
    1.000000      0.000753      0.602576      0.601823      0.001250      0.001741      0.607000      0.432616      0.992712      0.988637      1.132067      6.961490    148.876724      0.000000
    2.000000      0.000416      0.369475      0.369059      0.001126      0.000943      0.373508      0.441241      0.989202      0.985600      1.146421      8.903552     86.585579      0.000261
    3.000000      0.000263      0.225907      0.225644      0.001164      0.000567      0.229200      0.463793      0.985632      0.982055      1.129956      6.159535     50.269085      0.000000
    4.000000      0.000185      0.138083      0.137898      0.001340      0.000430      0.140352      0.430050      0.983835      0.979515      1.121400      4.667555     29.223282      0.000000
  100.000000      0.000000      0.000000      0.000000      0.000000      0.000000      0.000000      0.000000      0.000000      0.000000      0.000000      0.000000      0.000000      0.000000
 * The above water reflectance is actually an albedo calculation
   depth (m)           Eu            Ed             E            R*           Eou           Eod     meancosUP    meancosDown      meancos            rd            rup            Ld            Lu
    0.000000      0.020355      1.000000      0.979645      0.020355      0.020719      1.000000      0.982410      1.000000      0.959759      0.000000      0.000000    261.269745      5.184637
    0.000000      0.001089      0.980734      0.979645      0.001110      0.002392      0.982028      0.455338      0.998682      0.995150      1.121500      6.305304    256.085114      0.000000
    1.000000      0.000684      0.585580      0.584896      0.001168      0.001486      0.589700      0.460335      0.993014      0.989361      1.132785      4.414469    144.850815      0.000523
    2.000000      0.000387      0.347888      0.347501      0.001112      0.000864      0.351536      0.448008      0.989623      0.986099      1.133349      4.145433     81.727531      0.000261
    3.000000      0.000260      0.206611      0.206351      0.001258      0.000642      0.209353      0.405113      0.986900      0.982646      1.148186      3.216565     46.162704      0.000000
    4.000000      0.000155      0.123053      0.122898      0.001260      0.000357      0.124980      0.433659      0.984585      0.980541      1.118960      6.250725     26.172695      0.000000
  100.000000      0.000000      0.000000      0.000000      0.000000      0.000000      0.000000      0.000000      0.000000      0.000000      0.000000      0.000000      0.000000      0.000000
 * The above water reflectance is actually an albedo calculation
   depth (m)           Eu            Ed             E            R*           Eou           Eod     meancosUP    meancosDown      meancos            rd            rup            Ld            Lu
    0.000000      0.020629      1.000000      0.979371      0.020629      0.020978      1.000000      0.983359      1.000000      0.959248      0.000000      0.000000    261.269745      5.276604
    0.000000      0.000947      0.980318      0.979371      0.000966      0.001988      0.981357      0.476405      0.998941      0.995959      1.131823      5.906492    255.993393      0.000261
    1.000000      0.000541      0.551527      0.550986      0.000981      0.001188      0.555198      0.455369      0.993388      0.990295      1.140258      5.178120    136.697113      0.000261
    2.000000      0.000341      0.309719      0.309378      0.001101      0.000844      0.312695      0.404199      0.990483      0.986730      1.126817      5.655095     73.015221      0.000000
    3.000000      0.000182      0.173356      0.173174      0.001050      0.000456      0.175438      0.398748      0.988131      0.984532      1.120429      3.985477     38.920048      0.000261
    4.000000      0.000105      0.097151      0.097046      0.001081      0.000352      0.098600      0.298582      0.985306      0.980743      1.184456      2.232195     20.778522      0.000000
  100.000000      0.000000      0.000000      0.000000      0.000000      0.000000      0.000000      0.000000      0.000000      0.000000      0.000000      0.000000      0.000000      0.000000
 * The above water reflectance is actually an albedo calculation
   depth (m)           Eu            Ed             E            R*           Eou           Eod     meancosUP    meancosDown      meancos            rd            rup            Ld            Lu
    0.000000      0.020648      1.000000      0.979352      0.020648      0.020854      1.000000      0.990134      1.000000      0.959346      0.000000      0.000000    261.269745      5.304821
    0.000000      0.000785      0.980137      0.979352      0.000801      0.001886      0.981246      0.416299      0.998870      0.996156      1.140873      8.876343    255.965179      0.000261
    1.000000      0.000403      0.508389      0.507986      0.000793      0.000914      0.511507      0.440800      0.993905      0.991345      1.102896      3.840945    126.072060      0.000000
    2.000000      0.000198      0.263581      0.263383      0.000751      0.000474      0.265884      0.417859      0.991339      0.988832      1.141844      4.077944     62.208588      0.000000
    3.000000      0.000126      0.135937      0.135811      0.000927      0.000278      0.137552      0.453999      0.988260      0.985356      1.165861      2.721491     30.612976      0.000000
    4.000000      0.000058      0.070153      0.070095      0.000827      0.000145      0.071058      0.398829      0.987258      0.984427      1.132039      3.782449     15.087805      0.000000
  100.000000      0.000000      0.000000      0.000000      0.000000      0.000000      0.000000      0.000000      0.000000      0.000000      0.000000      0.000000      0.000000      0.000000
 * The above water reflectance is actually an albedo calculation
