   depth (m)           Eu            Ed             E            R*           Eou           Eod     meancosUP    meancosDown      meancos            rd            rup
    0.000000      0.034370      1.000000      0.965630      0.034370      0.044865      1.000000      0.766077      1.000000      0.924167           NaN           NaN
    0.000000      0.029702      0.995332      0.965630      0.029841      0.062383      1.025992      0.476123      0.970117      0.887222      1.187899      2.851132
    1.000000      0.028089      0.936012      0.907923      0.030009      0.059963      0.976318      0.468437      0.958716      0.876135      1.196427      2.960852
    2.000000      0.026617      0.880115      0.853498      0.030243      0.057547      0.926442      0.462525      0.949995      0.867386      1.208144      2.840614
    3.000000      0.025053      0.826696      0.801643      0.030305      0.053717      0.877082      0.466386      0.942553      0.861242      1.202679      2.865281
    4.000000      0.023642      0.776179      0.752537      0.030459      0.051843      0.830399      0.456032      0.934706      0.852983      1.275945      2.878110
  100.000000      0.000000      0.000701      0.000701      0.000000      0.000000      0.000859           NaN      0.816190      0.816190           NaN           NaN
 * The above water reflectance is actually an albedo calculation
   depth (m)           Eu            Ed             E            R*           Eou           Eod     meancosUP    meancosDown      meancos            rd            rup
    0.000000      0.033738      1.000000      0.966262      0.033738      0.043668      1.000000      0.772601      1.000000      0.925833           NaN           NaN
    0.000000      0.028141      0.994403      0.966262      0.028299      0.059438      1.023749      0.473449      0.971335      0.892054      1.202612      2.976407
    1.000000      0.026669      0.935493      0.908824      0.028508      0.056900      0.973876      0.468704      0.960588      0.881690      1.180901      2.960838
    2.000000      0.025412      0.879369      0.853957      0.028898      0.054878      0.924581      0.463063      0.951100      0.871866      1.208749      2.963408
    3.000000      0.024079      0.826465      0.802386      0.029135      0.051766      0.876484      0.465154      0.942933      0.864408      1.211710      2.806326
    4.000000      0.022882      0.776309      0.753427      0.029475      0.049924      0.829397      0.458337      0.935992      0.856828      1.271967      2.894639
  100.000000      0.000000      0.000728      0.000728      0.000000      0.000000      0.000911           NaN      0.799534      0.799534           NaN           NaN
 * The above water reflectance is actually an albedo calculation
   depth (m)           Eu            Ed             E            R*           Eou           Eod     meancosUP    meancosDown      meancos            rd            rup
    0.000000      0.032943      1.000000      0.967057      0.032943      0.042500      1.000000      0.775134      1.000000      0.927633           NaN           NaN
    0.000000      0.027208      0.994265      0.967057      0.027365      0.057851      1.023075      0.470310      0.971840      0.894656      1.180269      2.953523
    1.000000      0.025814      0.935233      0.909419      0.027602      0.055440      0.972049      0.465618      0.962125      0.885088      1.189584      3.111207
    2.000000      0.024514      0.879644      0.855130      0.027868      0.053386      0.924083      0.459183      0.951910      0.874841      1.213809      2.875122
    3.000000      0.023140      0.826394      0.803254      0.028001      0.050588      0.874498      0.457420      0.944993      0.868302      1.215069      2.940552
    4.000000      0.021874      0.776210      0.754336      0.028181      0.049121      0.827543      0.445305      0.937969      0.860461      1.272060      2.931665
  100.000000      0.000000      0.000722      0.000722      0.000000      0.000000      0.000919           NaN      0.785342      0.785342           NaN           NaN
 * The above water reflectance is actually an albedo calculation
   depth (m)           Eu            Ed             E            R*           Eou           Eod     meancosUP    meancosDown      meancos            rd            rup
    0.000000      0.032879      1.000000      0.967121      0.032879      0.042171      1.000000      0.779667      1.000000      0.927987           NaN           NaN
    0.000000      0.026096      0.993217      0.967121      0.026274      0.055596      1.020978      0.469386      0.972809      0.898332      1.185542      2.843799
    1.000000      0.024662      0.934705      0.910043      0.026385      0.053035      0.971169      0.465015      0.962453      0.888537      1.191371      2.989932
    2.000000      0.023407      0.878964      0.855557      0.026630      0.051027      0.921159      0.458719      0.954193      0.880034      1.205959      2.779941
    3.000000      0.022075      0.826250      0.804175      0.026717      0.048386      0.871643      0.456229      0.947922      0.874076      1.197655      2.993132
    4.000000      0.020874      0.775831      0.754957      0.026905      0.045094      0.823987      0.462897      0.941557      0.868684      1.269444      3.034461
  100.000000      0.000000      0.000770      0.000770      0.000000      0.000000      0.000964           NaN      0.799070      0.799070           NaN           NaN
 * The above water reflectance is actually an albedo calculation
   depth (m)           Eu            Ed             E            R*           Eou           Eod     meancosUP    meancosDown      meancos            rd            rup
    0.000000      0.031938      1.000000      0.968062      0.031938      0.040548      1.000000      0.787656      1.000000      0.930338           NaN           NaN
    0.000000      0.024763      0.992825      0.968062      0.024942      0.052078      1.018510      0.475497      0.974782      0.904234      1.171532      3.098406
    1.000000      0.023490      0.934278      0.910788      0.025142      0.050226      0.967842      0.467690      0.965321      0.894624      1.193207      3.107418
    2.000000      0.022331      0.878314      0.855983      0.025425      0.047973      0.918333      0.465489      0.956422      0.885830      1.203948      3.157680
    3.000000      0.021195      0.825493      0.804298      0.025676      0.045949      0.869152      0.461269      0.949768      0.878917      1.209023      2.996435
    4.000000      0.020019      0.775871      0.755852      0.025802      0.043674      0.822805      0.458374      0.942958      0.872326      1.263981      3.026178
  100.000000      0.000000      0.000804      0.000804      0.000000      0.000000      0.000997           NaN      0.806561      0.806561           NaN           NaN
 * The above water reflectance is actually an albedo calculation
   depth (m)           Eu            Ed             E            R*           Eou           Eod     meancosUP    meancosDown      meancos            rd            rup
    0.000000      0.031551      1.000000      0.968449      0.031551      0.039847      1.000000      0.791811      1.000000      0.931338           NaN           NaN
    0.000000      0.023974      0.992423      0.968449      0.024157      0.050798      1.017683      0.471951      0.975179      0.906379      1.183527      3.002433
    1.000000      0.022747      0.934309      0.911562      0.024346      0.048505      0.968324      0.468960      0.964872      0.896475      1.202029      3.173708
    2.000000      0.021595      0.879081      0.857486      0.024565      0.046700      0.917991      0.462416      0.957614      0.888871      1.189453      3.193635
    3.000000      0.020417      0.826622      0.806205      0.024699      0.044167      0.869844      0.462272      0.950311      0.882052      1.205712      2.920609
    4.000000      0.019145      0.776443      0.757298      0.024657      0.041304      0.822417      0.463518      0.944099      0.876786      1.260314      3.065856
  100.000000      0.000000      0.000836      0.000836      0.000000      0.000000      0.001049           NaN      0.796652      0.796652           NaN           NaN
 * The above water reflectance is actually an albedo calculation
   depth (m)           Eu            Ed             E            R*           Eou           Eod     meancosUP    meancosDown      meancos            rd            rup
    0.000000      0.031048      1.000000      0.968952      0.031048      0.038912      1.000000      0.797904      1.000000      0.932660           NaN           NaN
    0.000000      0.023096      0.992048      0.968952      0.023281      0.049780      1.017254      0.463958      0.975221      0.908079      1.190020      3.149712
    1.000000      0.021996      0.933562      0.911566      0.023561      0.046856      0.965524      0.469440      0.966897      0.900419      1.190465      2.875979
    2.000000      0.020756      0.877990      0.857234      0.023640      0.044761      0.915334      0.463710      0.959202      0.892864      1.200923      3.216604
    3.000000      0.019534      0.825320      0.805786      0.023668      0.042112      0.867184      0.463855      0.951725      0.886165      1.198061      3.187465
    4.000000      0.018526      0.775699      0.757173      0.023883      0.041125      0.820586      0.450478      0.945299      0.878686      1.258213      3.100912
  100.000000      0.000000      0.000865      0.000865      0.000000      0.000000      0.001101           NaN      0.785923      0.785923           NaN           NaN
 * The above water reflectance is actually an albedo calculation
   depth (m)           Eu            Ed             E            R*           Eou           Eod     meancosUP    meancosDown      meancos            rd            rup
    0.000000      0.030712      1.000000      0.969288      0.030712      0.038567      1.000000      0.796319      1.000000      0.933293           NaN           NaN
    0.000000      0.022054      0.991342      0.969288      0.022247      0.047038      1.014833      0.468852      0.976852      0.912811      1.178540      3.122346
    1.000000      0.020898      0.932798      0.911900      0.022404      0.044726      0.963208      0.467249      0.968429      0.904723      1.198774      3.192917
    2.000000      0.019803      0.877241      0.857438      0.022574      0.042353      0.913598      0.467572      0.960204      0.896948      1.185444      3.051471
    3.000000      0.018781      0.824970      0.806189      0.022766      0.040728      0.865290      0.461133      0.953403      0.889816      1.205656      3.103582
    4.000000      0.017882      0.775465      0.757583      0.023060      0.039514      0.819286      0.452545      0.946513      0.882141      1.253013      3.156229
  100.000000      0.000000      0.000866      0.000866      0.000000      0.000000      0.001092           NaN      0.793110      0.793110           NaN           NaN
 * The above water reflectance is actually an albedo calculation
   depth (m)           Eu            Ed             E            R*           Eou           Eod     meancosUP    meancosDown      meancos            rd            rup
    0.000000      0.030316      1.000000      0.969684      0.030316      0.037468      1.000000      0.809119      1.000000      0.934664           NaN           NaN
    0.000000      0.021033      0.990717      0.969684      0.021230      0.044486      1.012845      0.472803      0.978153      0.917106      1.190481      3.239078
    1.000000      0.019878      0.932018      0.912140      0.021328      0.042925      0.961444      0.463087      0.969394      0.908172      1.165612      3.222230
    2.000000      0.018915      0.876707      0.857792      0.021575      0.041324      0.911680      0.457728      0.961639      0.900093      1.189748      3.450587
    3.000000      0.017918      0.823990      0.806072      0.021745      0.039289      0.863286      0.456053      0.954480      0.893080      1.211527      3.313644
    4.000000      0.017095      0.774307      0.757212      0.022078      0.037912      0.817278      0.450907      0.947422      0.885431      1.258190      3.085843
  100.000000      0.000000      0.000843      0.000843      0.000000      0.000000      0.001015           NaN      0.830146      0.830146           NaN           NaN
 * The above water reflectance is actually an albedo calculation
   depth (m)           Eu            Ed             E            R*           Eou           Eod     meancosUP    meancosDown      meancos            rd            rup
    0.000000      0.030114      1.000000      0.969886      0.030114      0.037191      1.000000      0.809723      1.000000      0.935109           NaN           NaN
    0.000000      0.020507      0.990393      0.969886      0.020706      0.043494      1.012076      0.471487      0.978575      0.918826      1.178673      3.193372
    1.000000      0.019417      0.931779      0.912362      0.020839      0.041953      0.961258      0.462827      0.969333      0.909442      1.199613      3.382474
    2.000000      0.018630      0.876452      0.857822      0.021256      0.040557      0.910276      0.459357      0.962842      0.902180      1.203621      3.165383
    3.000000      0.017627      0.823571      0.805944      0.021403      0.038393      0.861588      0.459119      0.955876      0.895513      1.209304      3.320738
    4.000000      0.016619      0.773989      0.757370      0.021472      0.036433      0.815383      0.456147      0.949234      0.889124      1.254796      3.243366
  100.000000      0.000000      0.000899      0.000899      0.000000      0.000000      0.001134           NaN      0.792593      0.792593           NaN           NaN
 * The above water reflectance is actually an albedo calculation
   depth (m)           Eu            Ed             E            R*           Eou           Eod     meancosUP    meancosDown      meancos            rd            rup
    0.000000      0.029616      1.000000      0.970384      0.029616      0.036686      1.000000      0.807288      1.000000      0.936044           NaN           NaN
    0.000000      0.020092      0.990476      0.970384      0.020285      0.043063      1.012205      0.466572      0.978533      0.919562      1.169538      3.389062
    1.000000      0.018956      0.932271      0.913315      0.020333      0.041028      0.960660      0.462024      0.970449      0.911776      1.178882      3.333561
    2.000000      0.017857      0.876906      0.859049      0.020364      0.038739      0.911319      0.460954      0.962238      0.904207      1.205011      3.449812
    3.000000      0.016970      0.824579      0.807609      0.020580      0.037361      0.861491      0.454213      0.957153      0.898489      1.184754      3.285709
    4.000000      0.015971      0.774734      0.758763      0.020615      0.034924      0.814826      0.457312      0.950797      0.892926      1.253992      3.208929
  100.000000      0.000000      0.000927      0.000927      0.000000      0.000000      0.001122           NaN      0.825927      0.825927           NaN           NaN
 * The above water reflectance is actually an albedo calculation
   depth (m)           Eu            Ed             E            R*           Eou           Eod     meancosUP    meancosDown      meancos            rd            rup
    0.000000      0.029224      1.000000      0.970776      0.029224      0.035899      1.000000      0.814059      1.000000      0.937134           NaN           NaN
    0.000000      0.019408      0.990184      0.970776      0.019600      0.041656      1.011204      0.465910      0.979213      0.922037      1.189601      3.598391
    1.000000      0.018394      0.931526      0.913132      0.019746      0.039828      0.960180      0.461830      0.970157      0.913124      1.182263      3.281923
    2.000000      0.017387      0.875954      0.858567      0.019849      0.038182      0.909147      0.455368      0.963490      0.906303      1.195531      3.318262
    3.000000      0.016440      0.823039      0.806599      0.019975      0.036073      0.861231      0.455738      0.955654      0.898914      1.216126      3.381156
    4.000000      0.015384      0.772605      0.757221      0.019912      0.033719      0.813323      0.456237      0.949936      0.893959      1.254633      3.311225
  100.000000      0.000000      0.000856      0.000856      0.000000      0.000000      0.001046           NaN      0.818614      0.818614           NaN           NaN
 * The above water reflectance is actually an albedo calculation
   depth (m)           Eu            Ed             E            R*           Eou           Eod     meancosUP    meancosDown      meancos            rd            rup
    0.000000      0.028957      1.000000      0.971043      0.028957      0.035573      1.000000      0.814018      1.000000      0.937687           NaN           NaN
    0.000000      0.018449      0.989492      0.971043      0.018645      0.039030      1.008919      0.472683      0.980745      0.926613      1.165443      3.628772
    1.000000      0.017641      0.931034      0.913393      0.018948      0.038824      0.958008      0.454387      0.971844      0.916296      1.195364      3.523134
    2.000000      0.016675      0.876077      0.859402      0.019034      0.035991      0.908815      0.463316      0.963977      0.909607      1.186487      3.605419
    3.000000      0.015701      0.823278      0.807577      0.019071      0.034609      0.859718      0.453663      0.957614      0.903000      1.201150      3.652850
    4.000000      0.014921      0.773501      0.758580      0.019290      0.033469      0.813032      0.445819      0.951378      0.896136      1.263435      3.484323
  100.000000      0.000000      0.000848      0.000848      0.000000      0.000000      0.001045           NaN      0.811277      0.811277           NaN           NaN
 * The above water reflectance is actually an albedo calculation
   depth (m)           Eu            Ed             E            R*           Eou           Eod     meancosUP    meancosDown      meancos            rd            rup
    0.000000      0.028757      1.000000      0.971243      0.028757      0.035211      1.000000      0.816702      1.000000      0.938208           NaN           NaN
    0.000000      0.018240      0.989483      0.971243      0.018434      0.038747      1.008851      0.470746      0.980802      0.927114      1.159012      3.733544
    1.000000      0.017395      0.931243      0.913848      0.018679      0.037803      0.958542      0.460154      0.971520      0.917201      1.195112      3.607766
    2.000000      0.016486      0.875916      0.859430      0.018821      0.036001      0.907383      0.457935      0.965321      0.911008      1.193992      3.550073
    3.000000      0.015605      0.823413      0.807808      0.018952      0.034672      0.859038      0.450074      0.958529      0.903881      1.186170      3.464672
    4.000000      0.014693      0.773590      0.758897      0.018993      0.033187      0.812189      0.442728      0.952475      0.897703      1.267868      3.415361
  100.000000      0.000000      0.000947      0.000947      0.000000      0.000000      0.001143           NaN      0.828866      0.828866           NaN           NaN
 * The above water reflectance is actually an albedo calculation
   depth (m)           Eu            Ed             E            R*           Eou           Eod     meancosUP    meancosDown      meancos            rd            rup
    0.000000      0.028767      1.000000      0.971233      0.028767      0.035045      1.000000      0.820862      1.000000      0.938349           NaN           NaN
    0.000000      0.018083      0.989316      0.971233      0.018278      0.038826      1.008974      0.465747      0.980517      0.926926      1.196881      4.038844
    1.000000      0.017186      0.931662      0.914476      0.018447      0.037287      0.959164      0.460911      0.971327      0.917733      1.184448      3.377805
    2.000000      0.016250      0.876688      0.860438      0.018536      0.035871      0.908356      0.453010      0.965137      0.911261      1.188587      3.478505
    3.000000      0.015423      0.824631      0.809208      0.018703      0.034826      0.860795      0.442863      0.957987      0.903516      1.229642      3.982248
    4.000000      0.014663      0.775286      0.760623      0.018913      0.032559      0.814840      0.450355      0.951458      0.897597      1.273321      3.444883
  100.000000      0.000000      0.001027      0.001027      0.000000      0.000000      0.001270           NaN      0.808913      0.808913           NaN           NaN
 * The above water reflectance is actually an albedo calculation
   depth (m)           Eu            Ed             E            R*           Eou           Eod     meancosUP    meancosDown      meancos            rd            rup
    0.000000      0.028276      1.000000      0.971724      0.028276      0.034445      1.000000      0.820902      1.000000      0.939367           NaN           NaN
    0.000000      0.018007      0.989731      0.971724      0.018194      0.039254      1.009900      0.458727      0.980028      0.926197      1.191274      3.479961
    1.000000      0.017058      0.932006      0.914948      0.018302      0.037519      0.959282      0.454644      0.971566      0.917884      1.213545      3.627012
    2.000000      0.016218      0.877091      0.860873      0.018491      0.036114      0.909064      0.449078      0.964829      0.910805      1.190628      3.563438
    3.000000      0.015320      0.824744      0.809424      0.018575      0.033602      0.859832      0.455929      0.959192      0.905970      1.203873      3.568509
    4.000000      0.014494      0.775484      0.760990      0.018690      0.032144      0.814090      0.450908      0.952578      0.899267      1.277507      3.508584
  100.000000      0.000000      0.000977      0.000977      0.000000      0.000000      0.001206           NaN      0.810393      0.810393           NaN           NaN
 * The above water reflectance is actually an albedo calculation
   depth (m)           Eu            Ed             E            R*           Eou           Eod     meancosUP    meancosDown      meancos            rd            rup
    0.000000      0.028188      1.000000      0.971812      0.028188      0.034183      1.000000      0.824615      1.000000      0.939690           NaN           NaN
    0.000000      0.017247      0.989059      0.971812      0.017438      0.037670      1.008433      0.457840      0.980788      0.928983      1.193244      3.884870
    1.000000      0.016358      0.930749      0.914391      0.017575      0.035743      0.956734      0.457651      0.972840      0.921322      1.202560      3.849851
    2.000000      0.015458      0.875452      0.859994      0.017657      0.034183      0.906878      0.452215      0.965347      0.913856      1.219898      4.049106
    3.000000      0.014688      0.822749      0.808061      0.017852      0.032874      0.858197      0.446799      0.958695      0.906842      1.205263      3.753684
    4.000000      0.013855      0.773479      0.759624      0.017913      0.030791      0.812141      0.449972      0.952395      0.901169      1.276475      3.608994
  100.000000      0.000000      0.000920      0.000920      0.000000      0.000000      0.001126           NaN      0.816709      0.816709           NaN           NaN
 * The above water reflectance is actually an albedo calculation
   depth (m)           Eu            Ed             E            R*           Eou           Eod     meancosUP    meancosDown      meancos            rd            rup
    0.000000      0.028145      1.000000      0.971855      0.028145      0.033924      1.000000      0.829656      1.000000      0.939968           NaN           NaN
    0.000000      0.017090      0.988945      0.971855      0.017281      0.037359      1.008188      0.457457      0.980913      0.929518      1.163621      4.019679
    1.000000      0.016298      0.931501      0.915203      0.017496      0.035789      0.958193      0.455395      0.972143      0.920744      1.193723      3.835525
    2.000000      0.015429      0.876800      0.861371      0.017597      0.034165      0.908745      0.451606      0.964848      0.913525      1.195888      3.704112
    3.000000      0.014655      0.824866      0.810211      0.017767      0.032570      0.860600      0.449948      0.958478      0.907118      1.212802      3.847585
    4.000000      0.013948      0.775890      0.761942      0.017977      0.031452      0.814730      0.443468      0.952327      0.900446      1.280446      3.630352
  100.000000      0.000000      0.000982      0.000982      0.000000      0.000000      0.001197           NaN      0.820397      0.820397           NaN           NaN
 * The above water reflectance is actually an albedo calculation
   depth (m)           Eu            Ed             E            R*           Eou           Eod     meancosUP    meancosDown      meancos            rd            rup
    0.000000      0.027927      1.000000      0.972073      0.027927      0.033760      1.000000      0.827216      1.000000      0.940327           NaN           NaN
    0.000000      0.016933      0.989006      0.972073      0.017121      0.036687      1.007707      0.461548      0.981442      0.930753      1.191662      4.097320
    1.000000      0.016110      0.931166      0.915056      0.017301      0.034814      0.956723      0.462744      0.973287      0.922866      1.191183      4.086447
    2.000000      0.015399      0.877230      0.861831      0.017554      0.034071      0.908011      0.451970      0.966101      0.914816      1.194220      3.739857
    3.000000      0.014539      0.825703      0.811164      0.017608      0.032455      0.860932      0.447968      0.959081      0.907965      1.224234      4.059642
    4.000000      0.013756      0.776796      0.763040      0.017709      0.031080      0.815238      0.442606      0.952846      0.901600      1.287883      3.776085
  100.000000      0.000000      0.000982      0.000982      0.000000      0.000000      0.001199           NaN      0.819031      0.819031           NaN           NaN
 * The above water reflectance is actually an albedo calculation
   depth (m)           Eu            Ed             E            R*           Eou           Eod     meancosUP    meancosDown      meancos            rd            rup
    0.000000      0.027834      1.000000      0.972166      0.027834      0.033486      1.000000      0.831215      1.000000      0.940667           NaN           NaN
    0.000000      0.016681      0.988847      0.972166      0.016869      0.036694      1.007880      0.454592      0.981116      0.930682      1.187115      3.931085
    1.000000      0.015723      0.929965      0.914242      0.016907      0.034484      0.955814      0.455952      0.972956      0.923199      1.226063      3.549311
    2.000000      0.014872      0.874039      0.859167      0.017015      0.032887      0.904957      0.452219      0.965835      0.916109      1.216379      3.868106
    3.000000      0.014097      0.821350      0.807253      0.017163      0.031096      0.855942      0.453344      0.959585      0.910055      1.225995      3.754126
    4.000000      0.013291      0.771468      0.758177      0.017228      0.029604      0.808890      0.448965      0.953737      0.904213      1.292126      3.804644
  100.000000      0.000000      0.000834      0.000834      0.000000      0.000000      0.001019           NaN      0.818371      0.818371           NaN           NaN
 * The above water reflectance is actually an albedo calculation
   depth (m)           Eu            Ed             E            R*           Eou           Eod     meancosUP    meancosDown      meancos            rd            rup
    0.000000      0.027469      1.000000      0.972531      0.027469      0.032790      1.000000      0.837718      1.000000      0.941654           NaN           NaN
    0.000000      0.015887      0.988418      0.972531      0.016073      0.035236      1.006835      0.450877      0.981708      0.933267      1.164004      3.548329
    1.000000      0.014950      0.927415      0.912465      0.016120      0.032963      0.952674      0.453534      0.973486      0.925761      1.186351      4.078123
    2.000000      0.014137      0.870073      0.855936      0.016248      0.031755      0.900487      0.445192      0.966225      0.918148      1.197460      4.048492
    3.000000      0.013317      0.816398      0.803081      0.016312      0.029922      0.850713      0.445056      0.959663      0.911934      1.222074      3.666614
    4.000000      0.012570      0.764938      0.752368      0.016433      0.028929      0.801702      0.434517      0.954143      0.905780      1.286110      3.776171
  100.000000      0.000000      0.000681      0.000681      0.000000      0.000000      0.000862           NaN      0.789591      0.789591           NaN           NaN
 * The above water reflectance is actually an albedo calculation
   depth (m)           Eu            Ed             E            R*           Eou           Eod     meancosUP    meancosDown      meancos            rd            rup
    0.000000      0.027032      1.000000      0.972968      0.027032      0.031965      1.000000      0.845684      1.000000      0.942831           NaN           NaN
    0.000000      0.014757      0.987725      0.972968      0.014940      0.032139      1.004276      0.459157      0.983519      0.938782      1.195878      4.496003
    1.000000      0.013987      0.924664      0.910677      0.015127      0.031513      0.949596      0.443856      0.973745      0.928213      1.192088      3.682441
    2.000000      0.013158      0.864902      0.851744      0.015213      0.029257      0.894486      0.449742      0.966927      0.922058      1.205474      3.884361
    3.000000      0.012430      0.808717      0.796287      0.015370      0.028115      0.841533      0.442110      0.961004      0.915643      1.234347      3.911335
    4.000000      0.011661      0.755985      0.744324      0.015425      0.026249      0.791164      0.444242      0.955536      0.910585      1.278566      3.900599
  100.000000      0.000000      0.000538      0.000538      0.000000      0.000000      0.000640           NaN      0.840824      0.840824           NaN           NaN
 * The above water reflectance is actually an albedo calculation
   depth (m)           Eu            Ed             E            R*           Eou           Eod     meancosUP    meancosDown      meancos            rd            rup
    0.000000      0.026407      1.000000      0.973593      0.026407      0.030836      1.000000      0.856382      1.000000      0.944470           NaN           NaN
    0.000000      0.013664      0.987257      0.973593      0.013840      0.029997      1.002799      0.455519      0.984501      0.942677      1.186253      3.977104
    1.000000      0.012857      0.920441      0.907584      0.013968      0.028461      0.942915      0.451745      0.976166      0.934329      1.185406      4.402539
    2.000000      0.012028      0.857438      0.845410      0.014028      0.026582      0.884770      0.452487      0.969109      0.927644      1.193266      4.145082
    3.000000      0.011297      0.798694      0.787397      0.014144      0.025347      0.829434      0.445688      0.962939      0.921168      1.203711      4.112146
    4.000000      0.010590      0.743454      0.732864      0.014244      0.023857      0.776348      0.443898      0.957630      0.915846      1.277263      4.023246
  100.000000      0.000000      0.000322      0.000322      0.000000      0.000000      0.000377           NaN      0.853227      0.853227           NaN           NaN
 * The above water reflectance is actually an albedo calculation
   depth (m)           Eu            Ed             E            R*           Eou           Eod     meancosUP    meancosDown      meancos            rd            rup
    0.000000      0.025845      1.000000      0.974155      0.025845      0.030102      1.000000      0.858576      1.000000      0.945688           NaN           NaN
    0.000000      0.012420      0.986575      0.974155      0.012589      0.026732      1.000180      0.464603      0.986398      0.948626      1.172371      4.231332
    1.000000      0.011720      0.915558      0.903838      0.012801      0.025591      0.936187      0.457973      0.977964      0.939757      1.193995      4.053372
    2.000000      0.010903      0.849716      0.838813      0.012831      0.024022      0.876442      0.453871      0.969507      0.931534      1.181754      4.274611
    3.000000      0.010235      0.787979      0.777744      0.012989      0.022988      0.817224      0.445239      0.964215      0.925653      1.229297      4.062021
    4.000000      0.009558      0.729927      0.720369      0.013094      0.021673      0.761890      0.441018      0.958048      0.919351      1.276295      4.127211
  100.000000      0.000000      0.000234      0.000234      0.000000      0.000000      0.000299           NaN      0.783797      0.783797           NaN           NaN
 * The above water reflectance is actually an albedo calculation
   depth (m)           Eu            Ed             E            R*           Eou           Eod     meancosUP    meancosDown      meancos            rd            rup
    0.000000      0.025415      1.000000      0.974585      0.025415      0.029380      1.000000      0.865046      1.000000      0.946769           NaN           NaN
    0.000000      0.012116      0.986701      0.974585      0.012279      0.026846      1.000821      0.451316      0.985891      0.948347      1.179558      4.394325
    1.000000      0.011305      0.912299      0.900994      0.012392      0.025095      0.933905      0.450490      0.976865      0.939514      1.208193      4.234913
    2.000000      0.010461      0.842808      0.832347      0.012412      0.023592      0.869110      0.443413      0.969737      0.932391      1.210251      4.050506
    3.000000      0.009677      0.778173      0.768496      0.012436      0.021695      0.807167      0.446054      0.964080      0.927171      1.210894      4.396751
    4.000000      0.008943      0.717995      0.709052      0.012456      0.020396      0.749695      0.438473      0.957717      0.920739      1.264140      4.169362
  100.000000      0.000000      0.000135      0.000135      0.000000      0.000000      0.000160           NaN      0.844222      0.844222           NaN           NaN
 * The above water reflectance is actually an albedo calculation
   depth (m)           Eu            Ed             E            R*           Eou           Eod     meancosUP    meancosDown      meancos            rd            rup
    0.000000      0.025790      1.000000      0.974210      0.025790      0.029601      1.000000      0.871245      1.000000      0.946201           NaN           NaN
    0.000000      0.011649      0.985859      0.974210      0.011816      0.025145      0.998731      0.463266      0.987111      0.951491      1.169970      4.765344
    1.000000      0.010850      0.911020      0.900170      0.011910      0.023861      0.931594      0.454711      0.977915      0.942137      1.179377      3.870577
    2.000000      0.010057      0.841472      0.831415      0.011952      0.022382      0.866629      0.449331      0.970972      0.935214      1.186125      4.382339
    3.000000      0.009382      0.776602      0.767220      0.012081      0.021343      0.805283      0.439588      0.964384      0.928135      1.203774      4.177436
    4.000000      0.008693      0.716767      0.708074      0.012128      0.019828      0.747816      0.438423      0.958481      0.922400      1.265865      4.242804
  100.000000      0.000000      0.000119      0.000119      0.000000      0.000000      0.000145           NaN      0.818735      0.818735           NaN           NaN
 * The above water reflectance is actually an albedo calculation
   depth (m)           Eu            Ed             E            R*           Eou           Eod     meancosUP    meancosDown      meancos            rd            rup
    0.000000      0.025123      1.000000      0.974877      0.025123      0.028989      1.000000      0.866639      1.000000      0.947412           NaN           NaN
    0.000000      0.011458      0.986335      0.974877      0.011617      0.025059      0.999312      0.457236      0.987014      0.951683      1.170216      4.651804
    1.000000      0.010716      0.911895      0.901179      0.011751      0.024170      0.932400      0.443366      0.978008      0.942095      1.182620      4.406315
    2.000000      0.010054      0.842691      0.832637      0.011931      0.022507      0.868090      0.446697      0.970742      0.934920      1.215253      4.698039
    3.000000      0.009466      0.778521      0.769055      0.012159      0.021736      0.807448      0.435508      0.964175      0.927485      1.208260      4.386010
    4.000000      0.008844      0.718292      0.709448      0.012313      0.020112      0.749234      0.439742      0.958702      0.922145      1.277209      4.232149
  100.000000      0.000000      0.000132      0.000132      0.000000      0.000000      0.000159           NaN      0.830255      0.830255           NaN           NaN
 * The above water reflectance is actually an albedo calculation
   depth (m)           Eu            Ed             E            R*           Eou           Eod     meancosUP    meancosDown      meancos            rd            rup
    0.000000      0.025269      1.000000      0.974731      0.025269      0.029149      1.000000      0.866899      1.000000      0.947124           NaN           NaN
    0.000000      0.011436      0.986167      0.974731      0.011596      0.025262      0.999394      0.452690      0.986765      0.951276      1.182486      4.550977
    1.000000      0.010596      0.911174      0.900578      0.011629      0.023777      0.931714      0.445648      0.977954      0.942529      1.194531      4.398005
    2.000000      0.009958      0.841322      0.831364      0.011836      0.022326      0.866170      0.446019      0.971313      0.935697      1.210281      4.784538
    3.000000      0.009330      0.776347      0.767017      0.012018      0.021566      0.805059      0.432630      0.964335      0.927890      1.224768      4.301274
    4.000000      0.008631      0.715657      0.707026      0.012060      0.020111      0.747452      0.429177      0.957462      0.921131      1.278245      4.288746
  100.000000      0.000000      0.000114      0.000114      0.000000      0.000000      0.000135           NaN      0.841450      0.841450           NaN           NaN
 * The above water reflectance is actually an albedo calculation
   depth (m)           Eu            Ed             E            R*           Eou           Eod     meancosUP    meancosDown      meancos            rd            rup
    0.000000      0.025021      1.000000      0.974979      0.025021      0.028523      1.000000      0.877223      1.000000      0.947941           NaN           NaN
    0.000000      0.010934      0.985913      0.974979      0.011090      0.024356      0.998767      0.448926      0.987130      0.952944      1.196204      4.590610
    1.000000      0.010226      0.909808      0.899582      0.011240      0.023230      0.929854      0.440210      0.978442      0.943865      1.192106      4.491965
    2.000000      0.009456      0.838420      0.828964      0.011278      0.021645      0.863412      0.436861      0.971054      0.936622      1.238275      3.888922
    3.000000      0.008818      0.772237      0.763419      0.011419      0.020434      0.800523      0.431527      0.964666      0.929913      1.228628      4.614363
    4.000000      0.008201      0.711071      0.702870      0.011533      0.018628      0.742535      0.440261      0.957626      0.923417      1.278580      4.373357
  100.000000      0.000000      0.000124      0.000124      0.000000      0.000000      0.000150           NaN      0.825847      0.825847           NaN           NaN
 * The above water reflectance is actually an albedo calculation
   depth (m)           Eu            Ed             E            R*           Eou           Eod     meancosUP    meancosDown      meancos            rd            rup
    0.000000      0.024781      1.000000      0.975219      0.024781      0.028201      1.000000      0.878728      1.000000      0.948471           NaN           NaN
    0.000000      0.010642      0.985861      0.975219      0.010795      0.023671      0.998359      0.449575      0.987481      0.954198      1.202155      4.993018
    1.000000      0.009870      0.906251      0.896381      0.010891      0.022142      0.925799      0.445755      0.978885      0.945608      1.190080      4.648093
    2.000000      0.009122      0.832305      0.823183      0.010960      0.020447      0.856654      0.446124      0.971576      0.938527      1.200166      4.535841
    3.000000      0.008486      0.764167      0.755681      0.011105      0.018951      0.791382      0.447781      0.965610      0.932556      1.203102      4.486814
    4.000000      0.007770      0.701297      0.693527      0.011079      0.017904      0.731299      0.433982      0.958975      0.925687      1.271794      4.295603
  100.000000      0.000000      0.000066      0.000066      0.000000      0.000000      0.000081           NaN      0.817664      0.817664           NaN           NaN
 * The above water reflectance is actually an albedo calculation
   depth (m)           Eu            Ed             E            R*           Eou           Eod     meancosUP    meancosDown      meancos            rd            rup
    0.000000      0.024555      1.000000      0.975445      0.024555      0.027764      1.000000      0.884416      1.000000      0.949094           NaN           NaN
    0.000000      0.010006      0.985451      0.975445      0.010154      0.022297      0.997255      0.448751      0.988164      0.956739      1.187066      4.751907
    1.000000      0.009293      0.902939      0.893646      0.010292      0.020776      0.921284      0.447302      0.980088      0.948609      1.187663      4.828263
    2.000000      0.008620      0.827065      0.818445      0.010422      0.019637      0.851224      0.438975      0.971619      0.939812      1.214262      4.660594
    3.000000      0.007997      0.757432      0.749435      0.010558      0.018170      0.784382      0.440128      0.965641      0.933815      1.211834      4.872478
    4.000000      0.007217      0.692715      0.685498      0.010418      0.016944      0.721641      0.425939      0.959916      0.928124      1.269893      4.586961
  100.000000      0.000000      0.000054      0.000054      0.000000      0.000000      0.000085           NaN      0.634458      0.634458           NaN           NaN
 * The above water reflectance is actually an albedo calculation
   depth (m)           Eu            Ed             E            R*           Eou           Eod     meancosUP    meancosDown      meancos            rd            rup
    0.000000      0.024387      1.000000      0.975613      0.024387      0.027468      1.000000      0.887826      1.000000      0.949531           NaN           NaN
    0.000000      0.009674      0.985287      0.975613      0.009818      0.021455      0.996633      0.450895      0.988615      0.958279      1.174412      4.635344
    1.000000      0.009083      0.900810      0.891727      0.010083      0.020906      0.919078      0.434461      0.980124      0.948662      1.201410      4.331552
    2.000000      0.008366      0.823114      0.814748      0.010164      0.019203      0.846454      0.435653      0.972426      0.941190      1.234602      4.813148
    3.000000      0.007697      0.751422      0.743725      0.010243      0.017835      0.777979      0.431577      0.965864      0.934546      1.199148      3.948458
    4.000000      0.006977      0.685735      0.678758      0.010174      0.015771      0.713528      0.442388      0.961049      0.930699      1.261874      4.510627
  100.000000      0.000000      0.000049      0.000049      0.000000      0.000000      0.000056           NaN      0.879688      0.879688           NaN           NaN
 * The above water reflectance is actually an albedo calculation
   depth (m)           Eu            Ed             E            R*           Eou           Eod     meancosUP    meancosDown      meancos            rd            rup
    0.000000      0.023771      1.000000      0.976229      0.023771      0.026731      1.000000      0.889279      1.000000      0.950813           NaN           NaN
    0.000000      0.009294      0.985523      0.976229      0.009431      0.020460      0.996252      0.454263      0.989231      0.960183      1.173517      4.893615
    1.000000      0.008655      0.898647      0.889992      0.009631      0.019821      0.916819      0.436663      0.980180      0.950197      1.187502      4.669102
    2.000000      0.007959      0.818927      0.810968      0.009719      0.018226      0.841663      0.436694      0.972987      0.943109      1.217611      4.759364
    3.000000      0.007273      0.745779      0.738506      0.009752      0.016624      0.771543      0.437494      0.966608      0.936992      1.186131      4.695548
    4.000000      0.006578      0.678756      0.672178      0.009691      0.015173      0.706669      0.433541      0.960500      0.931198      1.269009      4.579915
  100.000000      0.000000      0.000036      0.000036      0.000000      0.000000      0.000041           NaN      0.873022      0.873022           NaN           NaN
 * The above water reflectance is actually an albedo calculation
   depth (m)           Eu            Ed             E            R*           Eou           Eod     meancosUP    meancosDown      meancos            rd            rup
    0.000000      0.024073      1.000000      0.975927      0.024073      0.026972      1.000000      0.892509      1.000000      0.950295           NaN           NaN
    0.000000      0.009062      0.984989      0.975927      0.009200      0.020356      0.995877      0.445166      0.989067      0.960338      1.173549      4.489448
    1.000000      0.008312      0.896279      0.887967      0.009274      0.018681      0.913768      0.444951      0.980861      0.952296      1.194987      5.088484
    2.000000      0.007567      0.814217      0.806650      0.009294      0.017164      0.836688      0.440863      0.973143      0.944718      1.223536      5.008013
    3.000000      0.006891      0.739519      0.732628      0.009318      0.015773      0.764921      0.436877      0.966792      0.938432      1.202133      4.128923
    4.000000      0.006262      0.671120      0.664858      0.009331      0.014446      0.697837      0.433480      0.961715      0.933419      1.253636      4.729093
  100.000000      0.000000      0.000025      0.000025      0.000000      0.000000      0.000031           NaN      0.819643      0.819643           NaN           NaN
 * The above water reflectance is actually an albedo calculation
   depth (m)           Eu            Ed             E            R*           Eou           Eod     meancosUP    meancosDown      meancos            rd            rup
    0.000000      0.023729      1.000000      0.976271      0.023729      0.026369      1.000000      0.899891      1.000000      0.951189           NaN           NaN
    0.000000      0.008289      0.984560      0.976271      0.008419      0.018907      0.994825      0.438401      0.989681      0.963046      1.181748      4.475563
    1.000000      0.007521      0.890558      0.883037      0.008445      0.016973      0.907385      0.443103      0.981456      0.955297      1.179718      4.985041
    2.000000      0.006863      0.804964      0.798101      0.008526      0.015374      0.826306      0.446415      0.974172      0.948225      1.205368      5.294883
    3.000000      0.006268      0.727175      0.720907      0.008620      0.014315      0.751244      0.437849      0.967961      0.941674      1.230836      4.614965
    4.000000      0.005780      0.656522      0.650742      0.008804      0.013291      0.681547      0.434870      0.963282      0.936537      1.258885      4.773892
  100.000000      0.000000      0.000011      0.000011      0.000000      0.000000      0.000013           NaN      0.847048      0.847048           NaN           NaN
 * The above water reflectance is actually an albedo calculation
   depth (m)           Eu            Ed             E            R*           Eou           Eod     meancosUP    meancosDown      meancos            rd            rup
    0.000000      0.023360      1.000000      0.976640      0.023360      0.025873      1.000000      0.902868      1.000000      0.952009           NaN           NaN
    0.000000      0.007462      0.984102      0.976640      0.007583      0.016636      0.992946      0.448550      0.991093      0.967371      1.157870      4.583669
    1.000000      0.006811      0.880367      0.873556      0.007737      0.015429      0.896605      0.441446      0.981889      0.957811      1.170973      4.831905
    2.000000      0.006185      0.787298      0.781113      0.007856      0.014008      0.806975      0.441538      0.975616      0.951436      1.179064      4.880073
    3.000000      0.005448      0.702856      0.697408      0.007751      0.012566      0.725331      0.433562      0.969014      0.945129      1.208615      5.050918
    4.000000      0.004863      0.626925      0.622062      0.007757      0.011260      0.650420      0.431873      0.963878      0.940125      1.242478      4.767219
  100.000000      0.000000      0.000004      0.000004      0.000000      0.000000      0.000005           NaN      0.810533      0.810533           NaN           NaN
 * The above water reflectance is actually an albedo calculation
   depth (m)           Eu            Ed             E            R*           Eou           Eod     meancosUP    meancosDown      meancos            rd            rup
    0.000000      0.022648      1.000000      0.977352      0.022648      0.024781      1.000000      0.913908      1.000000      0.953718           NaN           NaN
    0.000000      0.006297      0.983649      0.977352      0.006402      0.013948      0.991007      0.451447      0.992575      0.972532      1.170529      5.827368
    1.000000      0.005615      0.865962      0.860347      0.006484      0.012878      0.880127      0.435999      0.983905      0.963428      1.178047      5.411879
    2.000000      0.005053      0.762182      0.757129      0.006630      0.011781      0.780271      0.428917      0.976817      0.955908      1.192061      4.788153
    3.000000      0.004441      0.669754      0.665313      0.006631      0.010091      0.689490      0.440090      0.971376      0.951016      1.197233      5.057123
    4.000000      0.003939      0.587854      0.583915      0.006701      0.008959      0.608525      0.439690      0.966031      0.945637      1.220389      4.726345
  100.000000      0.000000      0.000000      0.000000           NaN      0.000000      0.000000           NaN           NaN           NaN           NaN           NaN
 * The above water reflectance is actually an albedo calculation
   depth (m)           Eu            Ed             E            R*           Eou           Eod     meancosUP    meancosDown      meancos            rd            rup
    0.000000      0.022448      1.000000      0.977552      0.022448      0.024133      1.000000      0.930172      1.000000      0.954516           NaN           NaN
    0.000000      0.005358      0.982910      0.977552      0.005451      0.011953      0.989311      0.448255      0.993530      0.976318      1.157458      5.398787
    1.000000      0.004672      0.847231      0.842559      0.005514      0.010860      0.859811      0.430188      0.985369      0.967712      1.189302      5.591444
    2.000000      0.004028      0.730288      0.726260      0.005516      0.009241      0.746479      0.435889      0.978311      0.961018      1.187438      4.705837
    3.000000      0.003516      0.628654      0.625138      0.005593      0.007904      0.646016      0.444818      0.973125      0.955985      1.197023      5.248426
    4.000000      0.003067      0.541190      0.538123      0.005667      0.006918      0.559315      0.443334      0.967595      0.950357      1.206816      4.808685
  100.000000      0.000000      0.000000      0.000000           NaN      0.000000      0.000000           NaN           NaN           NaN           NaN           NaN
 * The above water reflectance is actually an albedo calculation
   depth (m)           Eu            Ed             E            R*           Eou           Eod     meancosUP    meancosDown      meancos            rd            rup
    0.000000      0.021982      1.000000      0.978018      0.021982      0.023350      1.000000      0.941411      1.000000      0.955702           NaN           NaN
    0.000000      0.004413      0.982431      0.978018      0.004492      0.009789      0.987663      0.450834      0.994702      0.980517      1.160451      5.787247
    1.000000      0.003787      0.825140      0.821353      0.004590      0.008531      0.836557      0.443901      0.986353      0.971914      1.158307      4.755445
    2.000000      0.003220      0.691879      0.688659      0.004654      0.007780      0.706285      0.413857      0.979603      0.964419      1.184145      5.794660
    3.000000      0.002721      0.578996      0.576275      0.004700      0.006440      0.593923      0.422523      0.974866      0.959877      1.179064      4.687243
    4.000000      0.002249      0.484739      0.482490      0.004640      0.005440      0.499553      0.413402      0.970346      0.955439      1.198833      5.256850
  100.000000      0.000000      0.000000      0.000000           NaN      0.000000      0.000000           NaN           NaN           NaN           NaN           NaN
 * The above water reflectance is actually an albedo calculation
   depth (m)           Eu            Ed             E            R*           Eou           Eod     meancosUP    meancosDown      meancos            rd            rup
    0.000000      0.021756      1.000000      0.978244      0.021756      0.022828      1.000000      0.953045      1.000000      0.956411           NaN           NaN
    0.000000      0.003526      0.981770      0.978244      0.003591      0.007957      0.986121      0.443106      0.995588      0.984071      1.138810      5.521612
    1.000000      0.002771      0.788710      0.785939      0.003513      0.006068      0.798976      0.456628      0.987151      0.976268      1.176860      6.527593
    2.000000      0.002284      0.632916      0.630632      0.003609      0.005211      0.645116      0.438309      0.981088      0.969715      1.159957      5.380429
    3.000000      0.001922      0.507312      0.505390      0.003789      0.004519      0.519346      0.425360      0.976828      0.964733      1.168192      5.790459
    4.000000      0.001512      0.405673      0.404161      0.003727      0.003396      0.417163      0.445222      0.972456      0.961008      1.172433      5.789491
  100.000000      0.000000      0.000000      0.000000           NaN      0.000000      0.000000           NaN           NaN           NaN           NaN           NaN
 * The above water reflectance is actually an albedo calculation
   depth (m)           Eu            Ed             E            R*           Eou           Eod     meancosUP    meancosDown      meancos            rd            rup
    0.000000      0.021171      1.000000      0.978829      0.021171      0.022101      1.000000      0.957917      1.000000      0.957664           NaN           NaN
    0.000000      0.002940      0.981769      0.978829      0.002995      0.006417      0.985183      0.458126      0.996535      0.987120      1.149193      5.470179
    1.000000      0.002342      0.755704      0.753362      0.003099      0.005146      0.764527      0.455072      0.988460      0.978807      1.147403      6.352439
    2.000000      0.001789      0.580551      0.578762      0.003082      0.003938      0.590684      0.454270      0.982846      0.973328      1.159295      6.375386
    3.000000      0.001396      0.445336      0.443940      0.003135      0.003245      0.455255      0.430266      0.978213      0.968246      1.158906      4.621567
    4.000000      0.001060      0.341428      0.340368      0.003105      0.002482      0.350256      0.427061      0.974796      0.964932      1.159713      4.992660
  100.000000      0.000000      0.000000      0.000000           NaN      0.000000      0.000000           NaN           NaN           NaN           NaN           NaN
 * The above water reflectance is actually an albedo calculation
   depth (m)           Eu            Ed             E            R*           Eou           Eod     meancosUP    meancosDown      meancos            rd            rup
    0.000000      0.021219      1.000000      0.978781      0.021219      0.022061      1.000000      0.961835      1.000000      0.957654           NaN           NaN
    0.000000      0.002715      0.981496      0.978781      0.002766      0.006144      0.984862      0.441886      0.996583      0.987664      1.149262      5.074673
    1.000000      0.001969      0.736157      0.734188      0.002675      0.004437      0.744329      0.443780      0.989020      0.980530      1.157338      5.524360
    2.000000      0.001453      0.551000      0.549547      0.002637      0.003301      0.559997      0.440167      0.983934      0.975588      1.145909      5.526363
    3.000000      0.001098      0.411959      0.410861      0.002665      0.002503      0.420716      0.438613      0.979185      0.970799      1.155441      6.345677
    4.000000      0.000883      0.307311      0.306428      0.002873      0.002150      0.315378      0.410661      0.974420      0.965041      1.163237      5.416554
  100.000000      0.000000      0.000000      0.000000           NaN      0.000000      0.000000           NaN           NaN           NaN           NaN           NaN
 * The above water reflectance is actually an albedo calculation
   depth (m)           Eu            Ed             E            R*           Eou           Eod     meancosUP    meancosDown      meancos            rd            rup
    0.000000      0.021298      1.000000      0.978702      0.021298      0.022038      1.000000      0.966402      1.000000      0.957598           NaN           NaN
    0.000000      0.002485      0.981187      0.978702      0.002533      0.005487      0.984139      0.452878      0.997000      0.988961      1.147941      6.306672
    1.000000      0.001777      0.722411      0.720634      0.002460      0.003793      0.729986      0.468494      0.989623      0.982086      1.159429      6.327097
    2.000000      0.001362      0.531013      0.529651      0.002565      0.003051      0.539801      0.446363      0.983721      0.975682      1.134148      5.175788
    3.000000      0.000971      0.389467      0.388496      0.002493      0.002301      0.397798      0.421901      0.979057      0.970998      1.171594      6.486833
    4.000000      0.000736      0.285558      0.284822      0.002577      0.001717      0.292740      0.428774      0.975468      0.967282      1.161027      6.025747
  100.000000      0.000000      0.000000      0.000000           NaN      0.000000      0.000000           NaN           NaN           NaN           NaN           NaN
 * The above water reflectance is actually an albedo calculation
   depth (m)           Eu            Ed             E            R*           Eou           Eod     meancosUP    meancosDown      meancos            rd            rup
    0.000000      0.021140      1.000000      0.978860      0.021140      0.021845      1.000000      0.967735      1.000000      0.957934           NaN           NaN
    0.000000      0.002255      0.981115      0.978860      0.002298      0.004935      0.983759      0.456946      0.997312      0.990053      1.137806      6.588420
    1.000000      0.001645      0.714559      0.712914      0.002302      0.003905      0.722090      0.421288      0.989570      0.981982      1.144869      5.512592
    2.000000      0.001202      0.519388      0.518186      0.002314      0.002614      0.527651      0.459765      0.984341      0.977221      1.154986      4.891142
    3.000000      0.000875      0.376617      0.375742      0.002323      0.001889      0.384160      0.463104      0.980364      0.973299      1.152894      4.448214
    4.000000      0.000657      0.273074      0.272417      0.002406      0.001525      0.279690      0.430837      0.976346      0.968715      1.165686      6.463436
  100.000000      0.000000      0.000000      0.000000           NaN      0.000000      0.000000           NaN           NaN           NaN           NaN           NaN
 * The above water reflectance is actually an albedo calculation
   depth (m)           Eu            Ed             E            R*           Eou           Eod     meancosUP    meancosDown      meancos            rd            rup
    0.000000      0.021014      1.000000      0.978986      0.021014      0.021638      1.000000      0.971150      1.000000      0.958251           NaN           NaN
    0.000000      0.002280      0.981266      0.978986      0.002324      0.004920      0.983884      0.463438      0.997339      0.990071      1.146102      7.017298
    1.000000      0.001650      0.707819      0.706169      0.002331      0.003523      0.715046      0.468304      0.989893      0.982743      1.156091      5.769639
    2.000000      0.001200      0.509796      0.508596      0.002354      0.002546      0.517810      0.471374      0.984523      0.977400      1.178493      5.616797
    3.000000      0.000914      0.366578      0.365664      0.002493      0.002080      0.373965      0.439333      0.980246      0.972392      1.179389      5.590651
    4.000000      0.000659      0.263053      0.262394      0.002505      0.001380      0.269242      0.477674      0.977013      0.969597      1.156228      4.909704
  100.000000      0.000000      0.000000      0.000000           NaN      0.000000      0.000000           NaN           NaN           NaN           NaN           NaN
 * The above water reflectance is actually an albedo calculation
   depth (m)           Eu            Ed             E            R*           Eou           Eod     meancosUP    meancosDown      meancos            rd            rup
    0.000000      0.021228      1.000000      0.978772      0.021228      0.021817      1.000000      0.973012      1.000000      0.957874           NaN           NaN
    0.000000      0.002210      0.980982      0.978772      0.002253      0.004928      0.983690      0.448453      0.997247      0.990040      1.150907      5.805921
    1.000000      0.001609      0.704397      0.702788      0.002284      0.003775      0.711499      0.426212      0.990018      0.982544      1.177334      6.697785
    2.000000      0.001130      0.504643      0.503513      0.002239      0.002587      0.512409      0.436842      0.984845      0.977704      1.152774      5.733935
    3.000000      0.000816      0.360873      0.360057      0.002261      0.002029      0.368067      0.402169      0.980456      0.972876      1.156914      5.867601
    4.000000      0.000602      0.258359      0.257757      0.002330      0.001338      0.264380      0.450075      0.977226      0.970042      1.172772      6.110535
  100.000000      0.000000      0.000000      0.000000           NaN      0.000000      0.000000           NaN           NaN           NaN           NaN           NaN
 * The above water reflectance is actually an albedo calculation
   depth (m)           Eu            Ed             E            R*           Eou           Eod     meancosUP    meancosDown      meancos            rd            rup
    0.000000      0.020690      1.000000      0.979310      0.020690      0.021397      1.000000      0.966971      1.000000      0.958795           NaN           NaN
    0.000000      0.002169      0.981479      0.979310      0.002210      0.004877      0.984145      0.444707      0.997292      0.990180      1.133617      7.280350
    1.000000      0.001599      0.701664      0.700065      0.002279      0.003497      0.709071      0.457293      0.989554      0.982454      1.140810      6.188563
    2.000000      0.001153      0.500295      0.499142      0.002305      0.002577      0.507806      0.447473      0.985209      0.977976      1.151397      5.888174
    3.000000      0.000841      0.356455      0.355614      0.002359      0.001963      0.363233      0.428488      0.981340      0.973763      1.142699      5.520013
    4.000000      0.000586      0.253872      0.253286      0.002308      0.001287      0.259738      0.455324      0.977415      0.970351      1.153162      5.716790
  100.000000      0.000000      0.000000      0.000000           NaN      0.000000      0.000000           NaN           NaN           NaN           NaN           NaN
 * The above water reflectance is actually an albedo calculation
   depth (m)           Eu            Ed             E            R*           Eou           Eod     meancosUP    meancosDown      meancos            rd            rup
    0.000000      0.020966      1.000000      0.979034      0.020966      0.021542      1.000000      0.973259      1.000000      0.958388           NaN           NaN
    0.000000      0.002068      0.981102      0.979034      0.002108      0.004577      0.983579      0.451849      0.997482      0.990769      1.155062      6.301514
    1.000000      0.001504      0.697835      0.696331      0.002155      0.003364      0.704619      0.447063      0.990373      0.983542      1.154553      5.638367
    2.000000      0.001096      0.495324      0.494228      0.002213      0.002526      0.502784      0.433862      0.985162      0.978068      1.127907      5.576473
    3.000000      0.000802      0.351143      0.350341      0.002284      0.001813      0.357907      0.442450      0.981101      0.973927      1.155429      6.576228
    4.000000      0.000546      0.248042      0.247496      0.002201      0.001190      0.253848      0.459002      0.977128      0.970430      1.168088      6.125029
  100.000000      0.000000      0.000000      0.000000           NaN      0.000000      0.000000           NaN           NaN           NaN           NaN           NaN
 * The above water reflectance is actually an albedo calculation
   depth (m)           Eu            Ed             E            R*           Eou           Eod     meancosUP    meancosDown      meancos            rd            rup
    0.000000      0.020905      1.000000      0.979095      0.020905      0.021506      1.000000      0.972043      1.000000      0.958482           NaN           NaN
    0.000000      0.002018      0.981113      0.979095      0.002057      0.004477      0.983547      0.450778      0.997525      0.990963      1.155297      6.596859
    1.000000      0.001458      0.693057      0.691599      0.002104      0.003205      0.699794      0.454855      0.990373      0.983784      1.134700      5.718030
    2.000000      0.001004      0.488690      0.487686      0.002054      0.002230      0.495893      0.450155      0.985475      0.979047      1.161296      6.879699
    3.000000      0.000726      0.344091      0.343365      0.002110      0.001634      0.350602      0.444434      0.981430      0.974817      1.179636      5.671312
    4.000000      0.000496      0.242014      0.241518      0.002049      0.001084      0.247414      0.457678      0.978173      0.971911      1.175935      6.532878
  100.000000      0.000000      0.000000      0.000000           NaN      0.000000      0.000000           NaN           NaN           NaN           NaN           NaN
 * The above water reflectance is actually an albedo calculation
   depth (m)           Eu            Ed             E            R*           Eou           Eod     meancosUP    meancosDown      meancos            rd            rup
    0.000000      0.020929      1.000000      0.979071      0.020929      0.021501      1.000000      0.973415      1.000000      0.958463           NaN           NaN
    0.000000      0.001858      0.980929      0.979071      0.001894      0.004024      0.983073      0.461764      0.997819      0.991869      1.143259      5.537130
    1.000000      0.001308      0.687791      0.686483      0.001902      0.002922      0.694371      0.447625      0.990523      0.984497      1.150697      7.396766
    2.000000      0.000918      0.480129      0.479211      0.001912      0.002108      0.487201      0.435387      0.985484      0.979361      1.161026      4.380876
    3.000000      0.000640      0.335079      0.334439      0.001910      0.001459      0.341462      0.438683      0.981306      0.975265      1.170051      6.123764
    4.000000      0.000473      0.233410      0.232937      0.002026      0.001060      0.238612      0.446201      0.978200      0.971900      1.150095      6.739654
  100.000000      0.000000      0.000000      0.000000           NaN      0.000000      0.000000           NaN           NaN           NaN           NaN           NaN
 * The above water reflectance is actually an albedo calculation
   depth (m)           Eu            Ed             E            R*           Eou           Eod     meancosUP    meancosDown      meancos            rd            rup
    0.000000      0.020814      1.000000      0.979186      0.020814      0.021326      1.000000      0.975983      1.000000      0.958740           NaN           NaN
    0.000000      0.001788      0.980974      0.979186      0.001823      0.004026      0.983199      0.444158      0.997737      0.991858      1.137489      6.953405
    1.000000      0.001227      0.677771      0.676544      0.001810      0.002788      0.683938      0.440069      0.990983      0.985173      1.138395      8.817505
    2.000000      0.000860      0.466867      0.466007      0.001842      0.002041      0.473591      0.421260      0.985802      0.979762      1.154815      7.021493
    3.000000      0.000577      0.321190      0.320613      0.001796      0.001389      0.326929      0.415377      0.982445      0.976531      1.137247      4.388616
    4.000000      0.000382      0.220893      0.220511      0.001729      0.000842      0.225605      0.453924      0.979115      0.973790      1.168290      6.737361
  100.000000      0.000000      0.000000      0.000000           NaN      0.000000      0.000000           NaN           NaN           NaN           NaN           NaN
 * The above water reflectance is actually an albedo calculation
   depth (m)           Eu            Ed             E            R*           Eou           Eod     meancosUP    meancosDown      meancos            rd            rup
    0.000000      0.020906      1.000000      0.979094      0.020906      0.021354      1.000000      0.979017      1.000000      0.958624           NaN           NaN
    0.000000      0.001623      0.980717      0.979094      0.001655      0.003670      0.982757      0.442214      0.997924      0.992566      1.137520      8.071129
    1.000000      0.001140      0.660412      0.659272      0.001726      0.002576      0.666137      0.442475      0.991406      0.985881      1.148189      5.597763
    2.000000      0.000765      0.443326      0.442561      0.001726      0.001692      0.449160      0.452189      0.987011      0.981611      1.141038      5.622575
    3.000000      0.000497      0.296683      0.296186      0.001675      0.001038      0.301698      0.478957      0.983379      0.978367      1.146016     10.118258
    4.000000      0.000356      0.198625      0.198269      0.001792      0.000781      0.202555      0.456033      0.980597      0.975082      1.166696      5.366184
  100.000000      0.000000      0.000000      0.000000           NaN      0.000000      0.000000           NaN           NaN           NaN           NaN           NaN
 * The above water reflectance is actually an albedo calculation
   depth (m)           Eu            Ed             E            R*           Eou           Eod     meancosUP    meancosDown      meancos            rd            rup
    0.000000      0.020704      1.000000      0.979296      0.020704      0.021123      1.000000      0.980154      1.000000      0.959038           NaN           NaN
    0.000000      0.001485      0.980781      0.979296      0.001514      0.003398      0.982705      0.437035      0.998043      0.993098      1.143996      6.504374
    1.000000      0.000972      0.640775      0.639803      0.001517      0.002214      0.646111      0.439060      0.991741      0.986855      1.133915      6.601364
    2.000000      0.000652      0.418055      0.417403      0.001560      0.001413      0.423421      0.461446      0.987326      0.982508      1.144095      5.792443
    3.000000      0.000428      0.271516      0.271088      0.001576      0.001035      0.275961      0.413454      0.983892      0.978670      1.142574      8.657380
    4.000000      0.000278      0.176406      0.176128      0.001576      0.000588      0.179688      0.472754      0.981734      0.976990      1.130653      8.166955
  100.000000      0.000000      0.000000      0.000000           NaN      0.000000      0.000000           NaN           NaN           NaN           NaN           NaN
 * The above water reflectance is actually an albedo calculation
   depth (m)           Eu            Ed             E            R*           Eou           Eod     meancosUP    meancosDown      meancos            rd            rup
    0.000000      0.020735      1.000000      0.979265      0.020735      0.021159      1.000000      0.979939      1.000000      0.958974           NaN           NaN
    0.000000      0.001466      0.980731      0.979265      0.001495      0.003376      0.982632      0.434275      0.998066      0.993162      1.135908      6.488361
    1.000000      0.000939      0.627597      0.626658      0.001496      0.001999      0.632639      0.469627      0.992030      0.987425      1.132711      6.178335
    2.000000      0.000570      0.401126      0.400556      0.001421      0.001229      0.406120      0.463689      0.987703      0.983323      1.160933      4.097463
    3.000000      0.000364      0.256141      0.255777      0.001421      0.000766      0.260163      0.475326      0.984541      0.980257      1.166845      7.894697
    4.000000      0.000218      0.163137      0.162919      0.001336      0.000503      0.166057      0.433697      0.982414      0.978141      1.145802      3.381332
  100.000000      0.000000      0.000000      0.000000           NaN      0.000000      0.000000           NaN           NaN           NaN           NaN           NaN
 * The above water reflectance is actually an albedo calculation
   depth (m)           Eu            Ed             E            R*           Eou           Eod     meancosUP    meancosDown      meancos            rd            rup
    0.000000      0.020687      1.000000      0.979313      0.020687      0.021092      1.000000      0.980799      1.000000      0.959084           NaN           NaN
    0.000000      0.001406      0.980719      0.979313      0.001434      0.003128      0.982438      0.449432      0.998250      0.993655      1.144727      5.037970
    1.000000      0.000910      0.618455      0.617545      0.001471      0.001970      0.623435      0.461812      0.992012      0.987432      1.150642      5.498554
    2.000000      0.000575      0.389035      0.388460      0.001478      0.001337      0.393726      0.430035      0.988085      0.983285      1.147663      6.268981
    3.000000      0.000342      0.245027      0.244685      0.001396      0.000726      0.248829      0.471063      0.984720      0.980485      1.176411      3.028761
    4.000000      0.000222      0.154220      0.153998      0.001440      0.000518      0.157011      0.428229      0.982225      0.977583      1.157081      5.326296
  100.000000      0.000000      0.000000      0.000000           NaN      0.000000      0.000000           NaN           NaN           NaN           NaN           NaN
 * The above water reflectance is actually an albedo calculation
   depth (m)           Eu            Ed             E            R*           Eou           Eod     meancosUP    meancosDown      meancos            rd            rup
    0.000000      0.020719      1.000000      0.979281      0.020719      0.021116      1.000000      0.981201      1.000000      0.959030           NaN           NaN
    0.000000      0.001312      0.980593      0.979281      0.001338      0.002838      0.982119      0.462293      0.998446      0.994237      1.134639      5.948958
    1.000000      0.000816      0.614209      0.613393      0.001329      0.001777      0.618880      0.459181      0.992453      0.988296      1.114419      6.227802
    2.000000      0.000531      0.383900      0.383369      0.001383      0.001222      0.388252      0.434658      0.988791      0.984326      1.169712      5.640816
    3.000000      0.000314      0.239632      0.239318      0.001310      0.000706      0.243138      0.444607      0.985578      0.981436      1.194347      3.410764
    4.000000      0.000242      0.149401      0.149159      0.001620      0.000507      0.152014      0.477156      0.982814      0.977959      1.116575      3.970363
  100.000000      0.000000      0.000000      0.000000           NaN      0.000000      0.000000           NaN           NaN           NaN           NaN           NaN
 * The above water reflectance is actually an albedo calculation
   depth (m)           Eu            Ed             E            R*           Eou           Eod     meancosUP    meancosDown      meancos            rd            rup
    0.000000      0.020786      1.000000      0.979214      0.020786      0.021140      1.000000      0.983254      1.000000      0.958942           NaN           NaN
    0.000000      0.001252      0.980466      0.979214      0.001277      0.002780      0.981997      0.450296      0.998441      0.994350      1.135113      6.413451
    1.000000      0.000814      0.609466      0.608652      0.001336      0.001782      0.613829      0.456846      0.992892      0.988696      1.147983      6.039259
    2.000000      0.000526      0.377825      0.377299      0.001392      0.001103      0.382042      0.476739      0.988961      0.984740      1.142586      5.583002
    3.000000      0.000301      0.234832      0.234531      0.001282      0.000624      0.238097      0.482653      0.986286      0.982448      1.139726     10.660902
    4.000000      0.000177      0.144872      0.144695      0.001222      0.000412      0.147228      0.429717      0.983996      0.980052      1.169643      4.754761
  100.000000      0.000000      0.000000      0.000000           NaN      0.000000      0.000000           NaN           NaN           NaN           NaN           NaN
 * The above water reflectance is actually an albedo calculation
   depth (m)           Eu            Ed             E            R*           Eou           Eod     meancosUP    meancosDown      meancos            rd            rup
    0.000000      0.020466      1.000000      0.979534      0.020466      0.020811      1.000000      0.983415      1.000000      0.959564           NaN           NaN
    0.000000      0.001154      0.980688      0.979534      0.001177      0.002565      0.982093      0.449968      0.998569      0.994796      1.155352      6.552453
    1.000000      0.000710      0.602320      0.601610      0.001179      0.001612      0.606421      0.440410      0.993237      0.989436      1.147762      7.684183
    2.000000      0.000470      0.368969      0.368499      0.001274      0.001156      0.373055      0.406449      0.989048      0.984736      1.130107      7.604571
    3.000000      0.000274      0.225717      0.225443      0.001214      0.000618      0.228788      0.443214      0.986578      0.982725      1.131942      6.921025
    4.000000      0.000164      0.137641      0.137477      0.001192      0.000419      0.139873      0.391322      0.984045      0.979936      1.143110      3.323067
  100.000000      0.000000      0.000000      0.000000           NaN      0.000000      0.000000           NaN           NaN           NaN           NaN           NaN
 * The above water reflectance is actually an albedo calculation
   depth (m)           Eu            Ed             E            R*           Eou           Eod     meancosUP    meancosDown      meancos            rd            rup
    0.000000      0.020605      1.000000      0.979395      0.020605      0.020922      1.000000      0.984836      1.000000      0.959324           NaN           NaN
    0.000000      0.001052      0.980447      0.979395      0.001073      0.002317      0.981699      0.453943      0.998724      0.995303      1.154563      7.903741
    1.000000      0.000673      0.584544      0.583871      0.001151      0.001462      0.588474      0.460239      0.993321      0.989718      1.140533      6.062476
    2.000000      0.000341      0.348067      0.347726      0.000980      0.000743      0.351783      0.458851      0.989436      0.986382      1.158004      6.032041
    3.000000      0.000228      0.206962      0.206734      0.001102      0.000619      0.209710      0.368310      0.986897      0.982909      1.144103      5.700280
    4.000000      0.000135      0.122423      0.122288      0.001103      0.000347      0.124400      0.389543      0.984109      0.980293      1.145500      4.767702
  100.000000      0.000000      0.000000      0.000000           NaN      0.000000      0.000000           NaN           NaN           NaN           NaN           NaN
 * The above water reflectance is actually an albedo calculation
   depth (m)           Eu            Ed             E            R*           Eou           Eod     meancosUP    meancosDown      meancos            rd            rup
    0.000000      0.020475      1.000000      0.979525      0.020475      0.020745      1.000000      0.987005      1.000000      0.959618           NaN           NaN
    0.000000      0.000959      0.980484      0.979525      0.000978      0.002121      0.981636      0.452095      0.998827      0.995698      1.131948      8.677231
    1.000000      0.000558      0.551730      0.551172      0.001011      0.001368      0.555316      0.407970      0.993542      0.990099      1.146895      3.843361
    2.000000      0.000305      0.308939      0.308634      0.000987      0.000703      0.311893      0.433764      0.990530      0.987327      1.133937      4.111177
    3.000000      0.000163      0.172982      0.172819      0.000942      0.000366      0.175043      0.445801      0.988224      0.985235      1.135264      6.372495
    4.000000      0.000091      0.096807      0.096716      0.000940      0.000212      0.098146      0.428758      0.986352      0.983299      1.139087      2.229404
  100.000000      0.000000      0.000000      0.000000           NaN      0.000000      0.000000           NaN           NaN           NaN           NaN           NaN
 * The above water reflectance is actually an albedo calculation
   depth (m)           Eu            Ed             E            R*           Eou           Eod     meancosUP    meancosDown      meancos            rd            rup
    0.000000      0.020420      1.000000      0.979580      0.020420      0.020645      1.000000      0.989118      1.000000      0.959766           NaN           NaN
    0.000000      0.000789      0.980369      0.979580      0.000805      0.001800      0.981393      0.438419      0.998957      0.996326      1.127911      7.628308
    1.000000      0.000389      0.507876      0.507487      0.000766      0.000880      0.510765      0.441931      0.994343      0.991872      1.135339     10.362608
    2.000000      0.000211      0.262507      0.262296      0.000804      0.000426      0.264906      0.495167      0.990944      0.988558      1.135137      4.220381
    3.000000      0.000118      0.135449      0.135331      0.000871      0.000260      0.136932      0.454679      0.989172      0.986440      1.105375      7.397508
    4.000000      0.000045      0.069962      0.069917      0.000643      0.000108      0.070909      0.416534      0.986638      0.984504      1.094668      6.854682
  100.000000      0.000000      0.000000      0.000000           NaN      0.000000      0.000000           NaN           NaN           NaN           NaN           NaN
 * The above water reflectance is actually an albedo calculation
