   depth (m)           Eu            Ed             E            R*           Eou           Eod     meancosUP    meancosDown      meancos            rd            rup
    0.000000      0.034371      0.999999      0.965628      0.034371      0.044890      1.000000      0.765662      0.999999      0.924144           NaN           NaN
    0.000000      0.029627      0.995255      0.965628      0.029768      0.062744      1.026328      0.472185      0.969724      0.886653      1.192736      3.024294
    1.000000      0.028209      0.936462      0.908253      0.030123      0.060321      0.976391      0.467649      0.959106      0.876090      1.198628      2.888687
    2.000000      0.026770      0.880351      0.853580      0.030409      0.057506      0.926881      0.465517      0.949799      0.867118      1.201312      2.845897
    3.000000      0.025354      0.827040      0.801686      0.030656      0.055146      0.878204      0.459760      0.941740      0.858934      1.212404      2.864927
    4.000000      0.023989      0.776463      0.752474      0.030895      0.052488      0.831194      0.457037      0.934154      0.851522      1.272645      2.838858
  100.000000      0.000000      0.000710      0.000710      0.000000      0.000000      0.000915           NaN      0.776196      0.776196           NaN           NaN
 * The above water reflectance is actually an albedo calculation
   depth (m)           Eu            Ed             E            R*           Eou           Eod     meancosUP    meancosDown      meancos            rd            rup
    0.000000      0.033767      1.000000      0.966232      0.033767      0.043790      1.000000      0.771113      1.000000      0.925696           NaN           NaN
    0.000000      0.028356      0.994588      0.966232      0.028510      0.059828      1.024148      0.473960      0.971138      0.891379      1.177276      2.962413
    1.000000      0.026960      0.935960      0.909000      0.028805      0.058014      0.974581      0.464720      0.960372      0.880306      1.196802      2.922311
    2.000000      0.025493      0.880174      0.854680      0.028964      0.055269      0.925072      0.461258      0.951465      0.871819      1.205221      2.887544
    3.000000      0.024124      0.827207      0.803083      0.029164      0.052489      0.877323      0.459612      0.942877      0.863705      1.217157      2.919051
    4.000000      0.022786      0.776960      0.754173      0.029327      0.049769      0.829975      0.457837      0.936124      0.857264      1.276743      2.918215
  100.000000      0.000000      0.000748      0.000748      0.000000      0.000000      0.000944           NaN      0.792097      0.792097           NaN           NaN
 * The above water reflectance is actually an albedo calculation
   depth (m)           Eu            Ed             E            R*           Eou           Eod     meancosUP    meancosDown      meancos            rd            rup
    0.000000      0.033274      1.000000      0.966726      0.033274      0.042862      1.000000      0.776306      1.000000      0.926993           NaN           NaN
    0.000000      0.027213      0.993939      0.966726      0.027379      0.057643      1.022527      0.472092      0.972041      0.894976      1.182288      3.026338
    1.000000      0.025834      0.934994      0.909160      0.027630      0.055419      0.972231      0.466163      0.961699      0.884698      1.196620      2.989112
    2.000000      0.024463      0.879075      0.854612      0.027829      0.052891      0.922596      0.462528      0.952828      0.876088      1.197891      2.864406
    3.000000      0.023094      0.825837      0.802743      0.027964      0.050126      0.873963      0.460708      0.944933      0.868686      1.219796      2.978445
    4.000000      0.021892      0.775584      0.753692      0.028226      0.047943      0.827178      0.456624      0.937627      0.861243      1.272367      2.953639
  100.000000      0.000000      0.000748      0.000748      0.000000      0.000000      0.000949           NaN      0.788045      0.788045           NaN           NaN
 * The above water reflectance is actually an albedo calculation
   depth (m)           Eu            Ed             E            R*           Eou           Eod     meancosUP    meancosDown      meancos            rd            rup
    0.000000      0.032582      1.000000      0.967418      0.032582      0.041716      1.000000      0.781029      1.000000      0.928677           NaN           NaN
    0.000000      0.025975      0.993394      0.967418      0.026148      0.054897      1.020584      0.473170      0.973358      0.899522      1.179613      2.992246
    1.000000      0.024648      0.934575      0.909926      0.026374      0.052830      0.970472      0.466558      0.963010      0.889206      1.186949      2.979239
    2.000000      0.023368      0.878566      0.855198      0.026598      0.050605      0.920523      0.461771      0.954421      0.880624      1.207962      3.068303
    3.000000      0.022147      0.825711      0.803564      0.026822      0.048039      0.872072      0.461021      0.946838      0.873333      1.206510      3.006357
    4.000000      0.020941      0.775723      0.754782      0.026995      0.046203      0.825508      0.453235      0.939692      0.865862      1.266874      2.988141
  100.000000      0.000000      0.000760      0.000760      0.000000      0.000000      0.000965           NaN      0.786765      0.786765           NaN           NaN
 * The above water reflectance is actually an albedo calculation
   depth (m)           Eu            Ed             E            R*           Eou           Eod     meancosUP    meancosDown      meancos            rd            rup
    0.000000      0.032044      1.000000      0.967956      0.032044      0.040687      1.000000      0.787589      1.000000      0.930112           NaN           NaN
    0.000000      0.024900      0.992856      0.967956      0.025079      0.053096      1.019412      0.468964      0.973950      0.902516      1.176426      3.042940
    1.000000      0.023674      0.934232      0.910558      0.025340      0.050753      0.968792      0.466456      0.964326      0.893103      1.192599      3.058013
    2.000000      0.022424      0.878493      0.856069      0.025526      0.048744      0.918791      0.460047      0.956140      0.884794      1.206042      3.024155
    3.000000      0.021254      0.825504      0.804250      0.025746      0.046702      0.870080      0.455097      0.948768      0.877254      1.210361      2.996765
    4.000000      0.020071      0.775577      0.755506      0.025879      0.044020      0.823156      0.455962      0.942199      0.871225      1.265469      3.022346
  100.000000      0.000000      0.000803      0.000803      0.000000      0.000000      0.001037           NaN      0.773698      0.773698           NaN           NaN
 * The above water reflectance is actually an albedo calculation
   depth (m)           Eu            Ed             E            R*           Eou           Eod     meancosUP    meancosDown      meancos            rd            rup
    0.000000      0.031660      1.000000      0.968340      0.031660      0.039932      1.000000      0.792844      1.000000      0.931157           NaN           NaN
    0.000000      0.023874      0.992214      0.968340      0.024061      0.050690      1.017455      0.470970      0.975191      0.906562      1.176191      3.157279
    1.000000      0.022655      0.934036      0.911380      0.024255      0.048629      0.967119      0.465881      0.965792      0.897251      1.185642      3.171394
    2.000000      0.021500      0.878475      0.856975      0.024475      0.046743      0.917299      0.459969      0.957676      0.888939      1.198328      3.046261
    3.000000      0.020374      0.825825      0.805451      0.024671      0.044448      0.869049      0.458382      0.950263      0.881723      1.203410      3.093896
    4.000000      0.019246      0.776053      0.756807      0.024800      0.042482      0.822055      0.453050      0.944041      0.875390      1.263343      3.048103
  100.000000      0.000000      0.000819      0.000819      0.000000      0.000000      0.001027           NaN      0.797600      0.797600           NaN           NaN
 * The above water reflectance is actually an albedo calculation
   depth (m)           Eu            Ed             E            R*           Eou           Eod     meancosUP    meancosDown      meancos            rd            rup
    0.000000      0.031084      1.000000      0.968916      0.031084      0.039190      1.000000      0.793165      1.000000      0.932377           NaN           NaN
    0.000000      0.022918      0.991834      0.968916      0.023106      0.048766      1.016194      0.469959      0.976028      0.909815      1.180032      3.113898
    1.000000      0.021717      0.933614      0.911897      0.023261      0.046475      0.965681      0.467291      0.966793      0.900945      1.183093      3.216705
    2.000000      0.020605      0.878215      0.857611      0.023462      0.044562      0.916012      0.462382      0.958738      0.892811      1.203945      3.081472
    3.000000      0.019496      0.825693      0.806197      0.023611      0.042383      0.867550      0.459983      0.951752      0.885996      1.202849      3.131226
    4.000000      0.018468      0.776217      0.757748      0.023793      0.040756      0.821437      0.453150      0.944950      0.878863      1.260010      3.097824
  100.000000      0.000000      0.000870      0.000870      0.000000      0.000000      0.001076           NaN      0.808787      0.808787           NaN           NaN
 * The above water reflectance is actually an albedo calculation
   depth (m)           Eu            Ed             E            R*           Eou           Eod     meancosUP    meancosDown      meancos            rd            rup
    0.000000      0.030658      1.000000      0.969342      0.030658      0.038346      1.000000      0.799496      1.000000      0.933544           NaN           NaN
    0.000000      0.022144      0.991487      0.969342      0.022335      0.047034      1.014953      0.470816      0.976879      0.912763      1.173746      3.212658
    1.000000      0.020996      0.933246      0.912250      0.022498      0.044982      0.964354      0.466765      0.967743      0.903812      1.190595      3.149635
    2.000000      0.019886      0.877714      0.857827      0.022657      0.042743      0.914195      0.465248      0.960095      0.896430      1.193785      3.235874
    3.000000      0.018832      0.825149      0.806317      0.022823      0.041441      0.866148      0.454435      0.952665      0.888416      1.201447      3.108298
    4.000000      0.017742      0.775271      0.757529      0.022885      0.038833      0.818739      0.456869      0.946908      0.883341      1.258442      3.121757
  100.000000      0.000000      0.000855      0.000855      0.000000      0.000000      0.001061           NaN      0.805319      0.805319           NaN           NaN
 * The above water reflectance is actually an albedo calculation
   depth (m)           Eu            Ed             E            R*           Eou           Eod     meancosUP    meancosDown      meancos            rd            rup
    0.000000      0.029999      1.000000      0.970001      0.029999      0.037284      1.000000      0.804608      1.000000      0.935135           NaN           NaN
    0.000000      0.020947      0.990948      0.970001      0.021139      0.045016      1.013683      0.465330      0.977572      0.916220      1.180836      3.372734
    1.000000      0.019860      0.932335      0.912475      0.021301      0.042627      0.962143      0.465900      0.969019      0.908143      1.187062      3.388275
    2.000000      0.018845      0.876774      0.857930      0.021493      0.041175      0.911869      0.457670      0.961513      0.900199      1.199582      3.335857
    3.000000      0.017806      0.824104      0.806298      0.021606      0.038983      0.863658      0.456760      0.954202      0.893265      1.203544      3.177705
    4.000000      0.016829      0.774346      0.757517      0.021733      0.037041      0.816192      0.454343      0.948730      0.887820      1.258439      3.190570
  100.000000      0.000000      0.000860      0.000860      0.000000      0.000000      0.001063           NaN      0.809242      0.809242           NaN           NaN
 * The above water reflectance is actually an albedo calculation
   depth (m)           Eu            Ed             E            R*           Eou           Eod     meancosUP    meancosDown      meancos            rd            rup
    0.000000      0.029765      1.000000      0.970235      0.029765      0.036812      1.000000      0.808569      1.000000      0.935787           NaN           NaN
    0.000000      0.020513      0.990747      0.970235      0.020704      0.044096      1.013038      0.465184      0.977997      0.917798      1.173582      3.365017
    1.000000      0.019509      0.932372      0.912863      0.020924      0.042088      0.961700      0.463522      0.969504      0.909418      1.181471      3.228395
    2.000000      0.018426      0.876766      0.858340      0.021016      0.040198      0.911558      0.458380      0.961833      0.901850      1.193787      3.293195
    3.000000      0.017408      0.824191      0.806782      0.021122      0.038161      0.862970      0.456180      0.955063      0.895300      1.192273      3.192931
    4.000000      0.016457      0.774358      0.757901      0.021253      0.036402      0.815844      0.452100      0.949150      0.889299      1.255974      3.221140
  100.000000      0.000000      0.000883      0.000883      0.000000      0.000000      0.001104           NaN      0.799977      0.799977           NaN           NaN
 * The above water reflectance is actually an albedo calculation
   depth (m)           Eu            Ed             E            R*           Eou           Eod     meancosUP    meancosDown      meancos            rd            rup
    0.000000      0.029497      1.000000      0.970503      0.029497      0.036427      1.000000      0.809746      1.000000      0.936393           NaN           NaN
    0.000000      0.019971      0.990474      0.970503      0.020163      0.042681      1.011921      0.467900      0.978805      0.920255      1.169148      3.250395
    1.000000      0.018944      0.932092      0.913149      0.020324      0.040762      0.960613      0.464742      0.970310      0.911895      1.182950      3.393297
    2.000000      0.017949      0.876621      0.858671      0.020476      0.038978      0.910519      0.460503      0.962771      0.904344      1.199373      3.348101
    3.000000      0.016964      0.824042      0.807078      0.020587      0.037193      0.861957      0.456118      0.956013      0.897601      1.199810      3.329404
    4.000000      0.016042      0.774307      0.758265      0.020718      0.035288      0.815480      0.454616      0.949511      0.891271      1.257333      3.243337
  100.000000      0.000000      0.000887      0.000887      0.000000      0.000000      0.001084           NaN      0.817644      0.817644           NaN           NaN
 * The above water reflectance is actually an albedo calculation
   depth (m)           Eu            Ed             E            R*           Eou           Eod     meancosUP    meancosDown      meancos            rd            rup
    0.000000      0.029091      1.000000      0.970909      0.029091      0.035675      1.000000      0.815452      1.000000      0.937464           NaN           NaN
    0.000000      0.019160      0.990069      0.970909      0.019353      0.041096      1.010800      0.466234      0.979490      0.923008      1.175428      3.367022
    1.000000      0.018160      0.931313      0.913153      0.019500      0.039438      0.958943      0.460483      0.971187      0.914633      1.188294      3.403809
    2.000000      0.017199      0.875675      0.858477      0.019641      0.037669      0.908728      0.456576      0.963627      0.907099      1.195216      3.325312
    3.000000      0.016306      0.822916      0.806610      0.019815      0.035748      0.860092      0.456135      0.956776      0.900394      1.203506      3.440585
    4.000000      0.015405      0.773162      0.757757      0.019925      0.034213      0.813139      0.450262      0.950836      0.894264      1.257090      3.306299
  100.000000      0.000000      0.000885      0.000885      0.000000      0.000000      0.001086           NaN      0.814762      0.814762           NaN           NaN
 * The above water reflectance is actually an albedo calculation
   depth (m)           Eu            Ed             E            R*           Eou           Eod     meancosUP    meancosDown      meancos            rd            rup
    0.000000      0.028888      1.000000      0.971112      0.028888      0.035278      1.000000      0.818861      1.000000      0.938021           NaN           NaN
    0.000000      0.018469      0.989581      0.971112      0.018663      0.039394      1.009353      0.468819      0.980411      0.925974      1.174147      3.657505
    1.000000      0.017550      0.930834      0.913283      0.018854      0.038187      0.957705      0.459591      0.971942      0.917051      1.185082      3.612896
    2.000000      0.016677      0.875133      0.858456      0.019056      0.036488      0.907942      0.457049      0.963865      0.908968      1.195663      3.454351
    3.000000      0.015705      0.822250      0.806545      0.019100      0.034573      0.858482      0.454247      0.957795      0.903131      1.203030      3.528406
    4.000000      0.014870      0.772207      0.757337      0.019257      0.032843      0.811621      0.452761      0.951438      0.896826      1.262274      3.406609
  100.000000      0.000000      0.000854      0.000854      0.000000      0.000000      0.001053           NaN      0.810721      0.810721           NaN           NaN
 * The above water reflectance is actually an albedo calculation
   depth (m)           Eu            Ed             E            R*           Eou           Eod     meancosUP    meancosDown      meancos            rd            rup
    0.000000      0.028800      1.000000      0.971200      0.028800      0.035140      1.000000      0.819584      1.000000      0.938231           NaN           NaN
    0.000000      0.018384      0.989584      0.971200      0.018577      0.039558      1.009616      0.464736      0.980159      0.925681      1.173808      3.554619
    1.000000      0.017453      0.931180      0.913727      0.018743      0.037906      0.958297      0.460429      0.971703      0.917210      1.196036      3.539394
    2.000000      0.016498      0.875684      0.859187      0.018840      0.035880      0.907777      0.459806      0.964647      0.910486      1.198216      3.416864
    3.000000      0.015587      0.823264      0.807677      0.018933      0.034317      0.859679      0.454193      0.957641      0.903446      1.197222      3.556526
    4.000000      0.014769      0.773489      0.758721      0.019094      0.033069      0.812506      0.446602      0.951980      0.897284      1.267596      3.435550
  100.000000      0.000000      0.000927      0.000927      0.000000      0.000000      0.001127           NaN      0.822164      0.822164           NaN           NaN
 * The above water reflectance is actually an albedo calculation
   depth (m)           Eu            Ed             E            R*           Eou           Eod     meancosUP    meancosDown      meancos            rd            rup
    0.000000      0.028742      1.000000      0.971258      0.028742      0.035123      1.000000      0.818331      1.000000      0.938301           NaN           NaN
    0.000000      0.018321      0.989578      0.971258      0.018514      0.039439      1.009570      0.464525      0.980198      0.925881      1.179053      3.569039
    1.000000      0.017342      0.931648      0.914306      0.018614      0.037875      0.958586      0.457875      0.971898      0.917554      1.195586      3.637340
    2.000000      0.016392      0.876377      0.859985      0.018704      0.035671      0.908816      0.459535      0.964307      0.910532      1.201611      3.538462
    3.000000      0.015517      0.824441      0.808924      0.018821      0.034357      0.860981      0.451626      0.957560      0.903485      1.210453      3.528896
    4.000000      0.014668      0.775088      0.760420      0.018924      0.032678      0.814142      0.448861      0.952031      0.897971      1.267504      3.516609
  100.000000      0.000000      0.000967      0.000967      0.000000      0.000000      0.001191           NaN      0.812369      0.812369           NaN           NaN
 * The above water reflectance is actually an albedo calculation
   depth (m)           Eu            Ed             E            R*           Eou           Eod     meancosUP    meancosDown      meancos            rd            rup
    0.000000      0.028465      1.000000      0.971535      0.028465      0.034509      1.000000      0.824851      1.000000      0.939127           NaN           NaN
    0.000000      0.017770      0.989305      0.971535      0.017962      0.038505      1.008975      0.461496      0.980506      0.927498      1.180255      3.592437
    1.000000      0.016864      0.931469      0.914605      0.018105      0.036754      0.958220      0.458824      0.972082      0.919225      1.197121      3.684692
    2.000000      0.015992      0.876454      0.860462      0.018246      0.034798      0.908355      0.459567      0.964881      0.912325      1.203783      3.630497
    3.000000      0.015139      0.824258      0.809119      0.018367      0.033443      0.859827      0.452671      0.958632      0.905794      1.215652      3.530625
    4.000000      0.014308      0.774995      0.760687      0.018462      0.032112      0.813610      0.445558      0.952539      0.899453      1.271796      3.548921
  100.000000      0.000000      0.000933      0.000933      0.000000      0.000000      0.001131           NaN      0.825149      0.825149           NaN           NaN
 * The above water reflectance is actually an albedo calculation
   depth (m)           Eu            Ed             E            R*           Eou           Eod     meancosUP    meancosDown      meancos            rd            rup
    0.000000      0.028056      1.000000      0.971944      0.028056      0.033969      1.000000      0.825934      1.000000      0.940013           NaN           NaN
    0.000000      0.017193      0.989137      0.971944      0.017382      0.036828      1.007739      0.466855      0.981541      0.930476      1.177354      3.825682
    1.000000      0.016387      0.931092      0.914705      0.017599      0.035637      0.957075      0.459817      0.972851      0.921420      1.193982      3.655314
    2.000000      0.015543      0.876017      0.860474      0.017743      0.034196      0.907509      0.454532      0.965298      0.913740      1.201303      3.593653
    3.000000      0.014736      0.823543      0.808807      0.017893      0.032584      0.858892      0.452241      0.958843      0.907267      1.219555      3.701166
    4.000000      0.013937      0.773874      0.759937      0.018010      0.031636      0.812285      0.440542      0.952713      0.900483      1.280481      3.600773
  100.000000      0.000000      0.000934      0.000934      0.000000      0.000000      0.001144           NaN      0.816678      0.816678           NaN           NaN
 * The above water reflectance is actually an albedo calculation
   depth (m)           Eu            Ed             E            R*           Eou           Eod     meancosUP    meancosDown      meancos            rd            rup
    0.000000      0.028030      1.000000      0.971970      0.028030      0.033873      1.000000      0.827504      1.000000      0.940126           NaN           NaN
    0.000000      0.017150      0.989120      0.971970      0.017338      0.037511      1.008446      0.457197      0.980836      0.929264      1.191956      3.850457
    1.000000      0.016289      0.931466      0.915177      0.017487      0.036080      0.957621      0.451455      0.972687      0.920978      1.204190      3.809359
    2.000000      0.015425      0.876609      0.861184      0.017596      0.034299      0.907799      0.449723      0.965642      0.914113      1.219276      3.733457
    3.000000      0.014619      0.824750      0.810132      0.017725      0.032584      0.860034      0.448637      0.958974      0.907590      1.217094      3.605996
    4.000000      0.013842      0.775543      0.761701      0.017848      0.031144      0.813637      0.444456      0.953181      0.901655      1.282235      3.695635
  100.000000      0.000000      0.001006      0.001006      0.000000      0.000000      0.001232           NaN      0.816698      0.816698           NaN           NaN
 * The above water reflectance is actually an albedo calculation
   depth (m)           Eu            Ed             E            R*           Eou           Eod     meancosUP    meancosDown      meancos            rd            rup
    0.000000      0.028078      1.000000      0.971922      0.028078      0.033870      1.000000      0.828991      1.000000      0.940082           NaN           NaN
    0.000000      0.017043      0.988965      0.971922      0.017233      0.037187      1.008088      0.458291      0.981030      0.929824      1.185690      3.777250
    1.000000      0.016157      0.931300      0.915142      0.017349      0.035310      0.957246      0.457585      0.972894      0.922005      1.205939      3.835826
    2.000000      0.015319      0.876583      0.861264      0.017476      0.033819      0.908071      0.452979      0.965325      0.914400      1.204324      3.989538
    3.000000      0.014576      0.824799      0.810223      0.017672      0.032811      0.860407      0.444239      0.958615      0.907084      1.217853      3.721794
    4.000000      0.013751      0.775678      0.761927      0.017727      0.030976      0.813845      0.443910      0.953103      0.901880      1.284580      3.744782
  100.000000      0.000000      0.001002      0.001002      0.000000      0.000000      0.001257           NaN      0.796865      0.796865           NaN           NaN
 * The above water reflectance is actually an albedo calculation
   depth (m)           Eu            Ed             E            R*           Eou           Eod     meancosUP    meancosDown      meancos            rd            rup
    0.000000      0.027724      1.000000      0.972276      0.027724      0.033372      1.000000      0.830749      1.000000      0.940877           NaN           NaN
    0.000000      0.016444      0.988720      0.972276      0.016631      0.035607      1.006893      0.461814      0.981951      0.932639      1.188788      3.932147
    1.000000      0.015602      0.929998      0.914396      0.016777      0.034674      0.955518      0.449979      0.973292      0.923453      1.201480      3.966057
    2.000000      0.014758      0.874174      0.859417      0.016882      0.032651      0.905062      0.451984      0.965873      0.916503      1.204527      3.807020
    3.000000      0.013923      0.821394      0.807472      0.016950      0.031068      0.856003      0.448132      0.959570      0.910267      1.226376      3.934884
    4.000000      0.013195      0.771609      0.758415      0.017100      0.030067      0.809055      0.438848      0.953717      0.903819      1.289680      3.803490
  100.000000      0.000000      0.000876      0.000876      0.000000      0.000000      0.001085           NaN      0.807736      0.807736           NaN           NaN
 * The above water reflectance is actually an albedo calculation
   depth (m)           Eu            Ed             E            R*           Eou           Eod     meancosUP    meancosDown      meancos            rd            rup
    0.000000      0.027333      1.000000      0.972667      0.027333      0.032664      1.000000      0.836788      1.000000      0.941901           NaN           NaN
    0.000000      0.015673      0.988340      0.972667      0.015858      0.034307      1.006061      0.456846      0.982387      0.934926      1.186429      3.928495
    1.000000      0.014795      0.927898      0.913103      0.015945      0.032483      0.952784      0.455480      0.973881      0.926757      1.199584      3.856842
    2.000000      0.013957      0.870500      0.856543      0.016033      0.030816      0.900320      0.452912      0.966879      0.919891      1.209267      3.819600
    3.000000      0.013154      0.816481      0.803327      0.016110      0.029440      0.850045      0.446807      0.960515      0.913407      1.214426      3.836868
    4.000000      0.012434      0.765319      0.752886      0.016246      0.028291      0.801713      0.439494      0.954605      0.907087      1.286893      3.907668
  100.000000      0.000000      0.000682      0.000682      0.000000      0.000000      0.000828           NaN      0.824257      0.824257           NaN           NaN
 * The above water reflectance is actually an albedo calculation
   depth (m)           Eu            Ed             E            R*           Eou           Eod     meancosUP    meancosDown      meancos            rd            rup
    0.000000      0.026826      1.000000      0.973174      0.026826      0.031811      1.000000      0.843303      1.000000      0.943170           NaN           NaN
    0.000000      0.014647      0.987820      0.973174      0.014827      0.031706      1.004037      0.461964      0.983848      0.939590      1.182145      3.928178
    1.000000      0.013823      0.924556      0.910733      0.014951      0.030347      0.948325      0.455506      0.974936      0.930580      1.199642      4.152209
    2.000000      0.013052      0.864767      0.851715      0.015093      0.029169      0.893812      0.447457      0.967504      0.922787      1.214356      4.029177
    3.000000      0.012301      0.808676      0.796375      0.015211      0.027517      0.841365      0.447025      0.961147      0.916552      1.214935      3.987308
    4.000000      0.011533      0.755683      0.744150      0.015262      0.025987      0.791382      0.443804      0.954891      0.910421      1.286314      3.965089
  100.000000      0.000000      0.000520      0.000520      0.000000      0.000000      0.000632           NaN      0.822717      0.822717           NaN           NaN
 * The above water reflectance is actually an albedo calculation
   depth (m)           Eu            Ed             E            R*           Eou           Eod     meancosUP    meancosDown      meancos            rd            rup
    0.000000      0.026390      1.000000      0.973609      0.026390      0.030923      1.000000      0.853427      1.000000      0.944406           NaN           NaN
    0.000000      0.013654      0.987263      0.973609      0.013830      0.029973      1.002813      0.455542      0.984494      0.942703      1.182760      4.218326
    1.000000      0.012836      0.920515      0.907679      0.013944      0.028277      0.943243      0.453939      0.975904      0.934288      1.191184      4.156823
    2.000000      0.012047      0.858178      0.846131      0.014038      0.026949      0.885854      0.447036      0.968758      0.926959      1.207149      4.108561
    3.000000      0.011288      0.799441      0.788153      0.014120      0.025360      0.830928      0.445104      0.962106      0.920430      1.210759      4.118661
    4.000000      0.010568      0.744348      0.733780      0.014197      0.023894      0.778309      0.442285      0.956365      0.914706      1.276997      4.065561
  100.000000      0.000000      0.000328      0.000328      0.000000      0.000000      0.000398           NaN      0.825598      0.825598           NaN           NaN
 * The above water reflectance is actually an albedo calculation
   depth (m)           Eu            Ed             E            R*           Eou           Eod     meancosUP    meancosDown      meancos            rd            rup
    0.000000      0.025841      1.000000      0.974159      0.025841      0.030074      1.000000      0.859250      1.000000      0.945717           NaN           NaN
    0.000000      0.012635      0.986794      0.974159      0.012804      0.027707      1.001169      0.456029      0.985642      0.946819      1.184525      4.254292
    1.000000      0.011834      0.915934      0.904100      0.012921      0.026133      0.937439      0.452849      0.977061      0.938280      1.195166      4.145848
    2.000000      0.011060      0.849731      0.838671      0.013016      0.024635      0.875832      0.448952      0.970198      0.931374      1.203760      4.203618
    3.000000      0.010304      0.787783      0.777480      0.013079      0.023241      0.817453      0.443331      0.963705      0.924807      1.209468      4.224481
    4.000000      0.009637      0.729918      0.720281      0.013203      0.021769      0.762231      0.442694      0.957607      0.918725      1.268591      4.078908
  100.000000      0.000000      0.000207      0.000207      0.000000      0.000000      0.000247           NaN      0.837134      0.837134           NaN           NaN
 * The above water reflectance is actually an albedo calculation
   depth (m)           Eu            Ed             E            R*           Eou           Eod     meancosUP    meancosDown      meancos            rd            rup
    0.000000      0.025592      1.000000      0.974408      0.025592      0.029544      1.000000      0.866246      1.000000      0.946446           NaN           NaN
    0.000000      0.011815      0.986223      0.974408      0.011980      0.025595      0.999357      0.461606      0.986858      0.950686      1.181175      4.338564
    1.000000      0.011011      0.911705      0.900695      0.012077      0.024507      0.932212      0.449279      0.978001      0.941440      1.199564      4.441047
    2.000000      0.010269      0.842249      0.831980      0.012193      0.023131      0.867759      0.443961      0.970602      0.933875      1.199120      4.189197
    3.000000      0.009490      0.777698      0.768208      0.012203      0.021625      0.806465      0.438848      0.964330      0.927686      1.205110      4.205667
    4.000000      0.008815      0.717794      0.708979      0.012281      0.020196      0.748860      0.436492      0.958516      0.921882      1.261273      4.158125
  100.000000      0.000000      0.000131      0.000131      0.000000      0.000000      0.000153           NaN      0.854759      0.854759           NaN           NaN
 * The above water reflectance is actually an albedo calculation
   depth (m)           Eu            Ed             E            R*           Eou           Eod     meancosUP    meancosDown      meancos            rd            rup
    0.000000      0.025345      1.000000      0.974655      0.025345      0.029221      1.000000      0.867348      1.000000      0.946984           NaN           NaN
    0.000000      0.011619      0.986274      0.974655      0.011780      0.025624      0.999668      0.453418      0.986602      0.950612      1.177928      4.504280
    1.000000      0.010838      0.911806      0.900968      0.011887      0.024082      0.932227      0.450048      0.978094      0.942130      1.189640      4.471940
    2.000000      0.010112      0.842059      0.831947      0.012009      0.022698      0.867479      0.445499      0.970697      0.934586      1.202600      4.329909
    3.000000      0.009427      0.777388      0.767960      0.012127      0.021272      0.806147      0.443190      0.964325      0.928140      1.217288      4.404400
    4.000000      0.008756      0.717004      0.708249      0.012211      0.019932      0.747987      0.439284      0.958579      0.922297      1.267304      4.209061
  100.000000      0.000000      0.000123      0.000123      0.000000      0.000000      0.000149           NaN      0.825737      0.825737           NaN           NaN
 * The above water reflectance is actually an albedo calculation
   depth (m)           Eu            Ed             E            R*           Eou           Eod     meancosUP    meancosDown      meancos            rd            rup
    0.000000      0.025251      1.000000      0.974749      0.025251      0.029123      1.000000      0.867037      1.000000      0.947165           NaN           NaN
    0.000000      0.011548      0.986297      0.974749      0.011708      0.025330      0.999485      0.455894      0.986805      0.951146      1.179131      4.659207
    1.000000      0.010799      0.911989      0.901190      0.011841      0.024160      0.932483      0.446977      0.978022      0.942034      1.196887      4.358163
    2.000000      0.010106      0.842715      0.832609      0.011992      0.022715      0.867972      0.444888      0.970901      0.934794      1.211735      4.498087
    3.000000      0.009435      0.778228      0.768794      0.012123      0.021432      0.806871      0.440215      0.964501      0.928155      1.211327      4.479688
    4.000000      0.008794      0.718160      0.709365      0.012246      0.020153      0.749581      0.436387      0.958082      0.921572      1.274646      4.308466
  100.000000      0.000000      0.000134      0.000134      0.000000      0.000000      0.000163           NaN      0.826662      0.826662           NaN           NaN
 * The above water reflectance is actually an albedo calculation
   depth (m)           Eu            Ed             E            R*           Eou           Eod     meancosUP    meancosDown      meancos            rd            rup
    0.000000      0.025212      1.000000      0.974788      0.025212      0.028960      1.000000      0.870577      1.000000      0.947353           NaN           NaN
    0.000000      0.011343      0.986131      0.974788      0.011503      0.025019      0.999214      0.453384      0.986907      0.951726      1.184957      4.671388
    1.000000      0.010646      0.911145      0.900499      0.011684      0.023941      0.931873      0.444653      0.977756      0.942127      1.194723      4.582365
    2.000000      0.009865      0.841266      0.831400      0.011727      0.022195      0.866792      0.444492      0.970551      0.935222      1.206491      4.502251
    3.000000      0.009247      0.776195      0.766949      0.011913      0.021387      0.804884      0.432352      0.964357      0.928205      1.216641      4.367866
    4.000000      0.008616      0.715682      0.707066      0.012039      0.019827      0.746968      0.434558      0.958116      0.922106      1.278707      4.285034
  100.000000      0.000000      0.000122      0.000122      0.000000      0.000000      0.000143           NaN      0.851304      0.851304           NaN           NaN
 * The above water reflectance is actually an albedo calculation
   depth (m)           Eu            Ed             E            R*           Eou           Eod     meancosUP    meancosDown      meancos            rd            rup
    0.000000      0.025182      1.000000      0.974818      0.025182      0.028915      1.000000      0.870919      1.000000      0.947423           NaN           NaN
    0.000000      0.011153      0.985971      0.974818      0.011312      0.024685      0.998916      0.451835      0.987041      0.952342      1.180813      4.585710
    1.000000      0.010432      0.909043      0.898610      0.011476      0.023462      0.929212      0.444649      0.978294      0.943251      1.191878      4.326261
    2.000000      0.009670      0.837663      0.827993      0.011544      0.021966      0.862640      0.440216      0.971046      0.936003      1.211442      4.469155
    3.000000      0.008948      0.771496      0.762548      0.011598      0.020379      0.799798      0.439074      0.964613      0.929735      1.223035      4.703117
    4.000000      0.008265      0.710178      0.701914      0.011638      0.018934      0.740822      0.436507      0.958636      0.923868      1.274043      4.398072
  100.000000      0.000000      0.000095      0.000095      0.000000      0.000000      0.000117           NaN      0.816994      0.816994           NaN           NaN
 * The above water reflectance is actually an albedo calculation
   depth (m)           Eu            Ed             E            R*           Eou           Eod     meancosUP    meancosDown      meancos            rd            rup
    0.000000      0.024908      1.000000      0.975092      0.024908      0.028340      1.000000      0.878896      1.000000      0.948220           NaN           NaN
    0.000000      0.010597      0.985689      0.975092      0.010751      0.023409      0.997966      0.452706      0.987699      0.954687      1.178892      4.702814
    1.000000      0.009879      0.906646      0.896767      0.010896      0.022217      0.926202      0.444662      0.978886      0.945539      1.193355      4.429150
    2.000000      0.009145      0.833385      0.824240      0.010974      0.020732      0.857753      0.441121      0.971591      0.938252      1.206652      4.837500
    3.000000      0.008474      0.765393      0.756919      0.011071      0.019120      0.793052      0.443172      0.965123      0.931969      1.204189      4.420899
    4.000000      0.007777      0.702440      0.694662      0.011072      0.017877      0.732211      0.435042      0.959341      0.926108      1.270986      4.415854
  100.000000      0.000000      0.000082      0.000082      0.000000      0.000000      0.000100           NaN      0.820648      0.820648           NaN           NaN
 * The above water reflectance is actually an albedo calculation
   depth (m)           Eu            Ed             E            R*           Eou           Eod     meancosUP    meancosDown      meancos            rd            rup
    0.000000      0.024555      1.000000      0.975445      0.024555      0.027886      1.000000      0.880529      1.000000      0.948982           NaN           NaN
    0.000000      0.010098      0.985544      0.975445      0.010246      0.022608      0.997550      0.446663      0.987964      0.956171      1.184876      4.681620
    1.000000      0.009292      0.903431      0.894139      0.010286      0.020868      0.922363      0.445304      0.979474      0.947953      1.202076      5.004509
    2.000000      0.008617      0.827537      0.818920      0.010413      0.019598      0.850995      0.439667      0.972434      0.940645      1.201095      4.485762
    3.000000      0.007963      0.757463      0.749500      0.010512      0.018233      0.784261      0.436724      0.965831      0.933964      1.213176      4.539145
    4.000000      0.007344      0.692911      0.685566      0.010599      0.017106      0.721816      0.429348      0.959955      0.927793      1.267064      4.462180
  100.000000      0.000000      0.000057      0.000057      0.000000      0.000000      0.000069           NaN      0.829944      0.829944           NaN           NaN
 * The above water reflectance is actually an albedo calculation
   depth (m)           Eu            Ed             E            R*           Eou           Eod     meancosUP    meancosDown      meancos            rd            rup
    0.000000      0.024478      1.000000      0.975522      0.024478      0.027666      1.000000      0.884770      1.000000      0.949259           NaN           NaN
    0.000000      0.009703      0.985224      0.975522      0.009848      0.021382      0.996427      0.453768      0.988757      0.958452      1.175247      4.905961
    1.000000      0.009005      0.900718      0.891713      0.009998      0.020331      0.918926      0.442934      0.980186      0.949381      1.195303      4.849006
    2.000000      0.008334      0.822859      0.814525      0.010128      0.019028      0.846001      0.437976      0.972644      0.941614      1.202791      4.444255
    3.000000      0.007649      0.751179      0.743530      0.010183      0.017630      0.777528      0.433881      0.966112      0.935072      1.218138      4.462005
    4.000000      0.006989      0.685541      0.678552      0.010195      0.016356      0.713755      0.427327      0.960472      0.929383      1.264160      4.567273
  100.000000      0.000000      0.000035      0.000035      0.000000      0.000000      0.000040           NaN      0.877617      0.877617           NaN           NaN
 * The above water reflectance is actually an albedo calculation
   depth (m)           Eu            Ed             E            R*           Eou           Eod     meancosUP    meancosDown      meancos            rd            rup
    0.000000      0.024098      1.000000      0.975902      0.024098      0.027126      1.000000      0.888388      1.000000      0.950129           NaN           NaN
    0.000000      0.009301      0.985203      0.975902      0.009441      0.020684      0.996139      0.449674      0.989021      0.959756      1.185013      4.920345
    1.000000      0.008588      0.898169      0.889581      0.009562      0.019451      0.916262      0.441510      0.980253      0.950698      1.191331      4.967947
    2.000000      0.007900      0.818211      0.810311      0.009655      0.018033      0.841048      0.438088      0.972846      0.943229      1.205370      4.763640
    3.000000      0.007238      0.744708      0.737470      0.009720      0.016745      0.770365      0.432268      0.966695      0.936934      1.213914      4.805160
    4.000000      0.006658      0.677471      0.670813      0.009827      0.015448      0.704886      0.430992      0.961107      0.931253      1.263679      4.491091
  100.000000      0.000000      0.000027      0.000027      0.000000      0.000000      0.000031           NaN      0.868201      0.868201           NaN           NaN
 * The above water reflectance is actually an albedo calculation
   depth (m)           Eu            Ed             E            R*           Eou           Eod     meancosUP    meancosDown      meancos            rd            rup
    0.000000      0.024288      1.000000      0.975712      0.024288      0.027170      1.000000      0.893948      1.000000      0.949903           NaN           NaN
    0.000000      0.008926      0.984638      0.975712      0.009066      0.019842      0.995129      0.449869      0.989458      0.961320      1.179935      5.015893
    1.000000      0.008246      0.895556      0.887310      0.009208      0.018607      0.912934      0.443175      0.980965      0.952518      1.185250      4.890606
    2.000000      0.007567      0.814011      0.806444      0.009296      0.017259      0.836351      0.438468      0.973289      0.944745      1.208952      4.801056
    3.000000      0.006966      0.739396      0.732430      0.009421      0.016121      0.764388      0.432115      0.967305      0.938400      1.226439      5.051987
    4.000000      0.006365      0.670935      0.664570      0.009487      0.014804      0.697849      0.429953      0.961433      0.932530      1.257425      4.514832
  100.000000      0.000000      0.000025      0.000025      0.000000      0.000000      0.000029           NaN      0.860087      0.860087           NaN           NaN
 * The above water reflectance is actually an albedo calculation
   depth (m)           Eu            Ed             E            R*           Eou           Eod     meancosUP    meancosDown      meancos            rd            rup
    0.000000      0.023782      1.000000      0.976218      0.023782      0.026489      1.000000      0.897821      1.000000      0.951026           NaN           NaN
    0.000000      0.008367      0.984584      0.976218      0.008498      0.018449      0.994295      0.453511      0.990234      0.963933      1.184550      5.020320
    1.000000      0.007648      0.890723      0.883076      0.008586      0.017285      0.907771      0.442462      0.981221      0.954619      1.188324      4.822259
    2.000000      0.006986      0.805158      0.798172      0.008677      0.016001      0.826520      0.436609      0.974153      0.947361      1.206310      5.065110
    3.000000      0.006344      0.727079      0.720735      0.008725      0.014455      0.751312      0.438857      0.967746      0.941194      1.207294      5.098315
    4.000000      0.005768      0.656213      0.650445      0.008790      0.013390      0.681896      0.430785      0.962336      0.935506      1.251555      4.689972
  100.000000      0.000000      0.000013      0.000013      0.000000      0.000000      0.000016           NaN      0.825781      0.825781           NaN           NaN
 * The above water reflectance is actually an albedo calculation
   depth (m)           Eu            Ed             E            R*           Eou           Eod     meancosUP    meancosDown      meancos            rd            rup
    0.000000      0.023398      1.000000      0.976602      0.023398      0.025842      1.000000      0.905453      1.000000      0.952000           NaN           NaN
    0.000000      0.007456      0.984058      0.976602      0.007577      0.016611      0.992891      0.448891      0.991104      0.967410      1.172053      5.074188
    1.000000      0.006754      0.880318      0.873563      0.007672      0.015266      0.896071      0.442420      0.982420      0.958551      1.170659      4.869749
    2.000000      0.006087      0.786900      0.780813      0.007735      0.014032      0.806792      0.433784      0.975344      0.951255      1.192481      5.074330
    3.000000      0.005454      0.702690      0.697236      0.007762      0.012494      0.725038      0.436545      0.969177      0.945363      1.187407      4.898987
    4.000000      0.004917      0.627314      0.622397      0.007838      0.011283      0.650891      0.435753      0.963778      0.939930      1.244945      4.715492
  100.000000      0.000000      0.000005      0.000005      0.000000      0.000000      0.000006           NaN      0.780004      0.780004           NaN           NaN
 * The above water reflectance is actually an albedo calculation
   depth (m)           Eu            Ed             E            R*           Eou           Eod     meancosUP    meancosDown      meancos            rd            rup
    0.000000      0.022723      1.000000      0.977277      0.022723      0.024737      1.000000      0.918573      1.000000      0.953686           NaN           NaN
    0.000000      0.006366      0.983644      0.977277      0.006472      0.014164      0.991208      0.449465      0.992368      0.972055      1.165129      5.232818
    1.000000      0.005666      0.866139      0.860473      0.006542      0.012829      0.880487      0.441702      0.983705      0.963235      1.176665      4.999283
    2.000000      0.005043      0.761771      0.756728      0.006620      0.011509      0.779617      0.438162      0.977109      0.956519      1.184369      4.728605
    3.000000      0.004425      0.669351      0.664926      0.006611      0.010110      0.689025      0.437687      0.971446      0.951069      1.188579      5.114100
    4.000000      0.003941      0.587734      0.583793      0.006705      0.009177      0.608451      0.429424      0.965950      0.945216      1.224487      4.884171
  100.000000      0.000000      0.000001      0.000001      0.000000      0.000000      0.000001           NaN      0.952423      0.952423           NaN           NaN
 * The above water reflectance is actually an albedo calculation
   depth (m)           Eu            Ed             E            R*           Eou           Eod     meancosUP    meancosDown      meancos            rd            rup
    0.000000      0.022516      1.000000      0.977484      0.022516      0.024248      1.000000      0.928553      1.000000      0.954343           NaN           NaN
    0.000000      0.005358      0.982842      0.977484      0.005451      0.011814      0.989096      0.453488      0.993677      0.976596      1.161894      5.244417
    1.000000      0.004690      0.848036      0.843346      0.005530      0.010698      0.860947      0.438385      0.985004      0.967533      1.174077      5.323103
    2.000000      0.004086      0.730584      0.726498      0.005593      0.009304      0.746770      0.439163      0.978326      0.960883      1.169616      5.208690
    3.000000      0.003557      0.628997      0.625440      0.005655      0.008283      0.646752      0.429434      0.972547      0.954818      1.182821      5.235680
    4.000000      0.003112      0.541307      0.538194      0.005750      0.007200      0.559575      0.432269      0.967354      0.949574      1.209471      4.831910
  100.000000      0.000000      0.000000      0.000000           NaN      0.000000      0.000000           NaN           NaN           NaN           NaN           NaN
 * The above water reflectance is actually an albedo calculation
   depth (m)           Eu            Ed             E            R*           Eou           Eod     meancosUP    meancosDown      meancos            rd            rup
    0.000000      0.022128      1.000000      0.977872      0.022128      0.023529      1.000000      0.940451      1.000000      0.955392           NaN           NaN
    0.000000      0.004458      0.982330      0.977872      0.004539      0.010014      0.987748      0.445214      0.994515      0.980065      1.151462      5.530034
    1.000000      0.003768      0.824116      0.820349      0.004572      0.008636      0.835737      0.436268      0.986095      0.971548      1.164868      4.879353
    2.000000      0.003199      0.690638      0.687440      0.004631      0.007318      0.704789      0.437072      0.979923      0.965360      1.186954      5.306368
    3.000000      0.002720      0.577928      0.575208      0.004707      0.006225      0.592815      0.437036      0.974888      0.960217      1.176036      5.160415
    4.000000      0.002265      0.483612      0.481347      0.004683      0.005161      0.498502      0.438851      0.970131      0.955694      1.194336      4.948147
  100.000000      0.000000      0.000000      0.000000           NaN      0.000000      0.000000           NaN           NaN           NaN           NaN           NaN
 * The above water reflectance is actually an albedo calculation
   depth (m)           Eu            Ed             E            R*           Eou           Eod     meancosUP    meancosDown      meancos            rd            rup
    0.000000      0.021629      1.000000      0.978371      0.021629      0.022732      1.000000      0.951458      1.000000      0.956625           NaN           NaN
    0.000000      0.003568      0.981940      0.978371      0.003634      0.007980      0.986253      0.447157      0.995627      0.984046      1.148892      5.744966
    1.000000      0.002893      0.788848      0.785955      0.003667      0.006560      0.798728      0.440999      0.987630      0.975992      1.165164      5.567281
    2.000000      0.002320      0.633021      0.630701      0.003665      0.005343      0.644819      0.434248      0.981703      0.970066      1.169592      5.682376
    3.000000      0.001873      0.507073      0.505200      0.003694      0.004306      0.519148      0.434981      0.976740      0.965126      1.169867      5.234331
    4.000000      0.001507      0.405949      0.404442      0.003712      0.003488      0.417559      0.431947      0.972196      0.960563      1.178797      5.349160
  100.000000      0.000000      0.000000      0.000000           NaN      0.000000      0.000000           NaN           NaN           NaN           NaN           NaN
 * The above water reflectance is actually an albedo calculation
   depth (m)           Eu            Ed             E            R*           Eou           Eod     meancosUP    meancosDown      meancos            rd            rup
    0.000000      0.021235      1.000000      0.978765      0.021235      0.022118      1.000000      0.960106      1.000000      0.957585           NaN           NaN
    0.000000      0.002926      0.981691      0.978765      0.002981      0.006490      0.985195      0.450860      0.996443      0.986971      1.146783      6.008738
    1.000000      0.002254      0.755559      0.753305      0.002984      0.005004      0.764479      0.450513      0.988331      0.978974      1.157908      6.168139
    2.000000      0.001764      0.580396      0.578632      0.003040      0.004050      0.590536      0.435583      0.982829      0.973167      1.172903      5.297323
    3.000000      0.001400      0.445241      0.443842      0.003143      0.003210      0.455140      0.436014      0.978252      0.968347      1.159519      4.745833
    4.000000      0.001059      0.340987      0.339929      0.003105      0.002457      0.350013      0.430780      0.974214      0.964419      1.163403      5.265579
  100.000000      0.000000      0.000000      0.000000           NaN      0.000000      0.000000           NaN           NaN           NaN           NaN           NaN
 * The above water reflectance is actually an albedo calculation
   depth (m)           Eu            Ed             E            R*           Eou           Eod     meancosUP    meancosDown      meancos            rd            rup
    0.000000      0.021075      1.000000      0.978925      0.021075      0.021889      1.000000      0.962840      1.000000      0.957956           NaN           NaN
    0.000000      0.002672      0.981596      0.978925      0.002722      0.005864      0.984741      0.455615      0.996806      0.988209      1.142671      5.185153
    1.000000      0.002032      0.735751      0.733719      0.002762      0.004599      0.744050      0.441802      0.988846      0.980057      1.143121      5.840494
    2.000000      0.001531      0.550669      0.549138      0.002781      0.003553      0.560022      0.430903      0.983298      0.974382      1.147426      5.426165
    3.000000      0.001146      0.411499      0.410353      0.002786      0.002652      0.420457      0.432263      0.978694      0.969850      1.151288      5.740645
    4.000000      0.000838      0.306971      0.306133      0.002731      0.001947      0.314847      0.430530      0.974986      0.966346      1.168806      5.417301
  100.000000      0.000000      0.000000      0.000000           NaN      0.000000      0.000000           NaN           NaN           NaN           NaN           NaN
 * The above water reflectance is actually an albedo calculation
   depth (m)           Eu            Ed             E            R*           Eou           Eod     meancosUP    meancosDown      meancos            rd            rup
    0.000000      0.021072      1.000000      0.978928      0.021072      0.021823      1.000000      0.965590      1.000000      0.958021           NaN           NaN
    0.000000      0.002491      0.981419      0.978928      0.002539      0.005552      0.984438      0.448709      0.996934      0.988826      1.138419      6.145468
    1.000000      0.001845      0.722869      0.721024      0.002553      0.004104      0.730533      0.449556      0.989509      0.981469      1.141966      6.413292
    2.000000      0.001368      0.531040      0.529673      0.002575      0.003177      0.539616      0.430535      0.984109      0.975830      1.152974      4.972082
    3.000000      0.000996      0.389501      0.388505      0.002558      0.002270      0.397602      0.438904      0.979625      0.971574      1.151786      5.507747
    4.000000      0.000739      0.285669      0.284930      0.002588      0.001752      0.292728      0.421897      0.975886      0.967570      1.164136      5.461062
  100.000000      0.000000      0.000000      0.000000           NaN      0.000000      0.000000           NaN           NaN           NaN           NaN           NaN
 * The above water reflectance is actually an albedo calculation
   depth (m)           Eu            Ed             E            R*           Eou           Eod     meancosUP    meancosDown      meancos            rd            rup
    0.000000      0.020991      1.000000      0.979009      0.020991      0.021668      1.000000      0.968741      1.000000      0.958246           NaN           NaN
    0.000000      0.002308      0.981317      0.979009      0.002352      0.005161      0.984145      0.447195      0.997126      0.989592      1.142153      5.904187
    1.000000      0.001687      0.713994      0.712307      0.002362      0.003806      0.721565      0.443090      0.989508      0.981990      1.147446      5.532774
    2.000000      0.001218      0.518328      0.517110      0.002349      0.002761      0.526664      0.441152      0.984173      0.976741      1.159194      6.128226
    3.000000      0.000895      0.375804      0.374909      0.002380      0.002058      0.383476      0.434632      0.979992      0.972440      1.166554      7.108468
    4.000000      0.000659      0.272416      0.271758      0.002418      0.001558      0.278998      0.422594      0.976411      0.968639      1.161366      5.446982
  100.000000      0.000000      0.000000      0.000000           NaN      0.000000      0.000000           NaN           NaN           NaN           NaN           NaN
 * The above water reflectance is actually an albedo calculation
   depth (m)           Eu            Ed             E            R*           Eou           Eod     meancosUP    meancosDown      meancos            rd            rup
    0.000000      0.021068      1.000000      0.978932      0.021068      0.021739      1.000000      0.969115      1.000000      0.958104           NaN           NaN
    0.000000      0.002254      0.981187      0.978932      0.002298      0.004957      0.983848      0.454806      0.997295      0.990016      1.144043      5.721559
    1.000000      0.001646      0.708538      0.706892      0.002323      0.003696      0.715885      0.445396      0.989737      0.982367      1.155846      5.971280
    2.000000      0.001192      0.510346      0.509154      0.002335      0.002768      0.518336      0.430561      0.984586      0.977070      1.150616      6.425725
    3.000000      0.000846      0.367491      0.366645      0.002301      0.001917      0.374869      0.441077      0.980318      0.973086      1.157088      5.811642
    4.000000      0.000628      0.264425      0.263797      0.002376      0.001455      0.270728      0.431699      0.976719      0.969189      1.167652      6.156745
  100.000000      0.000000      0.000000      0.000000           NaN      0.000000      0.000000           NaN           NaN           NaN           NaN           NaN
 * The above water reflectance is actually an albedo calculation
   depth (m)           Eu            Ed             E            R*           Eou           Eod     meancosUP    meancosDown      meancos            rd            rup
    0.000000      0.021005      1.000000      0.978995      0.021005      0.021678      1.000000      0.968958      1.000000      0.958222           NaN           NaN
    0.000000      0.002184      0.981178      0.978995      0.002225      0.004924      0.983877      0.443487      0.997257      0.990082      1.141427      5.607207
    1.000000      0.001581      0.704790      0.703209      0.002244      0.003523      0.711909      0.448837      0.990001      0.982916      1.149369      5.615820
    2.000000      0.001158      0.504919      0.503761      0.002293      0.002694      0.512630      0.429760      0.984958      0.977563      1.154906      5.788895
    3.000000      0.000835      0.361500      0.360665      0.002311      0.001954      0.368633      0.427530      0.980651      0.973226      1.138578      5.542466
    4.000000      0.000603      0.258341      0.257738      0.002335      0.001414      0.264312      0.426602      0.977411      0.969940      1.162291      5.626819
  100.000000      0.000000      0.000000      0.000000           NaN      0.000000      0.000000           NaN           NaN           NaN           NaN           NaN
 * The above water reflectance is actually an albedo calculation
   depth (m)           Eu            Ed             E            R*           Eou           Eod     meancosUP    meancosDown      meancos            rd            rup
    0.000000      0.020981      1.000000      0.979019      0.020981      0.021647      1.000000      0.969252      1.000000      0.958275           NaN           NaN
    0.000000      0.002153      0.981172      0.979019      0.002194      0.004735      0.983716      0.454650      0.997414      0.990458      1.145405      6.087596
    1.000000      0.001561      0.701383      0.699822      0.002226      0.003459      0.708420      0.451452      0.990067      0.983063      1.142685      5.422355
    2.000000      0.001111      0.500223      0.499111      0.002222      0.002480      0.507864      0.448189      0.984954      0.977990      1.161907      5.267696
    3.000000      0.000794      0.356148      0.355354      0.002229      0.001813      0.363106      0.437905      0.980840      0.973790      1.153885      5.483566
    4.000000      0.000555      0.253503      0.252948      0.002190      0.001304      0.259284      0.425822      0.977704      0.970681      1.155694      5.550780
  100.000000      0.000000      0.000000      0.000000           NaN      0.000000      0.000000           NaN           NaN           NaN           NaN           NaN
 * The above water reflectance is actually an albedo calculation
   depth (m)           Eu            Ed             E            R*           Eou           Eod     meancosUP    meancosDown      meancos            rd            rup
    0.000000      0.020869      1.000000      0.979131      0.020869      0.021510      1.000000      0.970199      1.000000      0.958513           NaN           NaN
    0.000000      0.002087      0.981217      0.979131      0.002127      0.004544      0.983638      0.459189      0.997539      0.990841      1.137005      6.093599
    1.000000      0.001489      0.697963      0.696474      0.002133      0.003298      0.704849      0.451337      0.990229      0.983515      1.136980      6.088818
    2.000000      0.001054      0.495653      0.494599      0.002126      0.002359      0.502976      0.446730      0.985440      0.978754      1.152513      5.580241
    3.000000      0.000756      0.351299      0.350543      0.002153      0.001737      0.358031      0.435361      0.981195      0.974356      1.146020      5.485170
    4.000000      0.000549      0.248822      0.248273      0.002206      0.001276      0.254404      0.430332      0.978059      0.971031      1.152697      5.891028
  100.000000      0.000000      0.000000      0.000000           NaN      0.000000      0.000000           NaN           NaN           NaN           NaN           NaN
 * The above water reflectance is actually an albedo calculation
   depth (m)           Eu            Ed             E            R*           Eou           Eod     meancosUP    meancosDown      meancos            rd            rup
    0.000000      0.020867      1.000000      0.979133      0.020867      0.021458      1.000000      0.972459      1.000000      0.958565           NaN           NaN
    0.000000      0.001976      0.981110      0.979133      0.002014      0.004379      0.983492      0.451328      0.997577      0.991155      1.133943      6.575331
    1.000000      0.001410      0.693484      0.692074      0.002034      0.003170      0.700167      0.444954      0.990455      0.983986      1.146695      5.887243
    2.000000      0.001007      0.489430      0.488422      0.002058      0.002265      0.496605      0.444673      0.985551      0.979056      1.154437      5.483977
    3.000000      0.000731      0.344610      0.343878      0.002122      0.001644      0.351097      0.444782      0.981523      0.974874      1.153680      5.260942
    4.000000      0.000510      0.242455      0.241945      0.002105      0.001187      0.247878      0.430125      0.978122      0.971413      1.154989      6.064612
  100.000000      0.000000      0.000000      0.000000           NaN      0.000000      0.000000           NaN           NaN           NaN           NaN           NaN
 * The above water reflectance is actually an albedo calculation
   depth (m)           Eu            Ed             E            R*           Eou           Eod     meancosUP    meancosDown      meancos            rd            rup
    0.000000      0.020895      1.000000      0.979105      0.020895      0.021436      1.000000      0.974724      1.000000      0.958557           NaN           NaN
    0.000000      0.001891      0.980997      0.979105      0.001928      0.004157      0.983239      0.454956      0.997720      0.991604      1.152372      6.627608
    1.000000      0.001322      0.687643      0.686321      0.001923      0.003020      0.693986      0.437886      0.990861      0.984670      1.146467      6.904554
    2.000000      0.000922      0.481110      0.480188      0.001916      0.002139      0.488036      0.430946      0.985808      0.979626      1.151348      5.904193
    3.000000      0.000660      0.336075      0.335414      0.001965      0.001511      0.342223      0.436975      0.982034      0.975795      1.145556      5.570075
    4.000000      0.000457      0.234433      0.233976      0.001949      0.001047      0.239478      0.436511      0.978934      0.972773      1.160242      6.051678
  100.000000      0.000000      0.000000      0.000000           NaN      0.000000      0.000000           NaN           NaN           NaN           NaN           NaN
 * The above water reflectance is actually an albedo calculation
   depth (m)           Eu            Ed             E            R*           Eou           Eod     meancosUP    meancosDown      meancos            rd            rup
    0.000000      0.020678      1.000000      0.979322      0.020678      0.021217      1.000000      0.974628      1.000000      0.958976           NaN           NaN
    0.000000      0.001767      0.981089      0.979322      0.001801      0.003897      0.983204      0.453580      0.997849      0.992119      1.142535      6.538310
    1.000000      0.001212      0.677817      0.676605      0.001789      0.002795      0.684041      0.433732      0.990901      0.985103      1.154318      5.835343
    2.000000      0.000855      0.467807      0.466953      0.001827      0.001950      0.474322      0.438352      0.986265      0.980432      1.147448      4.292211
    3.000000      0.000602      0.322063      0.321461      0.001870      0.001411      0.327769      0.426806      0.982591      0.976550      1.150031      5.936760
    4.000000      0.000416      0.221374      0.220958      0.001879      0.000968      0.226079      0.429602      0.979187      0.973179      1.148813      5.680950
  100.000000      0.000000      0.000000      0.000000           NaN      0.000000      0.000000           NaN           NaN           NaN           NaN           NaN
 * The above water reflectance is actually an albedo calculation
   depth (m)           Eu            Ed             E            R*           Eou           Eod     meancosUP    meancosDown      meancos            rd            rup
    0.000000      0.020695      1.000000      0.979305      0.020695      0.021174      1.000000      0.977342      1.000000      0.958999           NaN           NaN
    0.000000      0.001645      0.980950      0.979305      0.001677      0.003585      0.982875      0.458815      0.998042      0.992747      1.140990      6.058225
    1.000000      0.001137      0.659777      0.658640      0.001723      0.002613      0.665672      0.435015      0.991144      0.985569      1.140224      5.991618
    2.000000      0.000763      0.442601      0.441838      0.001724      0.001763      0.448438      0.433010      0.986984      0.981425      1.149111      6.171339
    3.000000      0.000494      0.296404      0.295910      0.001666      0.001142      0.301447      0.432511      0.983271      0.977929      1.144365      6.154841
    4.000000      0.000340      0.198312      0.197972      0.001712      0.000824      0.202313      0.412178      0.980225      0.974577      1.146872      5.221408
  100.000000      0.000000      0.000000      0.000000           NaN      0.000000      0.000000           NaN           NaN           NaN           NaN           NaN
 * The above water reflectance is actually an albedo calculation
   depth (m)           Eu            Ed             E            R*           Eou           Eod     meancosUP    meancosDown      meancos            rd            rup
    0.000000      0.020677      1.000000      0.979323      0.020677      0.021131      1.000000      0.978533      1.000000      0.959057           NaN           NaN
    0.000000      0.001521      0.980844      0.979323      0.001551      0.003359      0.982666      0.452823      0.998146      0.993203      1.138805      6.822664
    1.000000      0.000996      0.641143      0.640147      0.001553      0.002210      0.646513      0.450665      0.991695      0.986782      1.148167      5.744642
    2.000000      0.000664      0.417729      0.417065      0.001590      0.001526      0.423059      0.435114      0.987402      0.982288      1.153735      5.548420
    3.000000      0.000416      0.271761      0.271345      0.001530      0.000976      0.276241      0.425815      0.983781      0.978816      1.132896      5.454531
    4.000000      0.000274      0.176463      0.176189      0.001552      0.000645      0.179807      0.424651      0.981406      0.976382      1.140080      6.068311
  100.000000      0.000000      0.000000      0.000000           NaN      0.000000      0.000000           NaN           NaN           NaN           NaN           NaN
 * The above water reflectance is actually an albedo calculation
   depth (m)           Eu            Ed             E            R*           Eou           Eod     meancosUP    meancosDown      meancos            rd            rup
    0.000000      0.020686      1.000000      0.979314      0.020686      0.021107      1.000000      0.980074      1.000000      0.959071           NaN           NaN
    0.000000      0.001418      0.980732      0.979314      0.001446      0.003167      0.982467      0.447839      0.998234      0.993588      1.136675      6.782008
    1.000000      0.000926      0.628070      0.627144      0.001475      0.002106      0.633107      0.439717      0.992045      0.987297      1.153869      6.623531
    2.000000      0.000610      0.401185      0.400575      0.001521      0.001385      0.406184      0.440531      0.987694      0.982840      1.156797      5.670461
    3.000000      0.000386      0.256170      0.255784      0.001506      0.000905      0.260212      0.426354      0.984464      0.979575      1.137769      4.658642
    4.000000      0.000246      0.163274      0.163028      0.001508      0.000546      0.166381      0.450952      0.981326      0.976641      1.140451      5.020523
  100.000000      0.000000      0.000000      0.000000           NaN      0.000000      0.000000           NaN           NaN           NaN           NaN           NaN
 * The above water reflectance is actually an albedo calculation
   depth (m)           Eu            Ed             E            R*           Eou           Eod     meancosUP    meancosDown      meancos            rd            rup
    0.000000      0.020595      1.000000      0.979405      0.020595      0.020995      1.000000      0.980929      1.000000      0.959266           NaN           NaN
    0.000000      0.001353      0.980759      0.979405      0.001380      0.003002      0.982400      0.450817      0.998329      0.993914      1.132056      6.205641
    1.000000      0.000853      0.619519      0.618666      0.001377      0.001887      0.624337      0.452041      0.992283      0.987931      1.137849      5.806915
    2.000000      0.000562      0.390431      0.389868      0.001440      0.001268      0.395027      0.443391      0.988365      0.983784      1.139530      6.773992
    3.000000      0.000354      0.245517      0.245163      0.001440      0.000805      0.249170      0.439422      0.985339      0.980753      1.137821      5.845725
    4.000000      0.000221      0.154065      0.153844      0.001437      0.000488      0.156806      0.454105      0.982520      0.978067      1.151863      6.084093
  100.000000      0.000000      0.000000      0.000000           NaN      0.000000      0.000000           NaN           NaN           NaN           NaN           NaN
 * The above water reflectance is actually an albedo calculation
   depth (m)           Eu            Ed             E            R*           Eou           Eod     meancosUP    meancosDown      meancos            rd            rup
    0.000000      0.020524      1.000000      0.979476      0.020524      0.020913      1.000000      0.981409      1.000000      0.959411           NaN           NaN
    0.000000      0.001309      0.980784      0.979476      0.001334      0.002864      0.982332      0.456992      0.998424      0.994193      1.142204      6.196985
    1.000000      0.000823      0.615058      0.614235      0.001338      0.001895      0.619774      0.434084      0.992390      0.988041      1.134431      6.164580
    2.000000      0.000510      0.384505      0.383995      0.001325      0.001120      0.389016      0.454859      0.988403      0.984259      1.127224      4.839183
    3.000000      0.000325      0.240146      0.239822      0.001352      0.000764      0.243735      0.424853      0.985278      0.980871      1.155014      6.578490
    4.000000      0.000207      0.149764      0.149557      0.001381      0.000493      0.152373      0.419757      0.982876      0.978355      1.141363      6.012846
  100.000000      0.000000      0.000000      0.000000           NaN      0.000000      0.000000           NaN           NaN           NaN           NaN           NaN
 * The above water reflectance is actually an albedo calculation
   depth (m)           Eu            Ed             E            R*           Eou           Eod     meancosUP    meancosDown      meancos            rd            rup
    0.000000      0.020557      1.000000      0.979443      0.020557      0.020911      1.000000      0.983045      1.000000      0.959381           NaN           NaN
    0.000000      0.001228      0.980671      0.979443      0.001252      0.002707      0.982147      0.453702      0.998498      0.994507      1.136653      6.597363
    1.000000      0.000761      0.609948      0.609188      0.001247      0.001758      0.614483      0.432643      0.992621      0.988555      1.149506      6.485185
    2.000000      0.000474      0.378156      0.377682      0.001254      0.001078      0.382490      0.439732      0.988669      0.984653      1.125389      7.658096
    3.000000      0.000297      0.234137      0.233841      0.001267      0.000718      0.237526      0.412809      0.985735      0.981517      1.165404      5.693687
    4.000000      0.000183      0.144959      0.144776      0.001260      0.000456      0.147392      0.400595      0.983489      0.979221      1.140520      5.941708
  100.000000      0.000000      0.000000      0.000000           NaN      0.000000      0.000000           NaN           NaN           NaN           NaN           NaN
 * The above water reflectance is actually an albedo calculation
   depth (m)           Eu            Ed             E            R*           Eou           Eod     meancosUP    meancosDown      meancos            rd            rup
    0.000000      0.020442      1.000000      0.979558      0.020442      0.020774      1.000000      0.984061      1.000000      0.959623           NaN           NaN
    0.000000      0.001162      0.980719      0.979558      0.001184      0.002586      0.982143      0.449210      0.998550      0.994749      1.135721      6.045090
    1.000000      0.000717      0.602149      0.601432      0.001191      0.001615      0.606460      0.444289      0.992892      0.989076      1.139079      4.638765
    2.000000      0.000424      0.368891      0.368467      0.001148      0.001006      0.372916      0.421100      0.989205      0.985411      1.145173      5.818058
    3.000000      0.000268      0.225422      0.225154      0.001189      0.000585      0.228527      0.457876      0.986413      0.982724      1.152496      4.718379
    4.000000      0.000168      0.137845      0.137676      0.001220      0.000400      0.140103      0.420317      0.983884      0.979884      1.140566      5.254408
  100.000000      0.000000      0.000000      0.000000           NaN      0.000000      0.000000           NaN           NaN           NaN           NaN           NaN
 * The above water reflectance is actually an albedo calculation
   depth (m)           Eu            Ed             E            R*           Eou           Eod     meancosUP    meancosDown      meancos            rd            rup
    0.000000      0.020466      1.000000      0.979534      0.020466      0.020783      1.000000      0.984738      1.000000      0.959591           NaN           NaN
    0.000000      0.001078      0.980612      0.979534      0.001099      0.002378      0.981909      0.453302      0.998679      0.995171      1.144058      6.724065
    1.000000      0.000646      0.584946      0.584300      0.001104      0.001475      0.588903      0.438040      0.993281      0.989706      1.150207      6.329662
    2.000000      0.000369      0.348500      0.348131      0.001060      0.000814      0.352214      0.453549      0.989457      0.986128      1.140872      7.428030
    3.000000      0.000220      0.207449      0.207229      0.001061      0.000505      0.210201      0.435266      0.986905      0.983493      1.126374      5.493290
    4.000000      0.000130      0.123189      0.123059      0.001055      0.000308      0.125090      0.422045      0.984803      0.981347      1.142822      6.561231
  100.000000      0.000000      0.000000      0.000000           NaN      0.000000      0.000000           NaN           NaN           NaN           NaN           NaN
 * The above water reflectance is actually an albedo calculation
   depth (m)           Eu            Ed             E            R*           Eou           Eod     meancosUP    meancosDown      meancos            rd            rup
    0.000000      0.020474      0.999999      0.979525      0.020474      0.020750      1.000000      0.986716      0.999999      0.959613           NaN           NaN
    0.000000      0.000924      0.980449      0.979525      0.000943      0.002001      0.981517      0.461901      0.998912      0.995939      1.126735      8.367974
    1.000000      0.000528      0.551055      0.550527      0.000958      0.001186      0.554625      0.445100      0.993562      0.990491      1.153378      7.139850
    2.000000      0.000299      0.309072      0.308773      0.000968      0.000664      0.312096      0.450556      0.990309      0.987250      1.147402      7.211338
    3.000000      0.000159      0.172962      0.172803      0.000919      0.000366      0.175093      0.433843      0.987830      0.984861      1.130415      5.168487
    4.000000      0.000099      0.096695      0.096597      0.001020      0.000257      0.098094      0.383515      0.985744      0.982165      1.109839      7.840847
  100.000000      0.000000      0.000000      0.000000           NaN      0.000000      0.000000           NaN           NaN           NaN           NaN           NaN
 * The above water reflectance is actually an albedo calculation
   depth (m)           Eu            Ed             E            R*           Eou           Eod     meancosUP    meancosDown      meancos            rd            rup
    0.000000      0.020481      1.000000      0.979519      0.020481      0.020719      1.000000      0.988514      1.000000      0.959635           NaN           NaN
    0.000000      0.000801      0.980319      0.979519      0.000817      0.001817      0.981334      0.440622      0.998966      0.996305      1.138654      7.284125
    1.000000      0.000410      0.508556      0.508147      0.000806      0.000915      0.511677      0.447776      0.993902      0.991328      1.141530      6.424614
    2.000000      0.000216      0.263023      0.262806      0.000823      0.000481      0.265398      0.449723      0.991051      0.988444      1.138189      7.787211
    3.000000      0.000114      0.135800      0.135686      0.000839      0.000244      0.137364      0.467158      0.988613      0.986031      1.139357      7.258436
    4.000000      0.000059      0.070012      0.069953      0.000846      0.000146      0.070952      0.405153      0.986755      0.983894      1.129259      6.923388
  100.000000      0.000000      0.000000      0.000000           NaN      0.000000      0.000000           NaN           NaN           NaN           NaN           NaN
 * The above water reflectance is actually an albedo calculation
