   depth (m)           Eu            Ed             E            R*           Eou           Eod     meancosUP    meancosDown      meancos            rd            rup            Ld            Lu
    0.000000      0.020263      1.020263      1.000000      0.019861      0.020263      1.020263      1.000000      1.000000      0.961052      0.000000      0.000000    266.639282      5.295736
    0.000000      0.000000      1.000000      1.000000      0.000000      0.000000      1.000000      0.000000      1.000000      1.000000           NaN      0.000000    261.343597      0.000000
  100.000000      0.000000      0.000000      0.000000      0.000000      0.000000      0.000000      0.000000      0.000000      0.000000      0.000000      0.000000      0.000000      0.000000
 * The above water reflectance is actually an albedo calculation
   depth (m)           Eu            Ed             E            R*           Eou           Eod     meancosUP    meancosDown      meancos            rd            rup            Ld            Lu
    0.000000      0.021403      1.018597      0.997194      0.021012      0.022522      1.018597      0.950320      1.000000      0.957810      0.000000      0.000000    266.203644      5.272177
    0.000000      0.002806      1.000000      0.997194      0.002806      0.007022      1.003978      0.399655      0.996037      0.986344      1.076696      4.946193    260.931488      0.000799
  100.000000      0.000000      0.000000      0.000000      0.000000      0.000000      0.000000      0.000000      0.000000      0.000000      0.000000      0.000000      0.000000      0.000000
 * The above water reflectance is actually an albedo calculation
   depth (m)           Eu            Ed             E            R*           Eou           Eod     meancosUP    meancosDown      meancos            rd            rup            Ld            Lu
    0.000000      0.022621      1.016936      0.994315      0.022244      0.024992      1.016936      0.905123      1.000000      0.954303      0.000000      0.000000    265.769684      5.246041
    0.000000      0.005685      1.000000      0.994315      0.005685      0.013447      1.007264      0.422755      0.992789      0.974140      1.155269      5.123800    260.524200      0.001329
  100.000000      0.000000      0.000000      0.000000      0.000000      0.000000      0.000000      0.000000      0.000000      0.000000      0.000000      0.000000      0.000000      0.000000
 * The above water reflectance is actually an albedo calculation
   depth (m)           Eu            Ed             E            R*           Eou           Eod     meancosUP    meancosDown      meancos            rd            rup            Ld            Lu
    0.000000      0.025314      1.013743      0.988429      0.024971      0.029807      1.013743      0.849264      1.000000      0.947179      0.000000      0.000000    264.935303      5.311966
    0.000000      0.011571      1.000000      0.988429      0.011571      0.027608      1.015056      0.419116      0.985168      0.947985      1.294780      5.416955    259.624908      0.002119
  100.000000      0.000000      0.000000      0.000000      0.000000      0.000000      0.000000      0.000000      0.000000      0.000000      0.000000           NaN      0.000000      0.000000
 * The above water reflectance is actually an albedo calculation
   depth (m)           Eu            Ed             E            R*           Eou           Eod     meancosUP    meancosDown      meancos            rd            rup            Ld            Lu
    0.000000      0.028117      1.009880      0.981763      0.027842      0.034968      1.009880      0.804086      1.000000      0.939623      0.000000      0.000000    263.925537      5.264009
    0.000000      0.018237      1.000000      0.981763      0.018237      0.043224      1.023421      0.421926      0.977115      0.920421      1.407917      5.091706    258.663666      0.003959
  100.000000      0.000000      0.000000      0.000000      0.000000      0.000000      0.000000      0.000000      0.000000      0.000000      0.000000      0.000000      0.000000      0.000000
 * The above water reflectance is actually an albedo calculation
   depth (m)           Eu            Ed             E            R*           Eou           Eod     meancosUP    meancosDown      meancos            rd            rup            Ld            Lu
    0.000000      0.030977      1.006198      0.975221      0.030786      0.040198      1.006198      0.770600      1.000000      0.931981      0.000000      0.000000    262.963409      5.272956
    0.000000      0.024779      1.000000      0.975221      0.024779      0.057564      1.030663      0.430456      0.970249      0.896156      1.524174      5.125482    257.694153      0.005785
  100.000000      0.000000      0.000000      0.000000      0.000000      0.000000      0.000000      0.000000      0.000000      0.000000      0.000000      0.000000      0.000000      0.000000
 * The above water reflectance is actually an albedo calculation
   depth (m)           Eu            Ed             E            R*           Eou           Eod     meancosUP    meancosDown      meancos            rd            rup            Ld            Lu
    0.000000      0.034320      1.002893      0.968573      0.034221      0.046222      1.002893      0.742504      1.000000      0.923229      0.000000      0.000000    262.099731      5.287875
    0.000000      0.031427      1.000000      0.968573      0.031427      0.072462      1.038252      0.433697      0.963158      0.872028      1.613274      4.981473    256.817108      0.007339
  100.000000      0.000000      0.000000      0.000000      0.000000      0.000000      0.000000      0.000000      0.000000      0.000000      0.000000           NaN      0.000000      0.000000
 * The above water reflectance is actually an albedo calculation
   depth (m)           Eu            Ed             E            R*           Eou           Eod     meancosUP    meancosDown      meancos            rd            rup            Ld            Lu
    0.000000      0.049700      0.983704      0.934004      0.050523      0.074789      0.983704      0.664532      1.000000      0.882391      0.000000      0.000000    257.084717      5.131680
    0.000000      0.065996      1.000000      0.934004      0.065996      0.146072      1.074129      0.451802      0.930987      0.765451      1.974035      4.858309    251.962784      0.017996
  100.000000      0.000000      0.000000      0.000000      0.000000      0.000000      0.000000      0.000000      0.000000      0.000000      0.000000      0.000000      0.000000      0.000000
 * The above water reflectance is actually an albedo calculation
   depth (m)           Eu            Ed             E            R*           Eou           Eod     meancosUP    meancosDown      meancos            rd            rup            Ld            Lu
    0.000000      0.064989      0.966741      0.901752      0.067225      0.103211      0.966741      0.629673      1.000000      0.842797      0.000000      0.000000    252.651596      5.078310
    0.000000      0.098248      1.000000      0.901752      0.098248      0.212739      1.105494      0.461825      0.904573      0.684061      2.204600      4.741259    247.587189      0.027539
  100.000000      0.000000      0.000000      0.000000      0.000000      0.000000      0.000000      0.000000      0.000000      0.000000      0.000000      0.000000      0.000000      0.000000
 * The above water reflectance is actually an albedo calculation
   depth (m)           Eu            Ed             E            R*           Eou           Eod     meancosUP    meancosDown      meancos            rd            rup            Ld            Lu
    0.000000      0.079139      0.951229      0.872089      0.083197      0.128913      0.951229      0.613899      1.000000      0.807384      0.000000      0.000000    248.597473      4.988618
    0.000000      0.127911      1.000000      0.872089      0.127911      0.273740      1.133983      0.467270      0.881848      0.619503      2.380393      4.678484    243.629242      0.038036
  100.000000      0.000000      0.000000      0.000000      0.000000      0.000000      0.000000      0.000000      0.000000      0.000000      0.000000      0.000000      0.000000      0.000000
 * The above water reflectance is actually an albedo calculation
   depth (m)           Eu            Ed             E            R*           Eou           Eod     meancosUP    meancosDown      meancos            rd            rup            Ld            Lu
    0.000000      0.093581      0.937418      0.843836      0.099829      0.154775      0.937418      0.604630      1.000000      0.772608      0.000000      0.000000    244.988159      4.931624
    0.000000      0.156164      1.000000      0.843836      0.156164      0.332514      1.161714      0.469645      0.860797      0.564731      2.497060      4.576728    240.083008      0.044343
  100.000000      0.000000      0.000000      0.000000      0.000000      0.000000      0.000000      0.000000      0.000000      0.000000      0.000000      0.000000      0.000000      0.000000
 * The above water reflectance is actually an albedo calculation
   depth (m)           Eu            Ed             E            R*           Eou           Eod     meancosUP    meancosDown      meancos            rd            rup            Ld            Lu
    0.000000      0.105968      0.924530      0.818562      0.114618      0.177046      0.924530      0.598533      1.000000      0.743083      0.000000      0.000000    241.619888      4.838934
    0.000000      0.181438      1.000000      0.818562      0.181438      0.380952      1.182406      0.476276      0.845733      0.523592      2.601736      4.541734    236.814819      0.053398
  100.000000      0.000000      0.000000      0.000000      0.000000      0.000000      0.000000      0.000000      0.000000      0.000000      0.000000      0.000000      0.000000      0.000000
 * The above water reflectance is actually an albedo calculation
