   depth (m)           Eu            Ed             E            R*           Eou           Eod     meancosUP    meancosDown      meancos            rd            rup
    0.000000      0.040271      0.500000      0.459729      0.080542      0.074407      1.082840      0.541226      0.461749      0.397261           NaN           NaN
    0.000000      0.020406      0.480134      0.459729      0.042500      0.044898      0.670027      0.454490      0.716590      0.643045      0.999613      1.003076
    0.100000      0.017573      0.412687      0.395113      0.042583      0.038693      0.578969      0.454178      0.712796      0.639692      0.999535      0.997908
    0.200000      0.015105      0.354511      0.339406      0.042608      0.033301      0.498984      0.453582      0.710466      0.637639      0.998580      1.004108
    0.300000      0.012974      0.304378      0.291404      0.042625      0.028610      0.429340      0.453469      0.708943      0.636322      0.998478      1.001270
    0.400000      0.011135      0.261262      0.250128      0.042618      0.024540      0.369133      0.453736      0.707774      0.635370      1.000074      1.004662
    0.500000      0.009555      0.224178      0.214623      0.042621      0.021053      0.317018      0.453838      0.707146      0.634846      1.001278      1.000251
    0.600000      0.008190      0.192341      0.184151      0.042580      0.018027      0.272262      0.454319      0.706457      0.634372      0.999282      1.003386
    0.700000      0.007025      0.165002      0.157976      0.042577      0.015478      0.233684      0.453899      0.706089      0.634032      0.999975      0.997244
    0.800000      0.006031      0.141522      0.135492      0.042614      0.013285      0.200520      0.453954      0.705775      0.633714      0.999597      0.997599
    0.900000      0.005174      0.121374      0.116200      0.042630      0.011439      0.171987      0.452332      0.705717      0.633498      0.999881      0.989445
    1.000000      0.004443      0.104081      0.099638      0.042684      0.009791      0.147464      0.453745      0.705804      0.633609      1.001155      0.994788
    1.100000      0.003808      0.089268      0.085460      0.042663      0.008372      0.126485      0.454877      0.705764      0.633707      0.998871      0.996287
    1.200000      0.003265      0.076538      0.073273      0.042662      0.007199      0.108441      0.453557      0.705800      0.633624      0.999530      1.006597
    1.300000      0.002799      0.065644      0.062845      0.042634      0.006175      0.092959      0.453188      0.706154      0.633935      0.999728      0.992852
    1.400000      0.002407      0.056295      0.053888      0.042757      0.005312      0.079686      0.453109      0.706462      0.633992      1.002328      1.007332
    1.500000      0.002066      0.048276      0.046210      0.042789      0.004558      0.068298      0.453224      0.706845      0.634273      0.999626      0.999960
    1.600000      0.001769      0.041404      0.039635      0.042719      0.003902      0.058568      0.453286      0.706943      0.634473      0.998856      1.021249
    1.700000      0.001515      0.035500      0.033985      0.042664      0.003313      0.050194      0.457205      0.707251      0.635158      0.995911      1.003418
    1.800000      0.001302      0.030450      0.029148      0.042746      0.002865      0.043018      0.454306      0.707837      0.635271      0.998524      1.030327
    1.900000      0.001115      0.026119      0.025004      0.042677      0.002443      0.036890      0.456201      0.708021      0.635699      1.006089      1.002295
    2.000000      0.000956      0.022402      0.021446      0.042668      0.002100      0.031604      0.455124      0.708822      0.636295      1.002884      1.005468
    2.100000      0.000817      0.019218      0.018400      0.042537      0.001801      0.027093      0.453870      0.709319      0.636814      0.997746      1.027823
    2.200000      0.000702      0.016495      0.015794      0.042535      0.001541      0.023230      0.455381      0.710093      0.637599      0.993494      1.004434
    2.300000      0.000603      0.014164      0.013561      0.042559      0.001325      0.019932      0.454769      0.710590      0.637926      1.010879      0.996737
    2.400000      0.000517      0.012158      0.011640      0.042557      0.001141      0.017090      0.453660      0.711401      0.638514      1.002666      1.018891
    2.500000      0.000442      0.010434      0.009992      0.042366      0.000970      0.014658      0.455853      0.711848      0.639390      0.997706      1.001051
    2.600000      0.000378      0.008956      0.008578      0.042256      0.000836      0.012581      0.452650      0.711850      0.639287      1.002506      0.998266
    2.700000      0.000324      0.007682      0.007357      0.042235      0.000711      0.010785      0.456499      0.712266      0.640009      0.997527      1.002498
    2.799999      0.000278      0.006594      0.006316      0.042145      0.000613      0.009237      0.452998      0.713845      0.641177      1.007557      1.024053
    2.899999      0.000239      0.005661      0.005422      0.042217      0.000522      0.007920      0.458082      0.714687      0.642215      1.012656      0.986600
    2.999999      0.000206      0.004861      0.004655      0.042380      0.000449      0.006790      0.458478      0.715869      0.642983      0.993985      1.026840
    3.099999      0.000176      0.004174      0.003997      0.042232      0.000386      0.005830      0.456408      0.715919      0.643083      1.001433      0.997309
    3.199999      0.000152      0.003587      0.003435      0.042451      0.000335      0.005005      0.454398      0.716638      0.643156      1.017932      1.011889
    3.299999      0.000130      0.003083      0.002952      0.042315      0.000287      0.004295      0.454073      0.717636      0.644187      0.994080      0.953880
    3.399999      0.000113      0.002650      0.002537      0.042618      0.000246      0.003690      0.458176      0.718200      0.644534      0.983080      0.997969
    3.499999      0.000097      0.002279      0.002182      0.042534      0.000210      0.003165      0.462047      0.720007      0.646530      0.991188      1.011236
    3.599999      0.000084      0.001958      0.001874      0.042951      0.000189      0.002718      0.445062      0.720204      0.644478      1.015278      0.981500
    3.699999      0.000071      0.001683      0.001612      0.042131      0.000157      0.002337      0.451271      0.720296      0.646476      0.971710      0.908414
    3.799999      0.000061      0.001446      0.001385      0.042489      0.000136      0.002003      0.451533      0.722122      0.647446      0.996240      0.918108
    3.899998      0.000052      0.001245      0.001193      0.041618      0.000110      0.001725      0.472188      0.721509      0.650136      0.999358      1.048655
    3.999998      0.000044      0.001070      0.001026      0.040828      0.000092      0.001477      0.472592      0.724415      0.653914      1.004681      1.010380
    4.099998      0.000037      0.000920      0.000883      0.040506      0.000082      0.001268      0.451914      0.725645      0.653732      0.976272      1.009678
    4.199998      0.000032      0.000793      0.000760      0.040937      0.000069      0.001090      0.466949      0.727369      0.655776      1.031717      1.017364
    4.299998      0.000028      0.000685      0.000657      0.041016      0.000061      0.000940      0.459051      0.728716      0.656108      0.973436      0.935857
    4.399998      0.000024      0.000589      0.000565      0.041033      0.000054      0.000807      0.448004      0.729839      0.656038      0.974678      1.245140
    4.499998      0.000021      0.000507      0.000486      0.041658      0.000046      0.000694      0.461720      0.730465      0.656753      1.025472      0.961815
    4.599998      0.000018      0.000437      0.000419      0.041260      0.000037      0.000598      0.491094      0.730900      0.660202      0.953548      1.122808
    4.699998      0.000016      0.000377      0.000361      0.042386      0.000034      0.000515      0.475450      0.730896      0.657101      0.981493      1.059800
    4.799998      0.000014      0.000324      0.000310      0.042373      0.000029      0.000445      0.472012      0.727486      0.653953      0.978458      0.977673
    4.899998      0.000012      0.000278      0.000266      0.042297      0.000026      0.000378      0.448819      0.734143      0.657595      1.010448      0.775214
    4.999998      0.000010      0.000240      0.000230      0.041430      0.000023      0.000325      0.436916      0.738130      0.661265      1.032146      0.825543
    5.099998      0.000009      0.000206      0.000197      0.042023      0.000018      0.000279      0.475282      0.738572      0.664164      0.975621      0.815143
    5.199997      0.000007      0.000177      0.000170      0.041721      0.000016      0.000240      0.450547      0.739857      0.663531      0.973054      0.930803
    5.299997      0.000006      0.000153      0.000147      0.042302      0.000014      0.000207      0.459972      0.739815      0.663384      1.112186      1.095971
    5.399997      0.000006      0.000132      0.000126      0.042568      0.000013      0.000178      0.420004      0.740000      0.659070      0.953956      1.301982
    5.499997      0.000005      0.000114      0.000109      0.042043      0.000011      0.000153      0.430136      0.742288      0.662977      0.989899      0.928030
    5.599997      0.000004      0.000098      0.000094      0.043633      0.000010      0.000133      0.428500      0.739845      0.657992      1.111327      1.062825
    5.699997      0.000004      0.000085      0.000082      0.041284      0.000008      0.000116      0.436147      0.733948      0.657938      0.996528      1.107253
    5.799997      0.000003      0.000073      0.000070      0.039667      0.000006      0.000098      0.460935      0.745316      0.672609      0.961017      0.848077
    5.899997      0.000002      0.000063      0.000060      0.038333      0.000006      0.000085      0.434411      0.736105      0.664712      1.029070      0.474955
    5.999997      0.000002      0.000054      0.000052      0.037562      0.000005      0.000073      0.397351      0.741605      0.666989      0.945649      1.188202
    6.099997      0.000002      0.000047      0.000045      0.036637      0.000004      0.000064      0.421151      0.742029      0.671498      0.933485      1.031746
    6.199996      0.000001      0.000041      0.000039      0.036756      0.000003      0.000054      0.501110      0.750151      0.684894      0.987582      0.906780
    6.299996      0.000001      0.000035      0.000034      0.039332      0.000003      0.000047      0.460607      0.749699      0.676879      1.062500      0.750000
    6.399996      0.000001      0.000031      0.000030      0.037650      0.000002      0.000041      0.510366      0.753103      0.686603      0.887709      0.481081
    6.499996      0.000001      0.000027      0.000026      0.040179      0.000002      0.000035      0.438000      0.764175      0.685424      0.890505      2.303030
    6.599996      0.000001      0.000023      0.000022      0.042241      0.000002      0.000030      0.509805      0.760769      0.685427      0.915033      0.294118
    6.699996      0.000001      0.000020      0.000019      0.044313      0.000002      0.000027      0.477094      0.761473      0.679659      0.961479      0.872727
    6.799996      0.000001      0.000017      0.000017      0.038924      0.000002      0.000023      0.385822      0.762918      0.680821      1.154483      1.862069
    6.899996      0.000001      0.000015      0.000015      0.036137      0.000001      0.000020      0.530228      0.779347      0.713298      1.025000      0.000000
    6.999996      0.000000      0.000013      0.000013      0.037793      0.000001      0.000017      0.483812      0.785217      0.711877      0.995745      0.771429
    7.099996      0.000000      0.000011      0.000011      0.035907      0.000001      0.000014      0.506798      0.779446      0.712132      0.834225      1.411765
    7.199996      0.000000      0.000010      0.000009      0.034694      0.000001      0.000013      0.543518      0.773891      0.711875      0.810000      1.350000
    7.299995      0.000000      0.000009      0.000008      0.032258      0.000001      0.000011      0.524854      0.791796      0.730695      1.007407      0.888889
    7.399995      0.000000      0.000008      0.000007      0.026455      0.000000      0.000010      0.538752      0.783054      0.734110      1.500000           NaN
    7.499995      0.000000      0.000006      0.000006      0.032407      0.000001      0.000008      0.254628      0.791292      0.695595      1.237500      1.375000
    7.599995      0.000000      0.000006      0.000005      0.031915      0.000000      0.000007      0.431755      0.796002      0.727775      1.083333      1.857143
    7.699995      0.000000      0.000005      0.000005      0.030120      0.000000      0.000006      0.578319      0.805754      0.750010      0.954545      1.500000
    7.799995      0.000000      0.000004      0.000004      0.036199      0.000000      0.000006      0.643220      0.798792      0.736756      0.600000           NaN
    7.899995      0.000000      0.000004      0.000004      0.039062      0.000000      0.000005      0.598146      0.784848      0.717418      1.083333      1.857143
    7.999995      0.000000      0.000003      0.000003      0.033639      0.000000      0.000004      0.652012      0.771794      0.717271      0.847863      0.820513
  100.000000      0.000000      0.000000      0.000000      0.000000      0.000000      0.000000           NaN      0.737277      0.737277           NaN           NaN
 * The above water reflectance is actually an albedo calculation
   depth (m)           Eu            Ed             E            R*           Eou           Eod     meancosUP    meancosDown      meancos            rd            rup
    0.000000      0.172112      0.500000      0.327888      0.344225      0.313184      1.082840      0.549557      0.461749      0.234872           NaN           NaN
    0.000000      0.292255      0.620143      0.327888      0.471271      0.622590      1.090116      0.469418      0.568878      0.191444      0.999048      0.998870
    0.100000      0.173508      0.365938      0.192430      0.474145      0.371899      0.669711      0.466546      0.546413      0.184743      0.999168      0.998873
    0.200000      0.100816      0.213184      0.112368      0.472907      0.215875      0.387204      0.467014      0.550574      0.186324      0.998888      0.999260
    0.300000      0.058875      0.124793      0.065918      0.471779      0.125889      0.224654      0.467669      0.555489      0.188046      0.998810      0.998399
    0.400000      0.034577      0.073397      0.038820      0.471096      0.073765      0.131296      0.468741      0.559018      0.189308      0.998694      0.997965
    0.500000      0.020362      0.043289      0.022927      0.470367      0.043378      0.077131      0.469402      0.561236      0.190253      0.998417      0.998609
    0.600000      0.012020      0.025588      0.013568      0.469768      0.025617      0.045480      0.469230      0.562626      0.190832      0.999158      0.997972
    0.700000      0.007114      0.015139      0.008025      0.469939      0.015177      0.026860      0.468768      0.563617      0.190892      0.999751      0.998386
    0.800000      0.004207      0.008954      0.004747      0.469846      0.008974      0.015894      0.468821      0.563361      0.190892      0.998565      0.997967
    0.900000      0.002487      0.005303      0.002816      0.468971      0.005300      0.009419      0.469265      0.563010      0.191325      0.997776      0.999716
    1.000000      0.001475      0.003147      0.001672      0.468622      0.003151      0.005576      0.468098      0.564454      0.191643      0.997402      1.000216
    1.100000      0.000878      0.001870      0.000992      0.469596      0.001874      0.003316      0.468664      0.564006      0.191135      0.997461      0.998175
    1.200000      0.000526      0.001112      0.000586      0.472844      0.001117      0.001979      0.470743      0.562168      0.189400      1.002157      0.999411
    1.300000      0.000311      0.000659      0.000348      0.471216      0.000662      0.001168      0.469254      0.564012      0.190402      0.996895      0.998932
    1.400000      0.000185      0.000389      0.000204      0.474713      0.000397      0.000693      0.465144      0.561713      0.187546      1.005217      0.994569
    1.500000      0.000106      0.000226      0.000120      0.470396      0.000229      0.000400      0.464619      0.564674      0.190275      1.003377      0.994930
    1.600000      0.000063      0.000133      0.000071      0.470390      0.000131      0.000234      0.479385      0.569151      0.193413      1.016870      0.995167
    1.700000      0.000036      0.000079      0.000043      0.457332      0.000080      0.000140      0.451532      0.561507      0.194243      0.982210      1.023145
    1.800000      0.000022      0.000047      0.000025      0.468467      0.000047      0.000084      0.470273      0.564501      0.192053      0.982714      0.988296
    1.900000      0.000013      0.000028      0.000015      0.454283      0.000026      0.000049      0.484627      0.559211      0.200218      0.950210      1.000358
    2.000000      0.000008      0.000017      0.000009      0.468147      0.000016      0.000031      0.498823      0.552599      0.193532      0.993270      0.998366
    2.100000      0.000005      0.000011      0.000005      0.513258      0.000011      0.000018      0.487510      0.578417      0.174982      1.023358      0.954293
    2.200000      0.000003      0.000006      0.000003      0.486134      0.000006      0.000011      0.476961      0.540961      0.179185      0.984131      0.994846
    2.300000      0.000002      0.000004      0.000002      0.508906      0.000005      0.000007      0.380203      0.558625      0.156968      1.003646      0.964267
    2.400000      0.000001      0.000002      0.000001      0.510549      0.000003      0.000004      0.439225      0.540670      0.162503      0.968595      1.011243
    2.500000      0.000001      0.000001      0.000001      0.472868      0.000001      0.000003      0.501836      0.502459      0.179756      0.984250      1.006714
    2.600000      0.000000      0.000001      0.000000      0.447059      0.000001      0.000001      0.488065      0.571460      0.207414      0.854460      0.823944
    2.700000      0.000000      0.000000      0.000000      0.431818      0.000000      0.000001      0.460079      0.678344      0.235491      0.757840      1.096639
    2.799999      0.000000      0.000000      0.000000      0.468750      0.000000      0.000001      0.396231      0.578349      0.182430      0.875000      1.050000
    2.899999      0.000000      0.000000      0.000000      0.608696      0.000000      0.000000      0.413868      0.552091      0.119226      1.003584      0.829630
    2.999999      0.000000      0.000000      0.000000      0.625000      0.000000      0.000000      0.538282      0.663638      0.140557      1.042146      0.806034
    3.099999      0.000000      0.000000      0.000000      0.454545      0.000000      0.000000      0.496349      0.736416      0.239897      1.600000      0.888889
    3.199999      0.000000      0.000000      0.000000      0.166667      0.000000      0.000000      0.675590      0.819865      0.568281      0.562500      1.350000
    3.299999      0.000000      0.000000      0.000000      0.375000      0.000000      0.000000      0.599735      0.472197      0.227850      1.041667      1.250000
    3.399999      0.000000      0.000000      0.000000      0.285714      0.000000      0.000000      0.294729      0.575676      0.263914      0.772727      1.545454
    3.499999      0.000000      0.000000      0.000000      0.200000      0.000000      0.000000      0.843391      0.826442      0.552813      0.437500      0.583333
    3.599999      0.000000      0.000000      0.000000      0.200000      0.000000      0.000000      0.608761      0.700955      0.455798           NaN           NaN
    3.699999      0.000000      0.000000      0.000000      0.200000      0.000000      0.000000      0.608761      0.804966      0.509287      1.000000           NaN
    3.799999      0.000000      0.000000      0.000000      0.250000      0.000000      0.000000      0.300706      0.805243      0.361753      2.500000      0.833333
    3.899998      0.000000      0.000000      0.000000      0.000000      0.000000      0.000000           NaN      0.781237      0.781237           NaN           NaN
    3.999998      0.000000      0.000000      0.000000      0.000000      0.000000      0.000000           NaN      0.737277      0.737277           NaN           NaN
    4.099998      0.000000      0.000000      0.000000      0.000000      0.000000      0.000000           NaN      0.737277      0.737277           NaN           NaN
    4.199998      0.000000      0.000000      0.000000      0.000000      0.000000      0.000000           NaN      0.737277      0.737277           NaN           NaN
    4.299998      0.000000      0.000000      0.000000      0.000000      0.000000      0.000000           NaN      0.737277      0.737277           NaN           NaN
    4.399998      0.000000      0.000000      0.000000      0.000000      0.000000      0.000000           NaN      0.737277      0.737277           NaN           NaN
    4.499998      0.000000      0.000000      0.000000      0.000000      0.000000      0.000000           NaN      0.737277      0.737277           NaN           NaN
    4.599998      0.000000      0.000000      0.000000      0.000000      0.000000      0.000000           NaN      0.737277      0.737277           NaN           NaN
    4.699998      0.000000      0.000000      0.000000      0.000000      0.000000      0.000000           NaN      0.737277      0.737277           NaN           NaN
    4.799998      0.000000      0.000000      0.000000      0.000000      0.000000      0.000000           NaN      0.737277      0.737277           NaN           NaN
    4.899998      0.000000      0.000000      0.000000      0.000000      0.000000      0.000000           NaN      0.737277      0.737277           NaN           NaN
    4.999998      0.000000      0.000000      0.000000      0.000000      0.000000      0.000000           NaN      0.737277      0.737277           NaN           NaN
    5.099998      0.000000      0.000000      0.000000      0.000000      0.000000      0.000000           NaN      0.737277      0.737277           NaN           NaN
    5.199997      0.000000      0.000000      0.000000      0.000000      0.000000      0.000000           NaN      0.737277      0.737277           NaN           NaN
    5.299997      0.000000      0.000000      0.000000      0.000000      0.000000      0.000000           NaN      0.737277      0.737277           NaN           NaN
    5.399997      0.000000      0.000000      0.000000      0.000000      0.000000      0.000000           NaN      0.737277      0.737277           NaN           NaN
    5.499997      0.000000      0.000000      0.000000      0.000000      0.000000      0.000000           NaN      0.737277      0.737277           NaN           NaN
    5.599997      0.000000      0.000000      0.000000      0.000000      0.000000      0.000000           NaN      0.737277      0.737277           NaN           NaN
    5.699997      0.000000      0.000000      0.000000      0.000000      0.000000      0.000000           NaN      0.737277      0.737277           NaN           NaN
    5.799997      0.000000      0.000000      0.000000      0.000000      0.000000      0.000000           NaN      0.737277      0.737277           NaN           NaN
    5.899997      0.000000      0.000000      0.000000      0.000000      0.000000      0.000000           NaN      0.737277      0.737277           NaN           NaN
    5.999997      0.000000      0.000000      0.000000      0.000000      0.000000      0.000000           NaN      0.737277      0.737277           NaN           NaN
    6.099997      0.000000      0.000000      0.000000      0.000000      0.000000      0.000000           NaN      0.737277      0.737277           NaN           NaN
    6.199996      0.000000      0.000000      0.000000      0.000000      0.000000      0.000000           NaN      0.737277      0.737277           NaN           NaN
    6.299996      0.000000      0.000000      0.000000      0.000000      0.000000      0.000000           NaN      0.737277      0.737277           NaN           NaN
    6.399996      0.000000      0.000000      0.000000      0.000000      0.000000      0.000000           NaN      0.737277      0.737277           NaN           NaN
    6.499996      0.000000      0.000000      0.000000      0.000000      0.000000      0.000000           NaN      0.737277      0.737277           NaN           NaN
    6.599996      0.000000      0.000000      0.000000      0.000000      0.000000      0.000000           NaN      0.737277      0.737277           NaN           NaN
    6.699996      0.000000      0.000000      0.000000      0.000000      0.000000      0.000000           NaN      0.737277      0.737277           NaN           NaN
    6.799996      0.000000      0.000000      0.000000      0.000000      0.000000      0.000000           NaN      0.737277      0.737277           NaN           NaN
    6.899996      0.000000      0.000000      0.000000      0.000000      0.000000      0.000000           NaN      0.737277      0.737277           NaN           NaN
    6.999996      0.000000      0.000000      0.000000      0.000000      0.000000      0.000000           NaN      0.737277      0.737277           NaN           NaN
    7.099996      0.000000      0.000000      0.000000      0.000000      0.000000      0.000000           NaN      0.737277      0.737277           NaN           NaN
    7.199996      0.000000      0.000000      0.000000      0.000000      0.000000      0.000000           NaN      0.737277      0.737277           NaN           NaN
    7.299995      0.000000      0.000000      0.000000      0.000000      0.000000      0.000000           NaN      0.737277      0.737277           NaN           NaN
    7.399995      0.000000      0.000000      0.000000      0.000000      0.000000      0.000000           NaN      0.737277      0.737277           NaN           NaN
    7.499995      0.000000      0.000000      0.000000      0.000000      0.000000      0.000000           NaN      0.737277      0.737277           NaN           NaN
    7.599995      0.000000      0.000000      0.000000      0.000000      0.000000      0.000000           NaN      0.737277      0.737277           NaN           NaN
    7.699995      0.000000      0.000000      0.000000      0.000000      0.000000      0.000000           NaN      0.737277      0.737277           NaN           NaN
    7.799995      0.000000      0.000000      0.000000      0.000000      0.000000      0.000000           NaN      0.737277      0.737277           NaN           NaN
    7.899995      0.000000      0.000000      0.000000      0.000000      0.000000      0.000000           NaN      0.737277      0.737277           NaN           NaN
    7.999995      0.000000      0.000000      0.000000      0.000000      0.000000      0.000000           NaN      0.737277      0.737277           NaN           NaN
  100.000000      0.000000      0.000000      0.000000      0.000000      0.000000      0.000000           NaN      0.737277      0.737277           NaN           NaN
 * The above water reflectance is actually an albedo calculation
