   depth (m)           Eu            Ed             E            R*           Eou           Eod     meancosUP    meancosDown      meancos            rd            rup            Ld            Lu
  0.00000000    0.03084151    0.49999997    0.46915847    0.06168302    0.05902336    0.95694047    0.52253050    0.52249849    0.46178660    0.00000000    0.00000000    0.00000000    0.00010225
  0.00000000    0.00098565    0.47014412    0.46915847    0.00209648    0.00277497    0.61979526    0.35519281    0.75854748    0.75358325    1.52474248    6.73744202    0.00000349    0.00016275
  0.10000000    0.00086609    0.41177517    0.41090909    0.00210332    0.00245421    0.54446125    0.35290128    0.75629842    0.75132102    1.52607214    6.81438780    0.00063311    0.00014220
  0.20000000    0.00076179    0.36056748    0.35980567    0.00211277    0.00216577    0.47778037    0.35174289    0.75467205    0.74967927    1.54192150    6.64256096    0.00113468    0.00012391
  0.30000001    0.00066903    0.31563434    0.31496531    0.00211965    0.00190028    0.41895002    0.35207087    0.75339377    0.74840224    1.55737984    6.94511843    0.00151035    0.00010827
  0.40000001    0.00058786    0.27625901    0.27567115    0.00212795    0.00167897    0.36718774    0.35013440    0.75236446    0.74734622    1.55663025    6.60856533    0.00179494    0.00009540
  0.50000000    0.00051522    0.24176843    0.24125321    0.00213107    0.00147003    0.32169914    0.35048667    0.75153583    0.74652296    1.55490279    6.84451056    0.00198323    0.00008338
  0.60000002    0.00045110    0.21155389    0.21110278    0.00213232    0.00128343    0.28176418    0.35148120    0.75081897    0.74582076    1.56500018    6.93494320    0.00211786    0.00007381
  0.70000005    0.00039710    0.18507393    0.18467683    0.00214566    0.00114083    0.24668656    0.34808466    0.75023919    0.74518323    1.57297790    7.02009678    0.00220376    0.00006464
  0.80000007    0.00034733    0.16189618    0.16154885    0.00214539    0.00099197    0.21592528    0.35014170    0.74977875    0.74474877    1.56837308    6.87793541    0.00223918    0.00005533
  0.90000010    0.00030325    0.14161995    0.14131670    0.00214129    0.00086418    0.18896903    0.35090935    0.74943471    0.74442559    1.58536935    6.82732058    0.00224203    0.00005003
  1.00000012    0.00026516    0.12387809    0.12361293    0.00214053    0.00075863    0.16535504    0.34952906    0.74916428    0.74414659    1.57013464    6.87321663    0.00222083    0.00004337
  1.10000014    0.00023301    0.10834511    0.10811210    0.00215067    0.00067100    0.14466594    0.34726271    0.74893314    0.74387211    1.57520974    7.35880280    0.00217500    0.00003852
  1.20000017    0.00020246    0.09476512    0.09456266    0.00213644    0.00057855    0.12655912    0.34994349    0.74878144    0.74378157    1.57274008    6.88007498    0.00210959    0.00003374
  1.30000019    0.00017793    0.08287636    0.08269843    0.00214693    0.00051184    0.11069729    0.34762761    0.74867558    0.74362987    1.57492256    7.25240326    0.00203073    0.00003038
  1.40000021    0.00015628    0.07248130    0.07232501    0.00215621    0.00045188    0.09681530    0.34585199    0.74865538    0.74357051    1.59828699    6.80889511    0.00193850    0.00002657
  1.50000024    0.00013613    0.06339461    0.06325848    0.00214742    0.00039122    0.08468030    0.34797549    0.74863470    0.74359167    1.59839237    6.64924955    0.00185505    0.00002333
  1.60000026    0.00011911    0.05544180    0.05532270    0.00214838    0.00034146    0.07404708    0.34882656    0.74873722    0.74369913    1.60644054    7.11374903    0.00176372    0.00002075
  1.70000029    0.00010446    0.04849341    0.04838895    0.00215411    0.00029980    0.06475786    0.34842891    0.74884200    0.74378550    1.56739330    6.95762396    0.00166224    0.00001810
  1.80000031    0.00009130    0.04240765    0.04231635    0.00215303    0.00026218    0.05661914    0.34825468    0.74899846    0.74394101    1.56372762    7.32877159    0.00156742    0.00001545
  1.90000033    0.00007897    0.03709632    0.03701735    0.00212892    0.00022636    0.04951768    0.34889075    0.74915308    0.74415642    1.55841601    6.78748083    0.00147370    0.00001344
  2.00000024    0.00007001    0.03244720    0.03237718    0.00215781    0.00019993    0.04329802    0.35019815    0.74939215    0.74433804    1.58308887    7.10861683    0.00138179    0.00001170
  2.10000014    0.00006164    0.02838020    0.02831856    0.00217194    0.00017633    0.03785579    0.34956515    0.74969250    0.74459589    1.57951868    7.64545774    0.00129298    0.00001131
  2.20000005    0.00005344    0.02482439    0.02477094    0.00215292    0.00015103    0.03309536    0.35387266    0.75008678    0.74507177    1.59185886    6.92193127    0.00120365    0.00000976
  2.29999995    0.00004664    0.02172057    0.02167393    0.00214727    0.00013250    0.02894821    0.35200670    0.75032502    0.74530256    1.57928216    7.29279900    0.00111943    0.00000821
  2.39999986    0.00004103    0.01900812    0.01896709    0.00215855    0.00011755    0.02532248    0.34903613    0.75064218    0.74556082    1.54038322    5.71764421    0.00104271    0.00000692
  2.49999976    0.00003602    0.01662780    0.01659178    0.00216625    0.00010259    0.02213690    0.35109267    0.75113487    0.74605012    1.61777771    5.96646690    0.00096896    0.00000530
  2.59999967    0.00003119    0.01454577    0.01451458    0.00214461    0.00009079    0.01935321    0.34361383    0.75159478    0.74648124    1.58803916    7.04293871    0.00089566    0.00000427
  2.69999957    0.00002734    0.01272506    0.01269772    0.00214852    0.00007803    0.01692341    0.35038266    0.75192100    0.74686193    1.56039250    5.66697788    0.00082928    0.00000440
  2.79999948    0.00002347    0.01113535    0.01111188    0.00210770    0.00006727    0.01480072    0.34887603    0.75235164    0.74736893    1.61138558    7.27619791    0.00076464    0.00000381
  2.89999938    0.00002039    0.00974247    0.00972208    0.00209290    0.00005815    0.01293989    0.35063145    0.75290239    0.74796528    1.62108397    7.47145844    0.00070298    0.00000368
  2.99999928    0.00001827    0.00852966    0.00851139    0.00214194    0.00005335    0.01132028    0.34245211    0.75348496    0.74834424    1.56582642    6.60156631    0.00064901    0.00000336
  3.09999919    0.00001560    0.00747143    0.00745582    0.00208862    0.00004442    0.00990984    0.35133249    0.75394070    0.74900889    1.60772145    7.82480717    0.00059329    0.00000278
  3.19999909    0.00001377    0.00653960    0.00652583    0.00210563    0.00003911    0.00866828    0.35206145    0.75442922    0.74945897    1.55164576    7.35563517    0.00054701    0.00000259
  3.29999900    0.00001227    0.00572707    0.00571480    0.00214245    0.00003491    0.00758455    0.35150662    0.75509745    0.75002778    1.52803707    6.87205076    0.00050481    0.00000213
  3.39999890    0.00001063    0.00501242    0.00500178    0.00212173    0.00003053    0.00663050    0.34837353    0.75596368    0.75090253    1.56809545    5.53532887    0.00046396    0.00000175
  3.49999881    0.00000941    0.00438858    0.00437917    0.00214534    0.00002666    0.00580041    0.35315031    0.75659961    0.75152218    1.65359414    5.98320055    0.00042653    0.00000181
  3.59999871    0.00000805    0.00384507    0.00383702    0.00209489    0.00002201    0.00507863    0.36594042    0.75710887    0.75226235    1.52225554    8.51742458    0.00039266    0.00000168
  3.69999862    0.00000698    0.00337005    0.00336307    0.00207267    0.00001938    0.00444613    0.36049613    0.75797546    0.75312233    1.49247408    5.01852179    0.00035802    0.00000142
  3.79999852    0.00000606    0.00295159    0.00294553    0.00205313    0.00001691    0.00389000    0.35828978    0.75876421    0.75392830    1.40739524    5.17865181    0.00032654    0.00000142
  3.89999843    0.00000519    0.00258671    0.00258151    0.00200834    0.00001442    0.00340475    0.36029786    0.75973558    0.75501239    1.51589382    4.15986395    0.00029926    0.00000116
  3.99999833    0.00000445    0.00226597    0.00226152    0.00196604    0.00001286    0.00298016    0.34629130    0.76035255    0.75559586    1.70802438    8.63500023    0.00027218    0.00000078
  4.09999847    0.00000397    0.00198622    0.00198225    0.00200128    0.00001179    0.00260893    0.33707142    0.76131803    0.75637555    1.67279267    8.50074577    0.00025027    0.00000065
  4.19999838    0.00000350    0.00174048    0.00173697    0.00201381    0.00000936    0.00228417    0.37451258    0.76197487    0.75733733    1.51332319    7.12163973    0.00022778    0.00000065
  4.29999828    0.00000312    0.00152640    0.00152327    0.00204730    0.00000900    0.00200171    0.34703228    0.76254970    0.75758046    1.66409099    3.69889927    0.00021000    0.00000052
  4.39999819    0.00000265    0.00133691    0.00133426    0.00198218    0.00000746    0.00175061    0.35533166    0.76368421    0.75893730    1.61086047   11.74875736    0.00019177    0.00000039
  4.49999809    0.00000221    0.00117239    0.00117018    0.00188504    0.00000583    0.00153329    0.37933332    0.76462418    0.76029396    1.51538455    8.37230682    0.00017432    0.00000019
  4.59999800    0.00000193    0.00102850    0.00102657    0.00187651    0.00000544    0.00134460    0.35510260    0.76491529    0.76040620    1.59363973    1.88031352    0.00015791    0.00000019
  4.69999790    0.00000171    0.00090253    0.00090081    0.00190021    0.00000518    0.00117738    0.33124799    0.76656032    0.76175404    1.68531787    6.54936123    0.00014588    0.00000013
  4.79999781    0.00000156    0.00079151    0.00078995    0.00197092    0.00000422    0.00103129    0.37000531    0.76749682    0.76286530    1.58000386    6.80830479    0.00013360    0.00000000
  4.89999771    0.00000137    0.00069466    0.00069329    0.00197217    0.00000397    0.00090395    0.34502098    0.76847851    0.76360869    1.72348976    0.00000000    0.00012261    0.00000000
  4.99999762    0.00000128    0.00060953    0.00060824    0.00210818    0.00000399    0.00079172    0.32239705    0.76988256    0.76441127    1.75233269    9.20588207    0.00011137    0.00000013
  5.09999752    0.00000101    0.00053466    0.00053365    0.00188905    0.00000272    0.00069396    0.37179685    0.77045280    0.76599872    1.53315008    4.28888893    0.00010025    0.00000013
  5.19999743    0.00000090    0.00046943    0.00046852    0.00192787    0.00000255    0.00060878    0.35549140    0.77110571    0.76641411    1.37881911    0.00000000    0.00009062    0.00000013
  5.29999733    0.00000078    0.00041115    0.00041037    0.00189709    0.00000206    0.00053322    0.37779877    0.77107680    0.76664561    1.25150776    0.00000000    0.00008015    0.00000013
  5.39999723    0.00000065    0.00036176    0.00036111    0.00179675    0.00000179    0.00046866    0.36384717    0.77190590    0.76759309    1.63472855    9.33626366    0.00007226    0.00000013
  5.49999714    0.00000056    0.00031836    0.00031780    0.00177469    0.00000183    0.00041198    0.30950323    0.77276057    0.76798624    2.14402485    9.89393997    0.00006567    0.00000006
  5.59999704    0.00000047    0.00027970    0.00027922    0.00169825    0.00000149    0.00036105    0.31834981    0.77468991    0.77019137    1.62097275    0.00000000    0.00006031    0.00000013
  5.69999695    0.00000042    0.00024584    0.00024542    0.00170843    0.00000096    0.00031709    0.43625000    0.77529413    0.77162677    1.58117068   25.45299149    0.00005539    0.00000013
  5.79999685    0.00000039    0.00021620    0.00021580    0.00182701    0.00000105    0.00027867    0.37517670    0.77581578    0.77148372    1.69045758    0.00000000    0.00004971    0.00000013
  5.89999676    0.00000039    0.00018996    0.00018957    0.00205301    0.00000105    0.00024423    0.37267604    0.77782053    0.77291179    1.41666663    0.00000000    0.00004460    0.00000006
  5.99999666    0.00000034    0.00016661    0.00016627    0.00204063    0.00000097    0.00021356    0.35210758    0.78016245    0.77506602    1.79279351   10.33673477    0.00004040    0.00000000
  6.09999657    0.00000030    0.00014661    0.00014631    0.00204618    0.00000090    0.00018769    0.33492538    0.78116375    0.77586257    1.66853726    0.00000000    0.00003645    0.00000000
  6.19999647    0.00000026    0.00012872    0.00012846    0.00201981    0.00000080    0.00016454    0.32365826    0.78231698    0.77694380    2.21317649    0.00000000    0.00003290    0.00000000
  6.29999638    0.00000020    0.00011255    0.00011235    0.00182133    0.00000051    0.00014373    0.39881402    0.78311646    0.77890450    1.36334932   18.82857132    0.00003070    0.00000000
  6.39999628    0.00000019    0.00009888    0.00009869    0.00192142    0.00000061    0.00012614    0.31213713    0.78394967    0.77868563    1.50260425   48.08333588    0.00002838    0.00000000
  6.49999619    0.00000015    0.00008719    0.00008704    0.00172038    0.00000039    0.00011092    0.38895303    0.78604054    0.78196955    1.85714281    0.00000000    0.00002547    0.00000000
  6.59999609    0.00000012    0.00007667    0.00007654    0.00163036    0.00000034    0.00009734    0.36453247    0.78765005    0.78360546    1.14777267   66.71428680    0.00002308    0.00000000
  6.69999599    0.00000012    0.00006740    0.00006728    0.00178028    0.00000033    0.00008551    0.36658746    0.78825676    0.78385276    0.84007192    0.00000000    0.00002055    0.00000000
  6.79999590    0.00000014    0.00005921    0.00005907    0.00236447    0.00000049    0.00007503    0.28504372    0.78918791    0.78220123    1.68411863    0.00000000    0.00001810    0.00000000
  6.89999580    0.00000008    0.00005240    0.00005232    0.00152657    0.00000025    0.00006644    0.32467204    0.78874964    0.78463572    1.75000000    0.00000000    0.00001622    0.00000000
  6.99999571    0.00000007    0.00004612    0.00004605    0.00162602    0.00000020    0.00005821    0.37874928    0.79244995    0.78847897    1.16666663    0.00000000    0.00001474    0.00000000
  7.09999561    0.00000006    0.00004045    0.00004038    0.00160692    0.00000016    0.00005101    0.41474974    0.79297489    0.78927571    0.84030682    0.00000000    0.00001344    0.00000000
  7.19999552    0.00000006    0.00003556    0.00003550    0.00168729    0.00000014    0.00004478    0.43740296    0.79417235    0.79041088    1.00465119    0.00000000    0.00001202    0.00000000
  7.29999542    0.00000008    0.00003135    0.00003127    0.00255183    0.00000030    0.00003952    0.27062154    0.79317224    0.78527498    2.01142859   58.66666412    0.00001041    0.00000000
  7.39999533    0.00000006    0.00002735    0.00002729    0.00237617    0.00000015    0.00003442    0.44295222    0.79475737    0.78950298    2.48427677    0.00000000    0.00000937    0.00000000
  7.49999523    0.00000007    0.00002401    0.00002393    0.00312370    0.00000016    0.00003017    0.46583277    0.79569358    0.78899825    1.50000000    0.00000000    0.00000866    0.00000000
  7.59999514    0.00000007    0.00002105    0.00002098    0.00332463    0.00000013    0.00002656    0.52154368    0.79281276    0.78620362    2.97561002    0.00000000    0.00000782    0.00000000
  7.69999504    0.00000006    0.00001845    0.00001839    0.00325115    0.00000009    0.00002315    0.65659606    0.79735863    0.79164082    1.48500001    0.00000000    0.00000724    0.00000000
  7.79999495    0.00000005    0.00001632    0.00001626    0.00337010    0.00000009    0.00002035    0.61291897    0.80183136    0.79562128    1.48369563    0.00000000    0.00000653    0.00000000
  7.89999485    0.00000005    0.00001452    0.00001447    0.00344353    0.00000014    0.00001804    0.35556567    0.80488074    0.79590505    1.70498085    0.00000000    0.00000608    0.00000000
  7.99999475    0.00000004    0.00001290    0.00001286    0.00309957    0.00000006    0.00001602    0.61584508    0.80568659    0.79994553    1.77733409    0.00000000    0.00000556    0.00000000
100.00000000    0.00000000    0.00000001    0.00000001    0.00000000    0.00000000    0.00000001    0.00000000    0.76040596    0.76040596    0.00000000    0.00000000    0.00000000    0.00000000
 * The above water reflectance is actually an albedo calculation
   depth (m)           Eu            Ed             E            R*           Eou           Eod     meancosUP    meancosDown      meancos            rd            rup            Ld            Lu
  0.00000000    0.04795710    0.49999997    0.45204288    0.09591420    0.09177567    0.95694047    0.52254695    0.52249849    0.43104404    0.00000000    0.00000000    0.00000000    0.00478752
  0.00000000    0.04378444    0.49582732    0.45204288    0.08830582    0.10645240    0.70275611    0.41130531    0.70554680    0.55862349    2.29588604    5.57684565    0.00018105    0.00869819
  0.10000000    0.03878506    0.41360098    0.37481591    0.09377411    0.09846177    0.62837404    0.39390987    0.65820825    0.51568168    2.55223703    5.80345392    0.02283059    0.00736365
  0.20000000    0.03284352    0.34023574    0.30739221    0.09653165    0.08512419    0.53491676    0.38583061    0.63605362    0.49576113    2.68341231    5.91630220    0.03759765    0.00612678
  0.30000001    0.02715932    0.27788723    0.25072789    0.09773504    0.07113144    0.44390342    0.38181877    0.62600833    0.48681733    2.75216627    5.98855209    0.04567637    0.00503236
  0.40000001    0.02219773    0.22623216    0.20403442    0.09811927    0.05841566    0.36345014    0.37999627    0.62245721    0.48364770    2.78821731    6.01174927    0.04872971    0.00412597
  0.50000000    0.01800604    0.18393680    0.16593076    0.09789252    0.04750085    0.29546490    0.37906769    0.62253350    0.48381147    2.79534316    6.01980877    0.04828023    0.00334504
  0.60000002    0.01456680    0.14958674    0.13501993    0.09738032    0.03841944    0.23943624    0.37915191    0.62474561    0.48593545    2.78453374    6.00766277    0.04570390    0.00267677
  0.70000005    0.01178943    0.12176289    0.10997345    0.09682288    0.03106601    0.19389938    0.37949625    0.62796944    0.48884609    2.77959538    6.00871325    0.04185683    0.00217849
  0.80000007    0.00955027    0.09923593    0.08968566    0.09623807    0.02506529    0.15719847    0.38101596    0.63127792    0.49206522    2.76458359    5.98644829    0.03751420    0.00178292
  0.90000010    0.00774157    0.08099854    0.07325697    0.09557666    0.02033029    0.12753293    0.38078997    0.63511866    0.49543744    2.74716806    5.97866774    0.03301618    0.00145806
  1.00000012    0.00629076    0.06620453    0.05991377    0.09502015    0.01646191    0.10373082    0.38214058    0.63823396    0.49848080    2.73757601    5.97748041    0.02866715    0.00117153
  1.10000014    0.00512331    0.05417457    0.04905126    0.09457047    0.01339420    0.08452161    0.38250235    0.64095533    0.50095338    2.73128915    5.99415874    0.02468286    0.00097090
  1.20000017    0.00418147    0.04437524    0.04019377    0.09422980    0.01092112    0.06892155    0.38287929    0.64385140    0.50341207    2.72229648    5.97389936    0.02106939    0.00078849
  1.30000019    0.00341627    0.03639227    0.03297600    0.09387363    0.00890462    0.05634740    0.38365200    0.64585543    0.50536370    2.69510698    5.92684937    0.01786874    0.00064319
  1.40000021    0.00279062    0.02985480    0.02706418    0.09347308    0.00727438    0.04611133    0.38362294    0.64745033    0.50695544    2.69015121    5.93306303    0.01507834    0.00051832
  1.50000024    0.00228236    0.02450975    0.02222739    0.09312048    0.00593672    0.03775013    0.38444808    0.64926267    0.50878906    2.68778539    5.94871473    0.01263847    0.00042291
  1.60000026    0.00187110    0.02012923    0.01825813    0.09295460    0.00487911    0.03091777    0.38349283    0.65105712    0.51004803    2.68567061    5.94138098    0.01057276    0.00035595
  1.70000029    0.00153364    0.01654557    0.01501193    0.09269216    0.00399320    0.02536296    0.38406456    0.65235192    0.51137245    2.67648053    5.91050243    0.00883509    0.00029209
  1.80000031    0.00125818    0.01360283    0.01234465    0.09249395    0.00326690    0.02081920    0.38512951    0.65337938    0.51252198    2.67137504    5.95066690    0.00735764    0.00023696
  1.90000033    0.00103748    0.01118990    0.01015242    0.09271616    0.00269858    0.01711611    0.38445535    0.65376455    0.51236826    2.67222166    5.95642757    0.00611463    0.00019514
  2.00000024    0.00085511    0.00921228    0.00835717    0.09282283    0.00222497    0.01408944    0.38432372    0.65384269    0.51225674    2.68812871    5.96086121    0.00506546    0.00016017
  2.10000014    0.00070034    0.00758057    0.00688023    0.09238619    0.00181005    0.01156760    0.38691777    0.65532798    0.51430798    2.65663218    5.90533066    0.00419752    0.00012921
  2.20000005    0.00057598    0.00623898    0.00566300    0.09231950    0.00150813    0.00952586    0.38191628    0.65495217    0.51323253    2.67208648    5.94047356    0.00347489    0.00010872
  2.29999995    0.00047485    0.00513886    0.00466401    0.09240376    0.00123740    0.00783391    0.38374764    0.65597618    0.51414931    2.64645171    5.92695093    0.00289517    0.00009282
  2.39999986    0.00039212    0.00423585    0.00384373    0.09257174    0.00102282    0.00646324    0.38337082    0.65537596    0.51345181    2.65345693    5.83828068    0.00238461    0.00007692
  2.49999976    0.00032194    0.00348718    0.00316524    0.09232102    0.00083906    0.00531249    0.38369226    0.65641207    0.51454401    2.68811536    5.97769833    0.00196965    0.00006444
  2.59999967    0.00026447    0.00287264    0.00260816    0.09206688    0.00068743    0.00438143    0.38473049    0.65563953    0.51454657    2.66128039    5.94948864    0.00162889    0.00005320
  2.69999957    0.00021752    0.00236504    0.00214752    0.09197288    0.00056370    0.00360354    0.38587826    0.65631205    0.51533526    2.64282966    5.88829422    0.00133829    0.00004428
  2.79999948    0.00018014    0.00195127    0.00177113    0.09231937    0.00046773    0.00297185    0.38513890    0.65658456    0.51492679    2.71088195    5.93794012    0.00110437    0.00003717
  2.89999938    0.00014759    0.00160644    0.00145885    0.09187678    0.00038086    0.00244570    0.38752791    0.65684420    0.51612121    2.62761211    5.88401842    0.00090587    0.00002825
  2.99999928    0.00012223    0.00132503    0.00120280    0.09224697    0.00031903    0.00201615    0.38312915    0.65720838    0.51507807    2.71054482    5.96871090    0.00074752    0.00002185
  3.09999919    0.00010078    0.00109020    0.00098941    0.09244634    0.00026517    0.00165149    0.38007522    0.66013223    0.51621872    2.70310163    5.91406441    0.00061727    0.00001797
  3.19999909    0.00008267    0.00089736    0.00081469    0.09212527    0.00021629    0.00136429    0.38222483    0.65775347    0.51544243    2.71220183    5.95865536    0.00050481    0.00001448
  3.29999900    0.00006810    0.00073820    0.00067009    0.09225820    0.00017545    0.00112036    0.38817531    0.65889239    0.51712281    2.64898658    5.83107948    0.00042330    0.00001086
  3.39999890    0.00005605    0.00060830    0.00055225    0.09214203    0.00014507    0.00092637    0.38635188    0.65665150    0.51542705    2.64250159    6.00204325    0.00035020    0.00000944
  3.49999881    0.00004620    0.00050155    0.00045535    0.09211352    0.00011963    0.00076493    0.38617477    0.65568721    0.51477832    2.64937592    5.72847986    0.00028718    0.00000776
  3.59999871    0.00003758    0.00041266    0.00037508    0.09107872    0.00009734    0.00062548    0.38610435    0.65975410    0.51890683    2.74975753    6.03135872    0.00023818    0.00000601
  3.69999862    0.00003077    0.00034027    0.00030950    0.09042687    0.00008011    0.00051759    0.38410160    0.65742004    0.51782626    2.56789899    5.97866011    0.00019494    0.00000536
  3.79999852    0.00002546    0.00028011    0.00025465    0.09089286    0.00006517    0.00042729    0.39066118    0.65554619    0.51709348    2.63949871    5.97575474    0.00015816    0.00000608
  3.89999843    0.00002092    0.00023079    0.00020987    0.09064321    0.00005388    0.00035192    0.38825431    0.65581518    0.51718444    2.64784360    6.28700829    0.00013205    0.00000459
  3.99999833    0.00001767    0.00019055    0.00017288    0.09273157    0.00004660    0.00029083    0.37917194    0.65519208    0.51233983    2.65451574    5.51630878    0.00010600    0.00000440
  4.09999847    0.00001449    0.00015729    0.00014280    0.09212282    0.00003705    0.00023925    0.39109448    0.65744293    0.51683891    2.76428986    6.09449530    0.00008416    0.00000304
  4.19999838    0.00001201    0.00012906    0.00011705    0.09305388    0.00003075    0.00019540    0.39058968    0.66050047    0.51759154    2.56104732    5.70816278    0.00007297    0.00000233
  4.29999828    0.00000994    0.00010686    0.00009692    0.09301891    0.00002522    0.00016326    0.39418504    0.65453529    0.51422596    2.68715787    5.74693775    0.00006063    0.00000213
  4.39999819    0.00000819    0.00008857    0.00008038    0.09246402    0.00002147    0.00013405    0.38141018    0.66075099    0.51686239    2.60878396    5.69667006    0.00004996    0.00000168
  4.49999809    0.00000671    0.00007288    0.00006617    0.09206916    0.00001802    0.00011132    0.37234604    0.65468687    0.51159239    2.80910897    6.05274630    0.00004247    0.00000175
  4.59999800    0.00000536    0.00005982    0.00005446    0.08959465    0.00001326    0.00009159    0.40413123    0.65317017    0.51943278    2.65166736    5.78256941    0.00003406    0.00000155
  4.69999790    0.00000459    0.00004971    0.00004512    0.09232626    0.00001208    0.00007564    0.38009712    0.65729570    0.51447052    2.50134468    4.90174341    0.00002876    0.00000136
  4.79999781    0.00000369    0.00004115    0.00003746    0.08967193    0.00000934    0.00006293    0.39488992    0.65385932    0.51827377    2.83079243    6.25116539    0.00002385    0.00000071
  4.89999771    0.00000300    0.00003374    0.00003073    0.08906343    0.00000707    0.00005060    0.42487952    0.66675723    0.53289324    2.53300619    5.73032284    0.00001933    0.00000078
  4.99999762    0.00000250    0.00002787    0.00002537    0.08986548    0.00000633    0.00004225    0.39545989    0.65977895    0.52219486    2.74574184    5.82428980    0.00001577    0.00000071
  5.09999752    0.00000204    0.00002298    0.00002094    0.08875354    0.00000490    0.00003454    0.41591629    0.66553015    0.53104353    2.72460818    6.07551575    0.00001183    0.00000045
  5.19999743    0.00000169    0.00001920    0.00001751    0.08802083    0.00000417    0.00002939    0.40570122    0.65321660    0.52177334    2.76377010    5.73322201    0.00001131    0.00000039
  5.29999733    0.00000135    0.00001581    0.00001446    0.08538900    0.00000323    0.00002400    0.41766638    0.65861869    0.53089488    3.02341151    8.74007893    0.00000911    0.00000032
  5.39999723    0.00000117    0.00001310    0.00001193    0.08966043    0.00000310    0.00002039    0.37908021    0.64258677    0.50779480    2.36316848    4.37167120    0.00000737    0.00000026
  5.49999714    0.00000102    0.00001074    0.00000972    0.09497207    0.00000262    0.00001617    0.38944954    0.66438454    0.51745015    2.56061792    5.28456306    0.00000543    0.00000006
  5.59999704    0.00000084    0.00000889    0.00000805    0.09443507    0.00000254    0.00001361    0.33073491    0.65334505    0.49862728    2.71233082    3.54904628    0.00000472    0.00000006
  5.69999695    0.00000062    0.00000725    0.00000663    0.08545830    0.00000160    0.00001084    0.38871434    0.66951156    0.53373516    2.31057692    4.54449797    0.00000517    0.00000013
  5.79999685    0.00000046    0.00000607    0.00000560    0.07660626    0.00000118    0.00000909    0.39417806    0.66811502    0.54603380    2.95283413    9.11031437    0.00000343    0.00000013
  5.89999676    0.00000040    0.00000508    0.00000467    0.07972442    0.00000100    0.00000775    0.40522987    0.65571761    0.53448910    2.45147467    6.70153666    0.00000284    0.00000006
  5.99999666    0.00000037    0.00000419    0.00000382    0.08830549    0.00000106    0.00000645    0.34883046    0.64944160    0.50849372    2.86081862    7.71261263    0.00000246    0.00000006
  6.09999657    0.00000032    0.00000349    0.00000316    0.09312321    0.00000082    0.00000556    0.39490882    0.62823522    0.49622005    3.07363939    5.29137945    0.00000194    0.00000000
  6.19999647    0.00000022    0.00000282    0.00000259    0.07978723    0.00000062    0.00000433    0.36124563    0.65067720    0.52352417    4.05375004   11.48562527    0.00000129    0.00000000
  6.29999638    0.00000018    0.00000231    0.00000213    0.07775378    0.00000042    0.00000345    0.42722499    0.67133838    0.55172819    4.32106590   16.65489197    0.00000110    0.00000000
  6.39999628    0.00000018    0.00000197    0.00000179    0.09137056    0.00000051    0.00000306    0.35282958    0.64409572    0.50158137    3.35675693    5.51999998    0.00000084    0.00000000
  6.49999619    0.00000014    0.00000156    0.00000142    0.08974358    0.00000041    0.00000225    0.34285012    0.69482106    0.53513736    2.38797832    5.23801374    0.00000071    0.00000000
  6.59999609    0.00000012    0.00000136    0.00000124    0.08791209    0.00000024    0.00000207    0.49460304    0.65954000    0.53843820    3.16279054    5.31249952    0.00000052    0.00000000
  6.69999599    0.00000010    0.00000111    0.00000101    0.08968610    0.00000024    0.00000163    0.41368040    0.68474287    0.54275721    2.22895622    0.00000000    0.00000052    0.00000006
  6.79999590    0.00000008    0.00000095    0.00000087    0.08421053    0.00000018    0.00000132    0.43282714    0.72094899    0.57901990    1.87242794    6.06666660    0.00000039    0.00000000
  6.89999580    0.00000007    0.00000084    0.00000077    0.08875740    0.00000013    0.00000119    0.59937620    0.71081322    0.58603740    3.30612254    3.59999990    0.00000019    0.00000000
  6.99999571    0.00000005    0.00000072    0.00000067    0.07586206    0.00000009    0.00000104    0.64281535    0.69661158    0.59486121    3.63354015   10.03676414    0.00000026    0.00000000
  7.09999561    0.00000005    0.00000060    0.00000054    0.09166666    0.00000014    0.00000082    0.38209468    0.73242545    0.56585789    1.68145156    4.63333321    0.00000026    0.00000000
  7.19999552    0.00000005    0.00000050    0.00000045    0.09900991    0.00000010    0.00000075    0.50946116    0.67178988    0.53537852    1.80223882    2.98148131    0.00000032    0.00000000
  7.29999542    0.00000004    0.00000043    0.00000038    0.10465116    0.00000008    0.00000070    0.53972554    0.61449593    0.49161303    1.70673084    3.73684216    0.00000019    0.00000000
  7.39999533    0.00000004    0.00000035    0.00000030    0.12857144    0.00000015    0.00000053    0.30600187    0.66289741    0.45182300      Infinity           NaN    0.00000026    0.00000000
  7.49999523    0.00000003    0.00000027    0.00000023    0.12962963    0.00000008    0.00000043    0.45620888    0.63044161    0.46535531    1.51794875    4.93333340    0.00000006    0.00000000
  7.59999514    0.00000003    0.00000021    0.00000018    0.13953489    0.00000006    0.00000036    0.48131484    0.58936375    0.43312398      Infinity           NaN    0.00000013    0.00000000
  7.69999504    0.00000001    0.00000016    0.00000014    0.09375001    0.00000002    0.00000021    0.64844167    0.77151340    0.62902087    0.56818181    4.16666698    0.00000000    0.00000000
  7.79999495    0.00000001    0.00000014    0.00000013    0.10344828    0.00000008    0.00000024    0.19693571    0.59520340    0.40652797    2.08333349    0.00000000    0.00000006    0.00000000
  7.89999485    0.00000000    0.00000010    0.00000009    0.05000000    0.00000001    0.00000013    0.92387956    0.78209734    0.71282107           NaN           NaN    0.00000000    0.00000000
  7.99999475    0.00000000    0.00000009    0.00000009    0.05263158    0.00000001    0.00000014    0.52249867    0.70132691    0.62057447    2.04347825    0.00000000    0.00000000    0.00000000
100.00000000    0.00000000    0.00000003    0.00000003    0.00000000    0.00000000    0.00000005    0.00000000    0.76040590    0.76040590    0.00000000    0.00000000    0.00000000    0.00000000
 * The above water reflectance is actually an albedo calculation
