   depth (m)           Eu            Ed             E            R*           Eou           Eod     meancosUP    meancosDown      meancos            rd            rup            Ld            Lu
    0.000000      0.030782      0.500000      0.469218      0.061564      0.062742      1.020179      0.490613      0.490110      0.433289      0.000000      0.000000      0.000000      0.000102
    0.000000      0.000939      0.470157      0.469218      0.001998      0.002750      0.625332      0.341610      0.751852      0.747065      1.354367      5.926538      0.000000      0.000198
    0.100000      0.000829      0.411855      0.411026      0.002014      0.002398      0.549058      0.345952      0.750113      0.745348      1.351418      5.627932      0.000642      0.000178
    0.200000      0.000728      0.360661      0.359933      0.002018      0.002123      0.481579      0.342896      0.748914      0.744122      1.387501      5.674219      0.001202      0.000150
    0.300000      0.000637      0.315714      0.315077      0.002018      0.001912      0.422016      0.333221      0.748109      0.743233      1.438010      5.575039      0.001693      0.000109
    0.400000      0.000561      0.276398      0.275837      0.002031      0.001667      0.369886      0.336829      0.747253      0.742389      1.440840      5.359971      0.002069      0.000068
    0.500000      0.000492      0.241893      0.241402      0.002033      0.001426      0.323931      0.344772      0.746744      0.741959      1.446791      7.136116      0.002246      0.000041
    0.600000      0.000431      0.211699      0.211268      0.002035      0.001263      0.283647      0.341070      0.746347      0.741526      1.435453      6.862689      0.002403      0.000027
    0.700000      0.000378      0.185179      0.184802      0.002039      0.001141      0.248227      0.330977      0.746006      0.741079      1.505082      6.416946      0.002424      0.000041
    0.800000      0.000333      0.162001      0.161667      0.002057      0.001016      0.217212      0.328014      0.745818      0.740819      1.461813      5.595864      0.002553      0.000048
    0.900000      0.000293      0.141730      0.141437      0.002071      0.000904      0.190069      0.324702      0.745680      0.740614      1.470031      5.516619      0.002437      0.000034
    1.000000      0.000251      0.123968      0.123717      0.002026      0.000752      0.166267      0.334042      0.745595      0.740736      1.404868      5.714737      0.002383      0.000020
    1.100000      0.000224      0.108407      0.108183      0.002071      0.000677      0.145399      0.331723      0.745583      0.740592      1.466570      5.128716      0.002191      0.000014
    1.200000      0.000194      0.094870      0.094676      0.002047      0.000565      0.127266      0.343596      0.745448      0.740633      1.416441      6.706204      0.002273      0.000014
    1.300000      0.000173      0.083025      0.082852      0.002080      0.000494      0.111356      0.349902      0.745582      0.740747      1.502886      8.031952      0.002103      0.000014
    1.400000      0.000154      0.072605      0.072451      0.002127      0.000465      0.097339      0.331923      0.745901      0.740774      1.462893      6.345372      0.001987      0.000014
    1.500000      0.000132      0.063491      0.063360      0.002074      0.000381      0.085117      0.345998      0.745930      0.741069      1.474683      4.396850      0.001939      0.000014
    1.600000      0.000119      0.055586      0.055467      0.002139      0.000344      0.074506      0.345606      0.746061      0.741044      1.405066      1.506381      0.001782      0.000007
    1.700000      0.000103      0.048620      0.048517      0.002129      0.000315      0.065114      0.328254      0.746701      0.741521      1.468724      5.736322      0.001659      0.000014
    1.800000      0.000089      0.042556      0.042466      0.002098      0.000261      0.056991      0.342071      0.746702      0.741738      1.372293      8.507171      0.001557      0.000014
    1.900000      0.000080      0.037242      0.037162      0.002151      0.000233      0.049882      0.343991      0.746603      0.741536      1.438454      3.450826      0.001468      0.000014
    2.000000      0.000069      0.032552      0.032482      0.002123      0.000211      0.043569      0.327616      0.747133      0.741955      1.695047      5.996275      0.001379      0.000014
    2.100000      0.000060      0.028481      0.028421      0.002093      0.000174      0.038111      0.342277      0.747317      0.742361      1.449983      4.306497      0.001256      0.000014
    2.200000      0.000049      0.024894      0.024845      0.001972      0.000155      0.033281      0.316698      0.748009      0.743072      1.421420     10.383280      0.001133      0.000007
    2.300000      0.000044      0.021762      0.021718      0.002013      0.000134      0.029087      0.326366      0.748156      0.743221      1.562357     11.814343      0.001065      0.000014
    2.400000      0.000037      0.019039      0.019002      0.001938      0.000096      0.025435      0.384476      0.748531      0.744272      1.415703     10.136055      0.000976      0.000014
    2.500000      0.000032      0.016655      0.016623      0.001903      0.000086      0.022255      0.368726      0.748383      0.744084      1.538962      6.969415      0.000922      0.000014
    2.600000      0.000027      0.014544      0.014517      0.001843      0.000082      0.019420      0.324963      0.748911      0.744370      1.548142      7.482142      0.000853      0.000014
    2.700000      0.000023      0.012683      0.012660      0.001845      0.000069      0.016905      0.340723      0.750269      0.745854      1.261408     11.586801      0.000724      0.000014
    2.799999      0.000022      0.011113      0.011091      0.001944      0.000066      0.014794      0.328542      0.751186      0.746409      1.349685      3.553125      0.000696      0.000007
    2.899999      0.000018      0.009719      0.009701      0.001903      0.000058      0.012929      0.320676      0.751760      0.746996      1.524757      4.526235      0.000655      0.000007
    2.999999      0.000015      0.008496      0.008481      0.001742      0.000045      0.011286      0.328365      0.752747      0.748447      1.302200      4.084877      0.000601      0.000007
    3.099999      0.000013      0.007433      0.007420      0.001695      0.000034      0.009874      0.365349      0.752801      0.748909      1.087916      0.000000      0.000573      0.000007
    3.199999      0.000011      0.006501      0.006490      0.001707      0.000029      0.008629      0.387423      0.753398      0.749622      1.137917      4.724881      0.000533      0.000007
    3.299999      0.000011      0.005692      0.005681      0.002003      0.000038      0.007553      0.296939      0.753628      0.748316      1.479519      5.632716      0.000498      0.000007
    3.399999      0.000010      0.004987      0.004977      0.002085      0.000027      0.006616      0.379272      0.753887      0.749210      1.840243     44.388889      0.000457      0.000000
    3.499999      0.000010      0.004381      0.004371      0.002237      0.000026      0.005801      0.382085      0.755163      0.750157      1.264022      0.000000      0.000410      0.000000
    3.599999      0.000008      0.003839      0.003830      0.002188      0.000024      0.005083      0.354184      0.755284      0.750131      2.244523      0.000000      0.000369      0.000000
    3.699999      0.000007      0.003366      0.003359      0.001991      0.000018      0.004453      0.371084      0.755865      0.751314      1.596059      0.000000      0.000341      0.000000
    3.799999      0.000006      0.002949      0.002944      0.002000      0.000023      0.003900      0.251777      0.756343      0.750321      1.473860      0.000000      0.000294      0.000000
    3.899998      0.000006      0.002581      0.002576      0.002208      0.000013      0.003403      0.442094      0.758496      0.753965      1.466860      0.000000      0.000280      0.000000
    3.999998      0.000006      0.002256      0.002250      0.002571      0.000015      0.002970      0.380299      0.759552      0.753729      1.726409      0.000000      0.000246      0.000000
    4.099998      0.000005      0.001985      0.001980      0.002317      0.000014      0.002625      0.318436      0.756124      0.750244      1.502500      0.000000      0.000232      0.000000
    4.199998      0.000003      0.001742      0.001738      0.002010      0.000011      0.002287      0.314714      0.761598      0.756388      1.290441      0.000000      0.000178      0.000000
    4.299998      0.000003      0.001523      0.001520      0.001904      0.000011      0.002000      0.269404      0.761545      0.756026      1.341598     13.527778      0.000171      0.000000
    4.399998      0.000002      0.001334      0.001331      0.001799      0.000005      0.001755      0.447691      0.760004      0.756326      1.846154      0.000000      0.000171      0.000000
    4.499998      0.000002      0.001176      0.001174      0.001361      0.000003      0.001542      0.458401      0.762421      0.759664      2.673816      0.000000      0.000178      0.000000
    4.599998      0.000001      0.001035      0.001033      0.001449      0.000005      0.001359      0.307148      0.761347      0.757522      7.043344      0.000000      0.000130      0.000000
    4.699998      0.000001      0.000906      0.000905      0.001324      0.000003      0.001189      0.348826      0.762082      0.758878      5.063291      0.000000      0.000130      0.000000
    4.799998      0.000001      0.000793      0.000792      0.001639      0.000006      0.001033      0.209941      0.768007      0.762177      1.500000      0.000000      0.000116      0.000000
    4.899998      0.000001      0.000698      0.000697      0.002005      0.000003      0.000910      0.414837      0.767177      0.762812      0.666667      0.000000      0.000096      0.000000
    4.999998      0.000002      0.000615      0.000613      0.002603      0.000005      0.000799      0.330835      0.768909      0.762295      1.263227      0.000000      0.000068      0.000000
    5.099998      0.000001      0.000540      0.000538      0.002409      0.000004      0.000707      0.370474      0.763798      0.758193      1.166667      0.000000      0.000061      0.000000
    5.199997      0.000001      0.000476      0.000475      0.001681      0.000002      0.000618      0.398052      0.769938      0.766153           NaN           NaN      0.000061      0.000000
    5.299997      0.000001      0.000423      0.000423      0.001889      0.000002      0.000548      0.398052      0.772784      0.768506      0.500000      0.000000      0.000048      0.000000
    5.399997      0.000001      0.000374      0.000373      0.002407      0.000002      0.000488      0.398326      0.766684      0.761312      2.016393      0.000000      0.000048      0.000000
    5.499997      0.000001      0.000328      0.000328      0.002132      0.000002      0.000424      0.333051      0.773429      0.767977      2.000000      0.000000      0.000048      0.000000
    5.599997      0.000001      0.000285      0.000285      0.002103      0.000002      0.000368      0.357491      0.774723      0.769586      2.000000      0.000000      0.000041      0.000000
    5.699997      0.000000      0.000249      0.000248      0.001206      0.000001      0.000320      0.419252      0.776861      0.774194      0.500000      0.000000      0.000034      0.000000
    5.799997      0.000000      0.000220      0.000219      0.001821      0.000001      0.000286      0.430027      0.768897      0.765005      2.027778      0.000000      0.000034      0.000000
    5.899997      0.000000      0.000193      0.000193      0.001035      0.000000      0.000249      0.470868      0.774742      0.772624      Infinity      0.000000      0.000041      0.000000
    5.999997      0.000000      0.000169      0.000169      0.001770      0.000001      0.000218      0.396379      0.775867      0.771820      1.000000      0.000000      0.000027      0.000000
    6.099997      0.000000      0.000147      0.000147      0.001360      0.000001      0.000190      0.348116      0.776068      0.772671      1.000000      0.000000      0.000027      0.000000
    6.199996      0.000000      0.000129      0.000128      0.001555      0.000001      0.000165      0.348116      0.778333      0.774429           NaN      0.000000      0.000014      0.000000
    6.299996      0.000000      0.000114      0.000114      0.003500      0.000001      0.000147      0.433801      0.778698      0.771129      2.054054      0.000000      0.000020      0.000000
    6.399996      0.000000      0.000100      0.000099      0.003006      0.000001      0.000128      0.371582      0.781167      0.773928      Infinity           NaN      0.000020      0.000000
    6.499996      0.000000      0.000087      0.000087      0.003436      0.000001      0.000111      0.371582      0.783909      0.775592      1.000000      0.000000      0.000020      0.000000
    6.599996      0.000000      0.000077      0.000077      0.002601      0.000000      0.000098      0.519484      0.785557      0.780444           NaN      0.000000      0.000020      0.000000
    6.699996      0.000000      0.000068      0.000068      0.002920      0.000000      0.000087      0.519484      0.787488      0.781729      Infinity           NaN      0.000020      0.000000
    6.799996      0.000000      0.000060      0.000059      0.003356      0.000000      0.000076      0.429483      0.787962      0.780512      Infinity      0.000000      0.000020      0.000000
    6.899996      0.000000      0.000053      0.000053      0.001887      0.000000      0.000067      0.429483      0.790925      0.786699      Infinity      0.000000      0.000020      0.000000
    6.999996      0.000000      0.000047      0.000047      0.000000      0.000000      0.000059      0.000000      0.793195      0.793195      Infinity      0.000000      0.000020      0.000000
    7.099996      0.000000      0.000041      0.000041      0.002427      0.000000      0.000053      0.753713      0.782094      0.778236           NaN      0.000000      0.000014      0.000000
    7.199996      0.000000      0.000036      0.000036      0.002762      0.000000      0.000046      0.753713      0.790012      0.785555           NaN      0.000000      0.000007      0.000000
    7.299995      0.000000      0.000032      0.000032      0.003155      0.000000      0.000040      0.753713      0.791682      0.786578           NaN      0.000000      0.000007      0.000000
    7.399995      0.000000      0.000028      0.000028      0.003546      0.000000      0.000036      0.753713      0.791999      0.786261           NaN      0.000000      0.000007      0.000000
    7.499995      0.000000      0.000024      0.000024      0.004082      0.000000      0.000031      0.753713      0.789554      0.782983      1.000000      0.000000      0.000007      0.000000
    7.599995      0.000000      0.000021      0.000021      0.000000      0.000000      0.000027      0.000000      0.800018      0.800018           NaN      0.000000      0.000007      0.000000
    7.699995      0.000000      0.000019      0.000019      0.000000      0.000000      0.000024      0.000000      0.803114      0.803114           NaN      0.000000      0.000007      0.000000
    7.799995      0.000000      0.000017      0.000017      0.000000      0.000000      0.000021      0.000000      0.813064      0.813064           NaN      0.000000      0.000007      0.000000
    7.899995      0.000000      0.000015      0.000015      0.006494      0.000001      0.000019      0.102264      0.809048      0.764519      1.000000      0.000000      0.000007      0.000000
    7.999995      0.000000      0.000014      0.000014      0.000000      0.000000      0.000017      0.000000      0.807205      0.807205      1.031250      0.000000      0.000007      0.000000
  100.000000      0.000000      0.000000      0.000000      0.000000      0.000000      0.000000      0.000000      0.000000      0.000000      0.000000      0.000000      0.000000      0.000000
 * The above water reflectance is actually an albedo calculation
   depth (m)           Eu            Ed             E            R*           Eou           Eod     meancosUP    meancosDown      meancos            rd            rup            Ld            Lu
    0.000000      0.047006      0.500000      0.452994      0.094013      0.093400      1.020179      0.503280      0.490110      0.406791      0.000000      0.000000      0.000000      0.004915
    0.000000      0.041242      0.494236      0.452994      0.083446      0.102131      0.705132      0.403814      0.700913      0.561148      2.039035      4.997435      0.000150      0.008657
    0.100000      0.036499      0.413611      0.377111      0.088246      0.093519      0.624205      0.390288      0.662620      0.525426      2.239241      5.167542      0.022632      0.007182
    0.200000      0.030995      0.341685      0.310690      0.090712      0.080871      0.531010      0.383265      0.643461      0.507761      2.348400      5.268007      0.035261      0.006021
    0.300000      0.025789      0.280532      0.254742      0.091931      0.068243      0.442889      0.377909      0.633413      0.498389      2.406408      5.309004      0.041269      0.004956
    0.400000      0.021175      0.229368      0.208193      0.092319      0.056590      0.364576      0.374183      0.629137      0.494326      2.430312      5.383697      0.044956      0.003830
    0.500000      0.017378      0.187425      0.170047      0.092721      0.046354      0.298150      0.374905      0.628626      0.493599      2.462827      5.342968      0.045092      0.003127
    0.600000      0.014082      0.153011      0.138929      0.092031      0.037984      0.243033      0.370730      0.629588      0.494379      2.455666      5.430761      0.042949      0.002594
    0.700000      0.011468      0.124943      0.113476      0.091782      0.030750      0.197576      0.372934      0.632381      0.496990      2.444437      5.333844      0.040095      0.002157
    0.800000      0.009319      0.102142      0.092823      0.091233      0.024957      0.160780      0.373397      0.635294      0.499759      2.465048      5.392632      0.036436      0.001891
    0.900000      0.007549      0.083641      0.076092      0.090257      0.020015      0.130820      0.377171      0.639362      0.504471      2.426090      5.377849      0.032312      0.001386
    1.000000      0.006162      0.068579      0.062417      0.089859      0.016369      0.106591      0.376468      0.643387      0.507618      2.414007      5.323517      0.028475      0.001113
    1.100000      0.005014      0.056306      0.051293      0.089045      0.013187      0.087157      0.380212      0.646031      0.511166      2.423450      5.436701      0.025048      0.000990
    1.200000      0.004119      0.046298      0.042179      0.088968      0.010860      0.071421      0.379299      0.648236      0.512620      2.396942      5.312769      0.020891      0.000853
    1.300000      0.003359      0.038074      0.034715      0.088227      0.008779      0.058531      0.382655      0.650499      0.515753      2.405853      5.408127      0.017866      0.000642
    1.400000      0.002754      0.031338      0.028584      0.087893      0.007285      0.048051      0.378086      0.652177      0.516542      2.356651      5.306297      0.015757      0.000526
    1.500000      0.002266      0.025815      0.023549      0.087782      0.005942      0.039279      0.381357      0.657230      0.520756      2.383912      5.468424      0.012739      0.000464
    1.600000      0.001880      0.021290      0.019410      0.088314      0.004968      0.032413      0.378457      0.656825      0.519234      2.369880      5.283282      0.011176      0.000430
    1.700000      0.001547      0.017535      0.015988      0.088223      0.004113      0.026631      0.376135      0.658453      0.520047      2.387897      5.362867      0.009503      0.000314
    1.800000      0.001276      0.014491      0.013215      0.088040      0.003337      0.021948      0.382275      0.660251      0.522650      2.355165      5.381348      0.008179      0.000232
    1.900000      0.001044      0.011970      0.010927      0.087190      0.002827      0.018169      0.369175      0.658849      0.520424      2.294584      5.273440      0.006916      0.000212
    2.000000      0.000857      0.009892      0.009035      0.086662      0.002268      0.014945      0.377954      0.661938      0.524903      2.372129      5.462176      0.005332      0.000143
    2.100000      0.000710      0.008180      0.007470      0.086763      0.001826      0.012397      0.388656      0.659813      0.525206      2.398880      5.327693      0.004595      0.000137
    2.200000      0.000579      0.006747      0.006168      0.085755      0.001477      0.010198      0.391782      0.661623      0.528367      2.411323      5.554513      0.003823      0.000102
    2.300000      0.000480      0.005580      0.005100      0.086103      0.001254      0.008374      0.383048      0.666373      0.529658      2.456066      5.774565      0.003195      0.000061
    2.400000      0.000405      0.004616      0.004211      0.087805      0.001076      0.006949      0.376679      0.664284      0.524707      2.350185      5.250406      0.002744      0.000082
    2.500000      0.000338      0.003827      0.003489      0.088324      0.000871      0.005779      0.387907      0.662217      0.524623      2.366798      5.442173      0.002232      0.000055
    2.600000      0.000280      0.003167      0.002887      0.088291      0.000692      0.004774      0.404013      0.663402      0.528246      2.281159      4.834218      0.001796      0.000075
    2.700000      0.000231      0.002617      0.002386      0.088199      0.000558      0.003943      0.413447      0.663707      0.530112      2.309298      5.384320      0.001659      0.000048
    2.799999      0.000192      0.002167      0.001975      0.088518      0.000499      0.003254      0.384511      0.665907      0.526284      2.301121      4.825377      0.001427      0.000027
    2.899999      0.000162      0.001796      0.001634      0.090312      0.000409      0.002694      0.396111      0.666641      0.526423      2.415999      5.268490      0.001092      0.000020
    2.999999      0.000131      0.001487      0.001356      0.088109      0.000337      0.002227      0.388474      0.667643      0.528751      2.260943      5.232399      0.000990      0.000034
    3.099999      0.000110      0.001227      0.001117      0.089791      0.000308      0.001846      0.357995      0.664826      0.518647      2.203184      4.874142      0.000703      0.000020
    3.199999      0.000092      0.001018      0.000926      0.090400      0.000245      0.001526      0.375613      0.666998      0.522780      2.431584      5.763702      0.000594      0.000034
    3.299999      0.000074      0.000838      0.000764      0.088077      0.000175      0.001272      0.420863      0.658828      0.528000      2.525458      5.676373      0.000580      0.000027
    3.399999      0.000061      0.000691      0.000630      0.087699      0.000159      0.001049      0.381900      0.659028      0.522203      2.344433      5.926124      0.000512      0.000020
    3.499999      0.000049      0.000569      0.000521      0.086040      0.000128      0.000857      0.384218      0.664622      0.528743      2.284742      5.076348      0.000396      0.000007
    3.599999      0.000041      0.000474      0.000434      0.085618      0.000098      0.000714      0.415421      0.663925      0.534010      2.245878      5.308272      0.000369      0.000007
    3.699999      0.000035      0.000392      0.000357      0.089076      0.000095      0.000599      0.369138      0.654569      0.514928      2.321461      4.801840      0.000300      0.000000
    3.799999      0.000028      0.000320      0.000292      0.087758      0.000076      0.000479      0.368389      0.667926      0.525670      2.078270      5.008317      0.000253      0.000000
    3.899998      0.000025      0.000265      0.000240      0.093821      0.000062      0.000397      0.400301      0.668447      0.523688      2.709105      5.570926      0.000205      0.000000
    3.999998      0.000020      0.000218      0.000198      0.093951      0.000048      0.000329      0.428184      0.663671      0.524885      2.655510      5.263505      0.000109      0.000000
    4.099998      0.000019      0.000181      0.000162      0.103315      0.000051      0.000271      0.363561      0.668458      0.503712      2.996682      6.876482      0.000061      0.000000
    4.199998      0.000016      0.000149      0.000133      0.109993      0.000037      0.000231      0.447897      0.646127      0.496306      2.476901      4.549465      0.000061      0.000007
    4.299998      0.000014      0.000121      0.000108      0.112119      0.000035      0.000185      0.388285      0.655115      0.489136      2.556447      3.855206      0.000075      0.000007
    4.399998      0.000010      0.000098      0.000088      0.104781      0.000026      0.000150      0.399914      0.655500      0.500804      2.471206      3.716521      0.000027      0.000007
    4.499998      0.000009      0.000083      0.000074      0.110710      0.000025      0.000124      0.370585      0.672520      0.498010      2.471234      5.689889      0.000041      0.000000
    4.599998      0.000007      0.000068      0.000062      0.100730      0.000018      0.000103      0.383604      0.667499      0.510741      2.254022      5.785985      0.000034      0.000000
    4.699998      0.000006      0.000056      0.000050      0.106762      0.000016      0.000088      0.372461      0.636299      0.480694      2.719733      3.887805      0.000000      0.000000
    4.799998      0.000004      0.000045      0.000040      0.098434      0.000010      0.000064      0.456341      0.699057      0.547665      2.880644      3.668867      0.000014      0.000000
    4.899998      0.000004      0.000038      0.000034      0.105263      0.000008      0.000055      0.487894      0.695021      0.540772      2.778495      4.537313      0.000020      0.000000
    4.999998      0.000003      0.000032      0.000029      0.106250      0.000006      0.000046      0.540313      0.693930      0.545731      2.673031      5.915493      0.000007      0.000000
    5.099998      0.000003      0.000026      0.000024      0.098113      0.000008      0.000039      0.340531      0.677910      0.511494      2.602786      6.079365      0.000007      0.000000
    5.199997      0.000002      0.000022      0.000020      0.100000      0.000005      0.000033      0.463983      0.657439      0.518260      1.455027      3.985507      0.000000      0.000000
    5.299997      0.000002      0.000019      0.000017      0.111111      0.000004      0.000026      0.497096      0.718734      0.550445      1.133621      2.120968      0.000000      0.000000
    5.399997      0.000002      0.000016      0.000014      0.132075      0.000004      0.000024      0.555133      0.670933      0.502161      2.049028      1.748918      0.000014      0.000000
    5.499997      0.000001      0.000012      0.000011      0.115702      0.000003      0.000016      0.457834      0.733506      0.547203      1.411870      2.180556      0.000014      0.000000
    5.599997      0.000001      0.000010      0.000009      0.080000      0.000001      0.000014      0.566684      0.731318      0.609851      3.524272     13.444445      0.000014      0.000000
    5.699997      0.000001      0.000008      0.000007      0.117647      0.000003      0.000012      0.393612      0.695533      0.508081      2.072727      1.809524      0.000007      0.000000
    5.799997      0.000001      0.000007      0.000006      0.101449      0.000002      0.000009      0.358432      0.728299      0.542571      2.411765      3.904762      0.000000      0.000000
    5.899997      0.000000      0.000005      0.000005      0.090909      0.000001      0.000007      0.714151      0.787647      0.650791      1.107143      0.000000      0.000007      0.000000
    5.999997      0.000000      0.000004      0.000004      0.066667      0.000000      0.000006      0.851900      0.807709      0.709044      1.172414      4.533333      0.000007      0.000007
    6.099997      0.000000      0.000004      0.000003      0.055556      0.000000      0.000005      0.595656      0.794995      0.698999      2.121212     17.500000      0.000000      0.000000
    6.199996      0.000000      0.000003      0.000003      0.064516      0.000000      0.000007      0.918906      0.471639      0.427069      Infinity      Infinity      0.000000      0.000000
    6.299996      0.000000      0.000003      0.000002      0.038462      0.000000      0.000003      0.971567      0.809747      0.754420           NaN      Infinity      0.000000      0.000000
    6.399996      0.000000      0.000002      0.000002      0.090909      0.000001      0.000003      0.252340      0.654962      0.481747      Infinity           NaN      0.000007      0.000000
    6.499996      0.000000      0.000002      0.000002      0.055556      0.000001      0.000003      0.169910      0.515510      0.416643      Infinity      0.000000      0.000007      0.000000
    6.599996      0.000000      0.000001      0.000001      0.066667      0.000000      0.000002      0.302515      0.682782      0.553916      Infinity           NaN      0.000007      0.000000
    6.699996      0.000000      0.000001      0.000001      0.000000      0.000000      0.000002      0.000000      0.781118      0.781118           NaN      0.000000      0.000014      0.000000
    6.799996      0.000000      0.000001      0.000001      0.000000      0.000000      0.000001      0.000000      0.911480      0.911480           NaN           NaN      0.000020      0.000000
    6.899996      0.000000      0.000001      0.000001      0.100000      0.000000      0.000001      0.953145      0.834100      0.690283           NaN      0.000000      0.000014      0.000000
    6.999996      0.000000      0.000001      0.000001      0.100000      0.000000      0.000001      0.953145      0.798322      0.662962           NaN           NaN      0.000007      0.000000
    7.099996      0.000000      0.000001      0.000001      0.125000      0.000000      0.000001      0.930278      0.830091      0.653446           NaN           NaN      0.000007      0.000000
    7.199996      0.000000      0.000001      0.000000      0.333333      0.000000      0.000001      0.493505      0.710323      0.320013           NaN      Infinity      0.000000      0.000000
    7.299995      0.000000      0.000001      0.000000      0.500000      0.000001      0.000001      0.314446      0.634906      0.157971      6.200000      1.937500      0.000007      0.000000
    7.399995      0.000000      0.000000      0.000000      0.250000      0.000001      0.000001      0.102264      0.517901      0.171408      Infinity      0.000000      0.000000      0.000000
    7.499995      0.000000      0.000000      0.000000      0.000000      0.000000      0.000000      0.000000      0.749281      0.749281           NaN      0.000000      0.000000      0.000000
    7.599995      0.000000      0.000000      0.000000      0.000000      0.000000      0.000000      0.000000      0.780808      0.780808           NaN      0.000000      0.000000      0.000000
    7.699995      0.000000      0.000000      0.000000      0.000000      0.000000      0.000000      0.000000      0.749391      0.749391      0.000000      0.000000      0.000000      0.000000
    7.799995      0.000000      0.000000      0.000000      0.000000      0.000000      0.000000      0.000000      0.749391      0.749391           NaN      0.000000      0.000000      0.000000
    7.899995      0.000000      0.000000      0.000000      0.000000      0.000000      0.000000      0.000000      0.871660      0.871660           NaN      0.000000      0.000000      0.000000
    7.999995      0.000000      0.000000      0.000000      0.000000      0.000000      0.000000      0.000000      0.796805      0.796805      0.000000      0.000000      0.000000      0.000000
  100.000000      0.000000      0.000000      0.000000      0.000000      0.000000      0.000000      0.000000      0.000000      0.000000      0.000000      0.000000      0.000000      0.000000
 * The above water reflectance is actually an albedo calculation
