   depth (m)           Eu            Ed             E            R*           Eou           Eod     meancosUP    meancosDown      meancos            rd            rup            Ld            Lu
  0.00000000    0.03086554    0.49999994    0.46913439    0.06173109    0.05076739    1.00462949    0.60797966    0.49769586    0.44450992    0.00000000    0.00000000    0.00000000    0.00008971
  0.00000000    0.00098747    0.47012186    0.46913439    0.00210045    0.00261877    0.56821984    0.37707272    0.82735908    0.82183367    1.52514982    6.85223866    0.00000379    0.00017531
  0.10000000    0.00086878    0.41179198    0.41092321    0.00210974    0.00231123    0.49906775    0.37589327    0.82512242    0.81958598    1.53388739    6.76374578    0.00106717    0.00015371
  0.20000000    0.00076388    0.36056310    0.35979921    0.00211858    0.00203278    0.43781325    0.37578169    0.82355458    0.81801170    1.54091704    6.70260477    0.00188380    0.00013504
  0.30000001    0.00067102    0.31564695    0.31497592    0.00212586    0.00179243    0.38382000    0.37436321    0.82238275    0.81681991    1.55246818    6.83833790    0.00249450    0.00011799
  0.40000001    0.00058897    0.27626958    0.27568063    0.00213186    0.00157440    0.33631253    0.37409139    0.82146680    0.81589609    1.55525720    6.79388857    0.00293780    0.00010373
  0.50000000    0.00051590    0.24176790    0.24125201    0.00213386    0.00138152    0.29457492    0.37342933    0.82073486    0.81516051    1.55517614    6.95389700    0.00324242    0.00009049
  0.60000002    0.00045220    0.21153437    0.21108218    0.00213770    0.00121325    0.25791565    0.37271532    0.82016879    0.81458372    1.56909084    6.71592379    0.00343778    0.00007895
  0.70000005    0.00039581    0.18505986    0.18466406    0.00213883    0.00106726    0.22576858    0.37086698    0.81968826    0.81408674    1.57786024    7.03534842    0.00354403    0.00006861
  0.80000007    0.00034730    0.16189648    0.16154918    0.00214517    0.00093205    0.19759205    0.37261406    0.81934714    0.81375098    1.57980525    6.76596498    0.00357790    0.00006019
  0.90000010    0.00030363    0.14162210    0.14131846    0.00214397    0.00081471    0.17290521    0.37268978    0.81907362    0.81348449    1.57185543    7.05480576    0.00355704    0.00005268
  1.00000012    0.00026545    0.12387720    0.12361175    0.00214282    0.00071280    0.15127556    0.37239930    0.81888443    0.81329751    1.57702816    6.85252523    0.00349421    0.00004622
  1.10000014    0.00023274    0.10835029    0.10811755    0.00214801    0.00062738    0.13233280    0.37096897    0.81877124    0.81315732    1.57955694    6.92636490    0.00339885    0.00004059
  1.20000017    0.00020344    0.09475584    0.09455239    0.00214703    0.00054990    0.11573241    0.36996278    0.81874937    0.81312788    1.57700062    6.62203455    0.00327829    0.00003528
  1.30000019    0.00017770    0.08287189    0.08269419    0.00214433    0.00047997    0.10121435    0.37024137    0.81877613    0.81316423    1.58006179    6.95526743    0.00313914    0.00003101
  1.40000021    0.00015514    0.07247860    0.07232346    0.00214045    0.00041849    0.08851111    0.37070590    0.81886446    0.81326646    1.59239256    6.58103800    0.00298988    0.00002702
  1.50000024    0.00013593    0.06338680    0.06325087    0.00214441    0.00036630    0.07739884    0.37108192    0.81896311    0.81335759    1.59200752    6.98167086    0.00283122    0.00002375
  1.60000026    0.00011897    0.05543682    0.05531785    0.00214605    0.00031987    0.06768062    0.37193596    0.81909442    0.81349188    1.57802951    6.96664619    0.00266949    0.00002076
  1.70000029    0.00010422    0.04848720    0.04838298    0.00214954    0.00028217    0.05917932    0.36937216    0.81932670    0.81368583    1.58433056    6.82263756    0.00250735    0.00001828
  1.80000031    0.00009128    0.04241132    0.04232004    0.00215230    0.00024662    0.05174790    0.37013948    0.81957561    0.81393272    1.59234202    6.92017078    0.00234764    0.00001589
  1.90000033    0.00007993    0.03709402    0.03701409    0.00215490    0.00021534    0.04524525    0.37119168    0.81984341    0.81420159    1.58205247    7.16037369    0.00219002    0.00001395
  2.00000024    0.00006980    0.03244315    0.03237336    0.00215133    0.00018883    0.03955662    0.36962640    0.82017004    0.81451738    1.58945167    7.09606886    0.00203925    0.00001215
  2.10000014    0.00006125    0.02837716    0.02831591    0.00215846    0.00016654    0.03458568    0.36777768    0.82048851    0.81479400    1.59173882    6.62107182    0.00189258    0.00001066
  2.20000005    0.00005323    0.02482400    0.02477078    0.00214421    0.00014403    0.03024174    0.36955139    0.82085234    0.81520957    1.59235477    6.43349504    0.00175383    0.00000929
  2.29999995    0.00004642    0.02171311    0.02166669    0.00213779    0.00012489    0.02643864    0.37167788    0.82126403    0.81565547    1.57363200    6.79549885    0.00162288    0.00000816
  2.39999986    0.00004078    0.01899739    0.01895661    0.00214645    0.00011079    0.02311973    0.36805025    0.82169616    0.81602198    1.59060788    6.86903811    0.00149883    0.00000704
  2.49999976    0.00003574    0.01662227    0.01658653    0.00215043    0.00009676    0.02021810    0.36942291    0.82214791    0.81647253    1.58341551    7.15558577    0.00138078    0.00000611
  2.59999967    0.00003112    0.01454597    0.01451484    0.00213949    0.00008335    0.01768097    0.37336189    0.82269043    0.81707835    1.57112861    6.46051264    0.00126987    0.00000545
  2.69999957    0.00002720    0.01272845    0.01270125    0.00213710    0.00007270    0.01546306    0.37414715    0.82315254    0.81754941    1.57415617    7.12306070    0.00116690    0.00000486
  2.79999948    0.00002393    0.01114070    0.01111677    0.00214834    0.00006446    0.01352506    0.37131080    0.82370812    0.81803989    1.57769442    6.72315454    0.00107012    0.00000424
  2.89999938    0.00002088    0.00974912    0.00972824    0.00214194    0.00005541    0.01182784    0.37687355    0.82425219    0.81865168    1.57538497    8.00949001    0.00098044    0.00000373
  2.99999928    0.00001814    0.00853075    0.00851261    0.00212607    0.00004856    0.01034102    0.37352213    0.82494259    0.81934154    1.59593141    7.10433578    0.00089764    0.00000320
  3.09999919    0.00001593    0.00746769    0.00745175    0.00213359    0.00004242    0.00904672    0.37556142    0.82545769    0.81985182    1.57203364    5.97627974    0.00082066    0.00000278
  3.19999909    0.00001396    0.00653940    0.00652544    0.00213521    0.00003753    0.00791582    0.37201220    0.82611787    0.82046360    1.58402944    7.53144598    0.00075001    0.00000238
  3.29999900    0.00001235    0.00572504    0.00571269    0.00215702    0.00003368    0.00692493    0.36671010    0.82672870    0.82095325    1.55754375    6.52473974    0.00068519    0.00000208
  3.39999890    0.00001072    0.00501234    0.00500162    0.00213872    0.00002893    0.00605707    0.37060007    0.82751775    0.82182324    1.53459311    6.42376423    0.00062530    0.00000187
  3.49999881    0.00000937    0.00438809    0.00437873    0.00213464    0.00002499    0.00529779    0.37475598    0.82828730    0.82263809    1.57815194    6.60216379    0.00056980    0.00000167
  3.59999871    0.00000817    0.00384308    0.00383491    0.00212720    0.00002204    0.00463557    0.37099364    0.82904327    0.82336581    1.58279228    8.24546909    0.00051896    0.00000149
  3.69999862    0.00000723    0.00336602    0.00335879    0.00214883    0.00001987    0.00405587    0.36409095    0.82991332    0.82409352    1.62745059    8.88110638    0.00047301    0.00000131
  3.79999852    0.00000625    0.00294919    0.00294294    0.00211821    0.00001689    0.00355109    0.36977196    0.83050084    0.82481760    1.59091294    7.10195017    0.00043017    0.00000114
  3.89999843    0.00000546    0.00258410    0.00257863    0.00211486    0.00001423    0.00310876    0.38406554    0.83123070    0.82569343    1.55529189    6.60512257    0.00039102    0.00000098
  3.99999833    0.00000486    0.00226466    0.00225981    0.00214513    0.00001290    0.00272207    0.37663397    0.83196473    0.82626486    1.56825387    6.06453419    0.00035532    0.00000082
  4.09999847    0.00000426    0.00198440    0.00198013    0.00214826    0.00001160    0.00238304    0.36761242    0.83271730    0.82690454    1.56236374    6.74811220    0.00032250    0.00000073
  4.19999838    0.00000373    0.00173899    0.00173526    0.00214492    0.00000999    0.00208628    0.37332359    0.83353621    0.82778412    1.55271995    6.66249275    0.00029242    0.00000063
  4.29999828    0.00000320    0.00152432    0.00152112    0.00209733    0.00000857    0.00182670    0.37317657    0.83446914    0.82883185    1.60994279    7.03443527    0.00026551    0.00000056
  4.39999819    0.00000277    0.00133634    0.00133356    0.00207358    0.00000733    0.00159995    0.37790784    0.83523822    0.82970381    1.66722214    9.05940533    0.00024073    0.00000050
  4.49999809    0.00000251    0.00117192    0.00116941    0.00213838    0.00000684    0.00140139    0.36630055    0.83625174    0.83040965    1.62825453    6.86526012    0.00021838    0.00000043
  4.59999800    0.00000222    0.00102807    0.00102585    0.00216424    0.00000575    0.00122836    0.38673526    0.83694589    0.83124119    1.56356192    5.03452635    0.00019797    0.00000039
  4.69999790    0.00000193    0.00090182    0.00089989    0.00214122    0.00000511    0.00107604    0.37811431    0.83809376    0.83234888    1.53053629    5.34256744    0.00017914    0.00000034
  4.79999781    0.00000169    0.00079062    0.00078893    0.00213882    0.00000433    0.00094228    0.39021415    0.83904779    0.83342040    1.52463520    7.01882648    0.00016190    0.00000030
  4.89999771    0.00000147    0.00069344    0.00069197    0.00212707    0.00000368    0.00082529    0.40067485    0.84023523    0.83472466    1.44429672    6.82825708    0.00014661    0.00000027
  4.99999762    0.00000129    0.00060843    0.00060714    0.00211693    0.00000333    0.00072334    0.38653478    0.84113216    0.83550268    1.53964126    5.94224977    0.00013229    0.00000022
  5.09999752    0.00000113    0.00053389    0.00053276    0.00211466    0.00000307    0.00063388    0.36834121    0.84225899    0.83643335    1.60904336    8.67133999    0.00011999    0.00000019
  5.19999743    0.00000101    0.00046888    0.00046787    0.00216046    0.00000260    0.00055647    0.38958910    0.84260690    0.83687603    1.59606683    2.63722205    0.00010812    0.00000019
  5.29999733    0.00000084    0.00041192    0.00041108    0.00203680    0.00000220    0.00048822    0.38108346    0.84371907    0.83822060    1.41306388    8.11675549    0.00009770    0.00000017
  5.39999723    0.00000076    0.00036190    0.00036114    0.00208898    0.00000195    0.00042809    0.38787302    0.84537190    0.83978248    1.51253188    7.16117430    0.00008822    0.00000014
  5.49999714    0.00000065    0.00031755    0.00031691    0.00203744    0.00000171    0.00037517    0.37830311    0.84642285    0.84086514    1.54201174    5.22204399    0.00007963    0.00000012
  5.59999704    0.00000059    0.00027899    0.00027840    0.00211118    0.00000163    0.00032953    0.36050886    0.84662342    0.84066808    1.46872008    9.19458866    0.00007194    0.00000011
  5.69999695    0.00000052    0.00024516    0.00024464    0.00212920    0.00000139    0.00028919    0.37532139    0.84777129    0.84191704    1.65883601   12.25326824    0.00006494    0.00000009
  5.79999685    0.00000044    0.00021528    0.00021484    0.00205775    0.00000114    0.00025358    0.38914922    0.84898347    0.84345001    1.44020081    0.00000000    0.00005844    0.00000007
  5.89999676    0.00000039    0.00018891    0.00018852    0.00204331    0.00000105    0.00022215    0.36708069    0.85037386    0.84463817    1.49867928    4.00700283    0.00005251    0.00000008
  5.99999666    0.00000031    0.00016609    0.00016577    0.00189059    0.00000084    0.00019518    0.37429518    0.85093963    0.84569597    1.55105543    6.39746809    0.00004743    0.00000006
  6.09999657    0.00000029    0.00014611    0.00014582    0.00198475    0.00000079    0.00017145    0.36684346    0.85220319    0.84660822    1.26070607    0.00000000    0.00004280    0.00000005
  6.19999647    0.00000025    0.00012847    0.00012822    0.00192264    0.00000069    0.00015041    0.35901278    0.85410565    0.84858197    1.57515430    4.94155836    0.00003847    0.00000004
  6.29999638    0.00000020    0.00011293    0.00011273    0.00176212    0.00000047    0.00013206    0.42629993    0.85515785    0.85064411    1.28670955   16.33333397    0.00003472    0.00000004
  6.39999628    0.00000019    0.00009937    0.00009918    0.00194224    0.00000045    0.00011605    0.43069571    0.85623300    0.85128301    1.42850387    8.18156052    0.00003133    0.00000004
  6.49999619    0.00000017    0.00008730    0.00008713    0.00198156    0.00000039    0.00010186    0.44518611    0.85709673    0.85214740    1.52999496    7.59090900    0.00002818    0.00000004
  6.59999609    0.00000014    0.00007685    0.00007671    0.00183465    0.00000034    0.00008965    0.41241342    0.85726053    0.85243690    1.31296539    0.00000000    0.00002543    0.00000003
  6.69999599    0.00000013    0.00006769    0.00006756    0.00193524    0.00000031    0.00007883    0.42624164    0.85873336    0.85374290    1.68062818    6.14369488    0.00002294    0.00000003
  6.79999590    0.00000012    0.00005964    0.00005952    0.00194500    0.00000028    0.00006934    0.42005348    0.86016715    0.85508841    1.40220904    0.00000000    0.00002068    0.00000002
  6.89999580    0.00000011    0.00005259    0.00005249    0.00203445    0.00000030    0.00006098    0.35770580    0.86254358    0.85658658    1.52422726   14.83333397    0.00001859    0.00000002
  6.99999571    0.00000009    0.00004627    0.00004618    0.00198820    0.00000023    0.00005362    0.39271882    0.86299515    0.85753274    1.52946579    9.19727898    0.00001674    0.00000001
  7.09999561    0.00000008    0.00004068    0.00004060    0.00208922    0.00000020    0.00004712    0.42690960    0.86349404    0.85806400    1.29503334    0.00000000    0.00001500    0.00000001
  7.19999552    0.00000007    0.00003577    0.00003570    0.00187308    0.00000017    0.00004138    0.40414310    0.86442930    0.85936719    1.37916243    0.00000000    0.00001352    0.00000001
  7.29999542    0.00000006    0.00003153    0.00003147    0.00177603    0.00000015    0.00003635    0.36911809    0.86730909    0.86217076    2.11765385    0.00000000    0.00001219    0.00000001
  7.39999533    0.00000005    0.00002787    0.00002781    0.00197352    0.00000015    0.00003210    0.37623790    0.86832821    0.86268526    1.37094438   21.28571510    0.00001102    0.00000000
  7.49999523    0.00000006    0.00002454    0.00002448    0.00228190    0.00000017    0.00002827    0.33210412    0.86817884    0.86106133    1.84099352    0.00000000    0.00000994    0.00000000
  7.59999514    0.00000004    0.00002155    0.00002151    0.00208807    0.00000013    0.00002483    0.35686108    0.86797422    0.86178511    1.44669437    0.00000000    0.00000893    0.00000000
  7.69999504    0.00000004    0.00001897    0.00001893    0.00195045    0.00000011    0.00002185    0.32647815    0.86833066    0.86216450    1.89616776    0.00000000    0.00000803    0.00000000
  7.79999495    0.00000003    0.00001672    0.00001668    0.00197404    0.00000008    0.00001919    0.42690945    0.87101960    0.86581302    1.62836444    0.00000000    0.00000720    0.00000000
  7.89999485    0.00000002    0.00001481    0.00001478    0.00162096    0.00000005    0.00001697    0.51176274    0.87235123    0.86853731    1.67042887   37.00000000    0.00000646    0.00000000
  7.99999475    0.00000002    0.00001305    0.00001303    0.00160907    0.00000004    0.00001491    0.58751947    0.87552506    0.87202525    1.16724825    5.92076206    0.00000579    0.00000000
100.00000000    0.00000000    0.00000003    0.00000003    0.00000000    0.00000000    0.00000003    0.00000000    0.82949311    0.82949311    0.00000000    0.00000000    0.00000000    0.00000000
 * The above water reflectance is actually an albedo calculation
   depth (m)           Eu            Ed             E            R*           Eou           Eod     meancosUP    meancosDown      meancos            rd            rup            Ld            Lu
  0.00000000    0.04797269    0.49999994    0.45202726    0.09594540    0.08027500    1.00462949    0.59760439    0.49769586    0.41665170    0.00000000    0.00000000    0.00000000    0.00467948
  0.00000000    0.04378411    0.49581137    0.45202726    0.08830799    0.09744014    0.64405209    0.44934365    0.76983118    0.60961837    2.29539800    5.58169746    0.00019369    0.00886841
  0.10000000    0.03879585    0.41359895    0.37480310    0.09380066    0.09024744    0.57245606    0.42988315    0.72249901    0.56556678    2.55303025    5.80878925    0.03338100    0.00750109
  0.20000000    0.03286078    0.34024960    0.30738881    0.09657845    0.07808090    0.48622310    0.42085552    0.69978082    0.54472202    2.68632030    5.92635584    0.04984405    0.00621185
  0.30000001    0.02717838    0.27788964    0.25071126    0.09780278    0.06527532    0.40329513    0.41636533    0.68904781    0.53505564    2.75374389    5.97746468    0.05613115    0.00508394
  0.40000001    0.02218812    0.22618484    0.20399672    0.09809730    0.05357658    0.33017948    0.41413844    0.68503606    0.53157914    2.78267360    6.00283051    0.05637974    0.00413726
  0.50000000    0.01799628    0.18389799    0.16590171    0.09786014    0.04353148    0.26853555    0.41340840    0.68481803    0.53162199    2.79420185    6.02164984    0.05326888    0.00335615
  0.60000002    0.01456242    0.14955379    0.13499138    0.09737244    0.03521664    0.21777634    0.41350955    0.68673110    0.53357756    2.78928566    6.02091265    0.04847354    0.00272441
  0.70000005    0.01178472    0.12174231    0.10995758    0.09680057    0.02847811    0.17651661    0.41381696    0.68969321    0.53639227    2.77890444    6.01094341    0.04300926    0.00221049
  0.80000007    0.00954176    0.09923203    0.08969026    0.09615611    0.02303984    0.14317855    0.41414198    0.69306487    0.53959286    2.76528001    5.99585915    0.03749476    0.00179732
  0.90000010    0.00773785    0.08098958    0.07325172    0.09554134    0.01862992    0.11629736    0.41534546    0.69640082    0.54289776    2.75377846    5.99839354    0.03227222    0.00146329
  1.00000012    0.00628848    0.06618182    0.05989333    0.09501828    0.01511208    0.09458335    0.41612291    0.69971949    0.54599661    2.73709416    5.97843122    0.02751061    0.00119262
  1.10000014    0.00512038    0.05415822    0.04903784    0.09454481    0.01229945    0.07707125    0.41630960    0.70270330    0.54870158    2.72611141    5.96389818    0.02328618    0.00097362
  1.20000017    0.00417420    0.04436206    0.04018786    0.09409388    0.01000721    0.06289768    0.41711920    0.70530516    0.55123681    2.71513486    5.97013760    0.01960058    0.00079670
  1.30000019    0.00341337    0.03637475    0.03296138    0.09383898    0.00816672    0.05141817    0.41796100    0.70742989    0.55318362    2.70647621    5.94905043    0.01643075    0.00065173
  1.40000021    0.00279225    0.02984290    0.02705065    0.09356511    0.00667136    0.04206613    0.41854346    0.70942831    0.55502754    2.69460917    5.94208527    0.01372263    0.00053446
  1.50000024    0.00228677    0.02450318    0.02221641    0.09332540    0.00545810    0.03445747    0.41896826    0.71111363    0.55658507    2.68624544    5.93507767    0.01143232    0.00043835
  1.60000026    0.00187376    0.02013265    0.01825889    0.09307066    0.00446857    0.02825115    0.41931972    0.71263105    0.55803925    2.68239903    5.94272423    0.00950054    0.00035922
  1.70000029    0.00153761    0.01655117    0.01501356    0.09290062    0.00367043    0.02319502    0.41891909    0.71356565    0.55884248    2.67783856    5.91877985    0.00788674    0.00029596
  1.80000031    0.00126287    0.01361320    0.01235033    0.09276832    0.00301151    0.01905589    0.41934884    0.71438277    0.55966383    2.67890000    5.93625641    0.00653466    0.00024216
  1.90000033    0.00103730    0.01119899    0.01016168    0.09262487    0.00247818    0.01565925    0.41857499    0.71516764    0.56026030    2.67489386    5.92326260    0.00540730    0.00019982
  2.00000024    0.00085221    0.00921352    0.00836131    0.09249611    0.00203256    0.01287226    0.41928187    0.71576583    0.56098020    2.66820407    5.92522812    0.00447380    0.00016396
  2.10000014    0.00070093    0.00758371    0.00688278    0.09242534    0.00167165    0.01058891    0.41930348    0.71619362    0.56137609    2.66635108    5.90461540    0.00369676    0.00013459
  2.20000005    0.00057691    0.00624190    0.00566499    0.09242558    0.00137294    0.00870280    0.42020038    0.71722853    0.56224000    2.65825987    5.92049694    0.00305393    0.00011102
  2.29999995    0.00047537    0.00513929    0.00466392    0.09249663    0.00113224    0.00716756    0.41984510    0.71702033    0.56193137    2.66678834    5.89371920    0.00252247    0.00009186
  2.39999986    0.00039027    0.00423065    0.00384038    0.09224813    0.00092939    0.00589542    0.41992170    0.71761715    0.56270957    2.65339541    5.90274143    0.00208206    0.00007550
  2.49999976    0.00032185    0.00348255    0.00316070    0.09241869    0.00076542    0.00485290    0.42049137    0.71762270    0.56256998    2.66961551    5.89770508    0.00171804    0.00006229
  2.59999967    0.00026478    0.00286888    0.00260410    0.09229247    0.00063022    0.00399489    0.42013037    0.71813655    0.56303513    2.65801978    5.90664053    0.00141664    0.00005111
  2.69999957    0.00021756    0.00236276    0.00214520    0.09207837    0.00051801    0.00328886    0.41998690    0.71841246    0.56350678    2.64004564    5.91761971    0.00116903    0.00004206
  2.79999948    0.00017966    0.00194628    0.00176662    0.09230798    0.00042748    0.00271247    0.42026991    0.71753067    0.56262773    2.66722989    5.93751812    0.00096283    0.00003484
  2.89999938    0.00014810    0.00160281    0.00145472    0.09239806    0.00035162    0.00223317    0.42118353    0.71773171    0.56279969    2.64534068    5.88557100    0.00079314    0.00002862
  2.99999928    0.00012168    0.00132014    0.00119846    0.09217273    0.00028776    0.00183740    0.42285511    0.71848208    0.56393784    2.65780258    5.87464571    0.00065349    0.00002346
  3.09999919    0.00010037    0.00108769    0.00098732    0.09227554    0.00023842    0.00151332    0.42097533    0.71874225    0.56362408    2.68007994    5.94931030    0.00053862    0.00001927
  3.19999909    0.00008213    0.00089555    0.00081342    0.09170911    0.00019602    0.00124778    0.41898659    0.71771520    0.56338829    2.64693189    5.95310450    0.00044465    0.00001598
  3.29999900    0.00006774    0.00073799    0.00067025    0.09178495    0.00016086    0.00102963    0.42108461    0.71674746    0.56300229    2.67957544    5.91256332    0.00036640    0.00001331
  3.39999890    0.00005591    0.00060809    0.00055217    0.09195080    0.00013330    0.00084630    0.41945761    0.71852636    0.56367278    2.63279700    5.83091307    0.00030180    0.00001091
  3.49999881    0.00004631    0.00050088    0.00045457    0.09245455    0.00011073    0.00069749    0.41820067    0.71812195    0.56243587    2.71280599    5.99942064    0.00024840    0.00000900
  3.59999871    0.00003818    0.00041271    0.00037453    0.09251115    0.00009183    0.00057604    0.41577503    0.71644944    0.56077546    2.72288847    6.01078796    0.00020502    0.00000730
  3.69999862    0.00003141    0.00034020    0.00030879    0.09233338    0.00007579    0.00047409    0.41445479    0.71758312    0.56155342    2.68204021    5.91348314    0.00016931    0.00000597
  3.79999852    0.00002588    0.00028003    0.00025415    0.09240762    0.00006202    0.00038982    0.41725177    0.71836585    0.56249368    2.65324378    5.80891371    0.00013966    0.00000487
  3.89999843    0.00002119    0.00023065    0.00020946    0.09186487    0.00005039    0.00032033    0.42053923    0.72004181    0.56502289    2.60973620    5.84629440    0.00011498    0.00000402
  3.99999833    0.00001736    0.00018989    0.00017253    0.09142947    0.00004096    0.00026406    0.42384285    0.71912789    0.56563336    2.65339756    5.88123560    0.00009457    0.00000334
  4.09999847    0.00001437    0.00015660    0.00014223    0.09179262    0.00003446    0.00021756    0.41720602    0.71981961    0.56436533    2.60793829    5.76615906    0.00007808    0.00000279
  4.19999838    0.00001182    0.00012893    0.00011711    0.09164805    0.00002778    0.00017908    0.42531490    0.71993065    0.56612581    2.69741130    6.01310396    0.00006413    0.00000232
  4.29999828    0.00000983    0.00010663    0.00009680    0.09218967    0.00002367    0.00014834    0.41526213    0.71881527    0.56274527    2.60820580    5.71378040    0.00005283    0.00000184
  4.39999819    0.00000815    0.00008785    0.00007970    0.09274690    0.00001947    0.00012219    0.41840300    0.71898699    0.56263250    2.59858418    5.69906282    0.00004371    0.00000152
  4.49999809    0.00000663    0.00007223    0.00006560    0.09184422    0.00001522    0.00010076    0.43589601    0.71683943    0.56557727    2.67963076    6.17313623    0.00003597    0.00000121
  4.59999800    0.00000549    0.00005961    0.00005412    0.09214742    0.00001310    0.00008302    0.41920808    0.71801460    0.56299454    2.67677641    5.89662123    0.00002954    0.00000099
  4.69999790    0.00000449    0.00004900    0.00004450    0.09170137    0.00001068    0.00006833    0.42061952    0.71705788    0.56325018    2.47660708    5.91741323    0.00002425    0.00000079
  4.79999781    0.00000373    0.00004039    0.00003666    0.09241930    0.00000889    0.00005648    0.41983229    0.71514732    0.56077254    2.61425996    5.80037689    0.00002001    0.00000064
  4.89999771    0.00000302    0.00003328    0.00003026    0.09070970    0.00000699    0.00004626    0.43202567    0.71951109    0.56837881    2.61685109    5.80730677    0.00001662    0.00000057
  4.99999762    0.00000248    0.00002736    0.00002489    0.09051708    0.00000565    0.00003800    0.43871209    0.72012085    0.57021576    2.63893509    6.29079247    0.00001375    0.00000047
  5.09999752    0.00000212    0.00002264    0.00002051    0.09378037    0.00000510    0.00003168    0.41591150    0.71467757    0.55777180    2.78192472    6.01812458    0.00001128    0.00000035
  5.19999743    0.00000168    0.00001872    0.00001704    0.08977303    0.00000416    0.00002612    0.40362984    0.71689850    0.56280237    2.69618750    6.14371395    0.00000933    0.00000032
  5.29999733    0.00000140    0.00001546    0.00001405    0.09082676    0.00000346    0.00002159    0.40595171    0.71603024    0.56110483    2.65398955    5.42154551    0.00000762    0.00000028
  5.39999723    0.00000114    0.00001271    0.00001157    0.08937141    0.00000277    0.00001754    0.40975145    0.72453427    0.56974530    2.81778431    6.84868431    0.00000639    0.00000020
  5.49999714    0.00000095    0.00001054    0.00000960    0.08971927    0.00000213    0.00001456    0.44415131    0.72407180    0.57500607    2.88297868    6.47995090    0.00000528    0.00000017
  5.59999704    0.00000080    0.00000876    0.00000796    0.09108549    0.00000186    0.00001216    0.42854965    0.72046900    0.56788403    2.82449055    6.69569254    0.00000429    0.00000014
  5.69999695    0.00000065    0.00000720    0.00000655    0.09017646    0.00000158    0.00001010    0.41083598    0.71264231    0.56067687    2.47042775    5.39107370    0.00000355    0.00000012
  5.79999685    0.00000053    0.00000594    0.00000541    0.08858202    0.00000122    0.00000822    0.43280831    0.72198415    0.57331258    2.61618137    5.68536186    0.00000295    0.00000009
  5.89999676    0.00000044    0.00000489    0.00000446    0.08931126    0.00000100    0.00000681    0.43523908    0.71855229    0.57028979    2.59170103    5.20656109    0.00000249    0.00000008
  5.99999666    0.00000035    0.00000403    0.00000367    0.08743170    0.00000084    0.00000554    0.41871601    0.72623682    0.57547319    2.33798885    4.46644735    0.00000202    0.00000007
  6.09999657    0.00000028    0.00000330    0.00000301    0.08611279    0.00000064    0.00000456    0.44583535    0.72325408    0.57995516    2.86931872    7.66583109    0.00000172    0.00000005
  6.19999647    0.00000024    0.00000274    0.00000250    0.08646479    0.00000055    0.00000378    0.43410257    0.72539103    0.57901233    2.89719248    6.47821808    0.00000143    0.00000005
  6.29999638    0.00000019    0.00000228    0.00000209    0.08508772    0.00000041    0.00000309    0.46822506    0.73691750    0.59459001    2.70882797    5.84102583    0.00000116    0.00000003
  6.39999628    0.00000017    0.00000189    0.00000172    0.08903021    0.00000043    0.00000255    0.39298698    0.73896855    0.57664162    2.53064275    7.02637529    0.00000099    0.00000004
  6.49999619    0.00000014    0.00000157    0.00000143    0.08853503    0.00000032    0.00000215    0.43975645    0.72906429    0.57946265    2.70984101    7.53276110    0.00000082    0.00000003
  6.59999609    0.00000012    0.00000130    0.00000118    0.09578544    0.00000024    0.00000177    0.52662361    0.73915559    0.58914888    2.33004618    4.08923101    0.00000068    0.00000003
  6.69999599    0.00000010    0.00000110    0.00000100    0.08759124    0.00000024    0.00000150    0.39399129    0.73224270    0.57457006    3.04433489    8.71786785    0.00000053    0.00000003
  6.79999590    0.00000008    0.00000091    0.00000083    0.08681319    0.00000018    0.00000128    0.44050354    0.70902866    0.56809390    3.53186917    7.81813526    0.00000042    0.00000002
  6.89999580    0.00000006    0.00000076    0.00000070    0.08026316    0.00000016    0.00000104    0.39107478    0.73273259    0.58582276    2.60299087    5.45212746    0.00000035    0.00000001
  6.99999571    0.00000005    0.00000065    0.00000060    0.07361963    0.00000011    0.00000086    0.42902419    0.75432581    0.61870676    1.93976605    7.84421492    0.00000030    0.00000001
  7.09999561    0.00000004    0.00000055    0.00000051    0.07608696    0.00000008    0.00000075    0.49826297    0.73425013    0.60998929    1.79838526    6.09346533    0.00000026    0.00000001
  7.19999552    0.00000004    0.00000046    0.00000042    0.08893710    0.00000011    0.00000064    0.38065913    0.71606821    0.55888122    3.24298120   10.28477573    0.00000021    0.00000001
  7.29999542    0.00000003    0.00000037    0.00000034    0.08266667    0.00000008    0.00000050    0.37047645    0.74401695    0.58533585    3.07990646    5.77594948    0.00000017    0.00000000
  7.39999533    0.00000002    0.00000031    0.00000028    0.07843138    0.00000008    0.00000043    0.29844278    0.71220171    0.55286419    3.24615383   10.01355934    0.00000015    0.00000000
  7.49999523    0.00000003    0.00000026    0.00000024    0.09923664    0.00000006    0.00000038    0.44237438    0.69682366    0.54282129    4.23684216    2.87500000    0.00000012    0.00000000
  7.59999514    0.00000002    0.00000022    0.00000020    0.08675800    0.00000004    0.00000031    0.51487654    0.70163685    0.57301778    2.70434785    6.91111135    0.00000010    0.00000000
  7.69999504    0.00000001    0.00000018    0.00000017    0.08196720    0.00000005    0.00000026    0.27336505    0.69108886    0.52553999    3.55208325    5.21634626    0.00000008    0.00000000
  7.79999495    0.00000001    0.00000016    0.00000015    0.06874999    0.00000002    0.00000021    0.54514647    0.77430803    0.65692544    3.34090900    6.53333330    0.00000006    0.00000000
  7.89999485    0.00000001    0.00000015    0.00000014    0.06164384    0.00000003    0.00000019    0.31764972    0.75945395    0.62109971    2.51157403    0.00000000    0.00000006    0.00000001
  7.99999475    0.00000000    0.00000012    0.00000012    0.03225806    0.00000001    0.00000016    0.60467720    0.77382034    0.71917003    6.23936176   31.27358437    0.00000004    0.00000000
100.00000000    0.00000000    0.00000003    0.00000003    0.00000000    0.00000000    0.00000004    0.00000000    0.82949305    0.82949305    0.00000000    0.00000000    0.00000000    0.00000000
 * The above water reflectance is actually an albedo calculation
