   depth (m)           Eu            Ed             E            R*           Eou           Eod     meancosUP    meancosDown      meancos            rd            rup            Ld            Lu
    0.000000      0.047983      0.500000      0.452017      0.095966      0.090154      0.936111      0.532232      0.534125      0.440448      0.000000      0.000000      0.000000      0.000201
    0.000000      0.043903      0.495920      0.452017      0.088528      0.107729      0.714441      0.407530      0.694136      0.549785      2.293593      5.579719      0.000009      0.000364
    0.100000      0.038860      0.413599      0.374739      0.093955      0.099971      0.631574      0.388712      0.654869      0.512257      2.552981      5.780841      0.000892      0.000329
    0.200000      0.032918      0.340204      0.307286      0.096759      0.086250      0.535175      0.381659      0.635687      0.494486      2.678937      5.895327      0.001575      0.000280
    0.300000      0.027217      0.277795      0.250578      0.097975      0.072362      0.443332      0.376122      0.626606      0.485904      2.769020      5.993121      0.001949      0.000228
    0.400000      0.022216      0.226068      0.203852      0.098271      0.059495      0.362898      0.373408      0.622952      0.482612      2.775553      6.004420      0.002116      0.000191
    0.500000      0.018017      0.183773      0.165756      0.098038      0.048223      0.294701      0.373610      0.623591      0.483361      2.804801      6.062225      0.002114      0.000152
    0.600000      0.014578      0.149502      0.134924      0.097508      0.039014      0.238759      0.373653      0.626162      0.485736      2.784620      5.999901      0.002026      0.000122
    0.700000      0.011795      0.121676      0.109881      0.096940      0.031625      0.193289      0.372973      0.629503      0.488545      2.787423      6.002944      0.001865      0.000098
    0.800000      0.009524      0.099107      0.089582      0.096103      0.025317      0.156515      0.376215      0.633210      0.492666      2.740012      5.987677      0.001708      0.000083
    0.900000      0.007753      0.080889      0.073136      0.095845      0.020559      0.126819      0.377109      0.637827      0.496248      2.751402      5.961649      0.001469      0.000068
    1.000000      0.006286      0.066112      0.059825      0.095088      0.016666      0.103354      0.377205      0.639664      0.498463      2.732613      5.919230      0.001279      0.000054
    1.100000      0.005120      0.054076      0.048957      0.094674      0.013588      0.084094      0.376773      0.643041      0.501180      2.687934      5.911282      0.001112      0.000043
    1.200000      0.004176      0.044312      0.040136      0.094237      0.011071      0.068615      0.377188      0.645801      0.503676      2.676214      5.902886      0.000947      0.000033
    1.300000      0.003427      0.036367      0.032940      0.094246      0.009175      0.056219      0.373557      0.646877      0.503705      2.694489      5.832352      0.000798      0.000030
    1.400000      0.002793      0.029822      0.027029      0.093646      0.007386      0.045910      0.378094      0.649569      0.507146      2.680352      5.861317      0.000691      0.000024
    1.500000      0.002277      0.024476      0.022200      0.093020      0.006049      0.037558      0.376421      0.651705      0.509095      2.713330      5.994586      0.000580      0.000019
    1.600000      0.001866      0.020124      0.018258      0.092742      0.004831      0.030783      0.386319      0.653749      0.512660      2.630841      5.839489      0.000473      0.000017
    1.700000      0.001543      0.016535      0.014991      0.093341      0.004138      0.025403      0.373015      0.650906      0.507490      2.701809      5.765263      0.000399      0.000012
    1.800000      0.001264      0.013579      0.012315      0.093059      0.003365      0.020738      0.375513      0.654768      0.510931      2.677015      5.994019      0.000323      0.000010
    1.900000      0.001033      0.011160      0.010127      0.092559      0.002749      0.016991      0.375820      0.656847      0.513053      2.656777      5.961891      0.000265      0.000009
    2.000000      0.000856      0.009182      0.008326      0.093194      0.002284      0.014021      0.374697      0.654859      0.510656      2.662301      5.690915      0.000236      0.000006
    2.100000      0.000702      0.007558      0.006855      0.092928      0.001837      0.011503      0.382248      0.657023      0.513884      2.699489      5.945337      0.000186      0.000004
    2.200000      0.000577      0.006228      0.005652      0.092583      0.001515      0.009461      0.380649      0.658274      0.514891      2.690544      6.050939      0.000146      0.000004
    2.300000      0.000478      0.005131      0.004653      0.093158      0.001243      0.007793      0.384428      0.658412      0.514919      2.642347      5.944347      0.000127      0.000004
    2.400000      0.000394      0.004221      0.003827      0.093429      0.001050      0.006418      0.375591      0.657730      0.512438      2.770337      5.885433      0.000101      0.000003
    2.500000      0.000318      0.003478      0.003160      0.091360      0.000826      0.005272      0.384587      0.659709      0.518224      2.680602      6.152810      0.000083      0.000002
    2.600000      0.000266      0.002873      0.002606      0.092721      0.000690      0.004358      0.385998      0.659195      0.516317      2.631692      5.983913      0.000071      0.000002
    2.700000      0.000219      0.002360      0.002141      0.092720      0.000569      0.003566      0.384784      0.661778      0.517840      2.581551      5.761197      0.000060      0.000001
    2.799999      0.000177      0.001941      0.001763      0.091389      0.000466      0.002964      0.381041      0.654817      0.514216      2.541813      5.429403      0.000049      0.000001
    2.899999      0.000143      0.001600      0.001457      0.089577      0.000364      0.002434      0.393385      0.657410      0.520590      2.608570      5.991213      0.000046      0.000001
    2.999999      0.000122      0.001320      0.001198      0.092583      0.000329      0.001984      0.372011      0.665507      0.518084      2.635191      5.735081      0.000033      0.000001
    3.099999      0.000100      0.001091      0.000991      0.091623      0.000253      0.001649      0.395654      0.661582      0.521127      2.674665      6.414975      0.000029      0.000001
    3.199999      0.000081      0.000897      0.000815      0.090694      0.000212      0.001369      0.382817      0.654800      0.515452      2.683777      6.409791      0.000023      0.000001
    3.299999      0.000066      0.000738      0.000672      0.089476      0.000184      0.001123      0.358193      0.657099      0.513944      2.578711      5.951220      0.000020      0.000001
    3.399999      0.000056      0.000609      0.000553      0.091254      0.000135      0.000928      0.411083      0.656185      0.520489      2.656145      6.181573      0.000016      0.000001
    3.499999      0.000046      0.000504      0.000458      0.090695      0.000117      0.000769      0.391648      0.655486      0.517487      2.581790      5.983567      0.000013      0.000001
    3.599999      0.000038      0.000413      0.000375      0.093164      0.000108      0.000621      0.355882      0.665507      0.513964      2.627239      5.608896      0.000010      0.000000
    3.699999      0.000031      0.000340      0.000309      0.090575      0.000085      0.000508      0.363274      0.669181      0.521551      2.476330      4.192512      0.000008      0.000000
    3.799999      0.000024      0.000278      0.000254      0.085766      0.000063      0.000427      0.380359      0.651229      0.519143      2.405106      6.132255      0.000009      0.000000
    3.899998      0.000020      0.000231      0.000211      0.088283      0.000049      0.000355      0.420390      0.651567      0.522545      3.250853      7.488912      0.000006      0.000000
    3.999998      0.000018      0.000193      0.000175      0.092910      0.000046      0.000289      0.389529      0.668658      0.523104      2.705202      6.941802      0.000005      0.000000
  100.000000      0.000000      0.000000      0.000000      0.000000      0.000000      0.000000      0.000000      0.000000      0.000000      0.000000      0.000000      0.000000      0.000000
 * The above water reflectance is actually an albedo calculation
