         ===================================================
                Aquatic Optics Monte Carlo Model            
                A       O      M     C                      
                                                            
                Version 1.2                                 
                                                            
                Original Author: Manuel Gimond              

         ===================================================

 File 'amc.inp'... successfully opened
                   Iteration =   100000000
                Light source =           0
                     Azimuth =           0
                      Zenith =          60
                Constituents =           1
                       Depth =      100.00
                        Side =    10000.00
              Logging layers =          41
 Thickness of logging layers =        0.10
             Alpha intervals =          36
               Phi intervals =           6
 Angular or cosine intervals =           1
             Absorption file =           0
                 Bottom file =           0
                   Side file =           0
               Source of SPF =           1
        Number of SPF angles =          90
       Depth dependent layer =           1
             Number of cells =           0
                   Cell size =        2.00
               Surfer output =           0
             Light footprint =           1
             Circle diameter =    2.000000
   X size of light footprint =    1.000000
   Y size of light footprint =   10.000000
               Bottom target =           0
            X size of target =    1.000000
            Y size of target =    1.000000
                Normalize to =           0
         Number of wavebands =           2
 ----------------------------------------------------------------
 File 'conc.inp'... successfully opened
 File 'abs.inp'... successfully opened
 File 'scat.inp'... successfully opened
 File 'spf.inp'... successfully opened
 File 'lambbot.inp'... successfully opened
 File 'difcol.inp'... successfully opened
 ----------------------------------------------------------------
 Running model .....
 Running simulation for wavelength =    1.00000000    
     % scattered forward  =    49.99
     % scattered backward =    50.01
  mean optical pathlength =      NaN  (still experimental)
 Running simulation for wavelength =    2.00000000    
     % scattered forward  =    50.00
     % scattered backward =    50.00
  mean optical pathlength =      NaN  (still experimental)
 Done with simulation. Now computing/writing output...
 AOMC model run complete!
