   depth (m)           Eu            Ed             E            R*           Eou           Eod     meancosUP    meancosDown      meancos            rd            rup            Ld            Lu
    0.000000      0.030863      0.500000      0.469137      0.061725      0.057457      1.082840      0.537147      0.461749      0.411417      0.000000      0.000000      0.000000      0.000109
    0.000000      0.000960      0.470098      0.469137      0.002043      0.002733      0.639097      0.351367      0.735566      0.730937      1.405290      5.902630      0.000003      0.000180
    0.100000      0.000844      0.411831      0.410986      0.002050      0.002408      0.560837      0.350563      0.734315      0.729677      1.396101      5.966790      0.000652      0.000157
    0.200000      0.000743      0.360662      0.359920      0.002060      0.002130      0.491655      0.348759      0.733567      0.728899      1.409769      6.174899      0.001141      0.000140
    0.300000      0.000654      0.315772      0.315118      0.002071      0.001869      0.430740      0.349808      0.733092      0.728413      1.412957      5.949337      0.001519      0.000123
    0.400000      0.000576      0.276431      0.275855      0.002085      0.001654      0.377196      0.348458      0.732858      0.728136      1.425106      6.089202      0.001789      0.000111
    0.500000      0.000508      0.241950      0.241441      0.002101      0.001456      0.330217      0.349097      0.732700      0.727950      1.429776      5.934506      0.002001      0.000099
    0.600000      0.000447      0.211744      0.211297      0.002110      0.001277      0.289001      0.350007      0.732675      0.727913      1.420771      5.827691      0.002129      0.000085
    0.700000      0.000395      0.185307      0.184911      0.002133      0.001117      0.252905      0.353745      0.732712      0.727933      1.430005      5.805507      0.002204      0.000080
    0.800000      0.000348      0.162133      0.161784      0.002148      0.000977      0.221233      0.356594      0.732858      0.728070      1.443077      5.953214      0.002231      0.000073
    0.900000      0.000309      0.141856      0.141548      0.002177      0.000859      0.193530      0.359460      0.732994      0.728167      1.414771      6.066460      0.002222      0.000067
    1.000000      0.000276      0.124109      0.123833      0.002221      0.000766      0.169264      0.359587      0.733228      0.728302      1.431601      5.479784      0.002206      0.000063
    1.100000      0.000245      0.108573      0.108328      0.002258      0.000671      0.148034      0.365319      0.733438      0.728478      1.443961      6.078512      0.002152      0.000060
    1.200000      0.000220      0.094981      0.094761      0.002320      0.000599      0.129435      0.367560      0.733809      0.728732      1.426669      5.177749      0.002085      0.000058
    1.300000      0.000200      0.083091      0.082892      0.002404      0.000531      0.113169      0.375969      0.734223      0.729035      1.449157      6.534477      0.001997      0.000055
    1.400000      0.000183      0.072689      0.072506      0.002516      0.000480      0.098951      0.381067      0.734596      0.729210      1.432571      5.568814      0.001919      0.000053
    1.500000      0.000168      0.063587      0.063418      0.002649      0.000429      0.086514      0.392665      0.734986      0.729423      1.420334      5.600483      0.001846      0.000053
    1.600000      0.000155      0.055623      0.055468      0.002791      0.000384      0.075633      0.404271      0.735442      0.729683      1.441925      5.346115      0.001752      0.000053
    1.700000      0.000146      0.048658      0.048512      0.003001      0.000347      0.066119      0.420536      0.735919      0.729878      1.436061      5.038545      0.001651      0.000054
    1.800000      0.000140      0.042571      0.042431      0.003283      0.000320      0.057809      0.436677      0.736406      0.729948      1.451859      4.907113      0.001537      0.000054
    1.900000      0.000137      0.037248      0.037111      0.003668      0.000298      0.050538      0.458586      0.737021      0.730014      1.458905      4.617888      0.001440      0.000055
    2.000000      0.000134      0.032583      0.032449      0.004113      0.000283      0.044176      0.474124      0.737585      0.729882      1.427449      4.526540      0.001336      0.000056
    2.100000      0.000135      0.028514      0.028379      0.004742      0.000271      0.038631      0.499688      0.738117      0.729506      1.427113      4.105100      0.001248      0.000057
    2.200000      0.000138      0.024948      0.024810      0.005516      0.000261      0.033767      0.526511      0.738814      0.729096      1.435698      4.125475      0.001156      0.000064
    2.300000      0.000142      0.021828      0.021686      0.006520      0.000257      0.029518      0.554768      0.739474      0.728323      1.457126      3.900674      0.001079      0.000067
    2.400000      0.000150      0.019107      0.018957      0.007827      0.000256      0.025815      0.584570      0.740136      0.727136      1.419654      3.555797      0.001001      0.000075
    2.500000      0.000160      0.016717      0.016557      0.009594      0.000266      0.022564      0.604026      0.740873      0.725231      1.418740      3.351660      0.000927      0.000080
    2.600000      0.000174      0.014628      0.014454      0.011879      0.000276      0.019727      0.630624      0.741525      0.722622      1.435381      2.387420      0.000862      0.000088
    2.700000      0.000190      0.012798      0.012608      0.014847      0.000292      0.017243      0.650487      0.742263      0.719060      1.457482      2.691314      0.000804      0.000098
    2.799999      0.000211      0.011203      0.010992      0.018799      0.000319      0.015076      0.660705      0.743069      0.714004      1.497299      2.935100      0.000740      0.000106
    2.899999      0.000235      0.009809      0.009574      0.023937      0.000346      0.013191      0.677833      0.743602      0.707232      1.462839      2.138590      0.000679      0.000117
    2.999999      0.000264      0.008583      0.008319      0.030744      0.000384      0.011531      0.686445      0.744350      0.698190      1.425884      2.246233      0.000627      0.000129
    3.099999      0.000298      0.007512      0.007214      0.039675      0.000433      0.010081      0.689097      0.745126      0.686127      1.487442      2.026440      0.000576      0.000144
    3.199999      0.000338      0.006574      0.006236      0.051397      0.000492      0.008812      0.687080      0.745978      0.670236      1.434664      2.149438      0.000533      0.000159
    3.299999      0.000386      0.005757      0.005371      0.067122      0.000567      0.007708      0.681920      0.746908      0.649057      1.466076      1.829684      0.000488      0.000171
    3.399999      0.000444      0.005043      0.004600      0.087948      0.000658      0.006745      0.674361      0.747637      0.621305      1.365985      1.936097      0.000445      0.000194
    3.499999      0.000511      0.004418      0.003906      0.115772      0.000770      0.005904      0.664227      0.748170      0.585236      1.477875      2.185449      0.000415      0.000218
    3.599999      0.000592      0.003871      0.003279      0.152941      0.000910      0.005167      0.650772      0.749190      0.539600      1.419222      2.250584      0.000381      0.000237
    3.699999      0.000690      0.003394      0.002704      0.203211      0.001092      0.004526      0.631595      0.749795      0.481315      1.484776      2.131551      0.000349      0.000259
    3.799999      0.000807      0.002973      0.002167      0.271269      0.001329      0.003963      0.606651      0.750295      0.409407      1.451953      2.412015      0.000321      0.000283
    3.899998      0.000953      0.002607      0.001655      0.365354      0.001668      0.003474      0.571189      0.750557      0.321831      1.539194      3.360680      0.000291      0.000307
    3.999998      0.001145      0.002288      0.001142      0.500686      0.002294      0.003052      0.499362      0.749595      0.213683      0.000000      0.000000      0.000269      0.000343
    4.000000      0.001145      0.002288      0.001142      0.500688      0.002294      0.003052      0.499359      0.749595      0.213681      0.000000      0.000000      0.000269      0.000343
 * The above water reflectance is actually an albedo calculation
   depth (m)           Eu            Ed             E            R*           Eou           Eod     meancosUP    meancosDown      meancos            rd            rup            Ld            Lu
    0.000000      0.046966      0.500000      0.453034      0.093932      0.087973      1.082840      0.533865      0.461749      0.386940      0.000000      0.000000      0.000000      0.004611
    0.000000      0.041172      0.494206      0.453034      0.083309      0.101028      0.717953      0.407526      0.688354      0.553168      2.034868      4.987367      0.000173      0.008364
    0.100000      0.036417      0.413476      0.377060      0.088074      0.093268      0.628081      0.390452      0.658316      0.522714      2.241006      5.183948      0.021535      0.007068
    0.200000      0.030970      0.341679      0.310709      0.090641      0.081085      0.532700      0.381945      0.641409      0.506217      2.355141      5.281694      0.034337      0.005810
    0.300000      0.025758      0.280409      0.254652      0.091857      0.068186      0.443291      0.377756      0.632563      0.497876      2.412274      5.342439      0.041514      0.004754
    0.400000      0.021173      0.229365      0.208192      0.092311      0.056467      0.364853      0.374957      0.628649      0.494141      2.447443      5.376976      0.044504      0.003932
    0.500000      0.017274      0.187327      0.170052      0.092215      0.046124      0.298226      0.374517      0.628137      0.493835      2.457969      5.390322      0.044771      0.003239
    0.600000      0.014051      0.152984      0.138933      0.091847      0.037517      0.242889      0.374523      0.629852      0.495470      2.461048      5.405062      0.042953      0.002663
    0.700000      0.011424      0.125021      0.113597      0.091376      0.030499      0.197609      0.374565      0.632669      0.497997      2.449765      5.393596      0.040057      0.002144
    0.800000      0.009293      0.102283      0.092990      0.090859      0.024788      0.160848      0.374918      0.635899      0.500926      2.448181      5.381875      0.036429      0.001722
    0.900000      0.007564      0.083769      0.076204      0.090302      0.020128      0.131064      0.375826      0.639142      0.504023      2.433877      5.392277      0.032545      0.001422
    1.000000      0.006166      0.068698      0.062532      0.089754      0.016381      0.106881      0.376408      0.642752      0.507311      2.418340      5.381541      0.028595      0.001169
    1.100000      0.005045      0.056426      0.051382      0.089403      0.013397      0.087420      0.376557      0.645462      0.509653      2.402523      5.349983      0.024917      0.000954
    1.200000      0.004129      0.046379      0.042250      0.089034      0.010941      0.071567      0.377424      0.648054      0.512072      2.399595      5.352815      0.021517      0.000797
    1.300000      0.003384      0.038164      0.034780      0.088677      0.008949      0.058631      0.378175      0.650915      0.514643      2.390129      5.343304      0.018492      0.000648
    1.400000      0.002779      0.031430      0.028651      0.088429      0.007332      0.048124      0.379081      0.653098      0.516635      2.385958      5.314481      0.015749      0.000525
    1.500000      0.002281      0.025900      0.023619      0.088071      0.006027      0.039552      0.378496      0.654828      0.518199      2.378736      5.323543      0.013425      0.000449
    1.600000      0.001874      0.021358      0.019483      0.087755      0.004933      0.032516      0.379931      0.656837      0.520265      2.356580      5.282723      0.011271      0.000368
    1.700000      0.001545      0.017623      0.016078      0.087679      0.004075      0.026771      0.379140      0.658283      0.521218      2.346751      5.256330      0.009410      0.000298
    1.800000      0.001275      0.014547      0.013272      0.087634      0.003350      0.022056      0.380477      0.659532      0.522381      2.368392      5.281243      0.007901      0.000258
    1.900000      0.001047      0.012009      0.010962      0.087210      0.002755      0.018183      0.380162      0.660472      0.523547      2.340145      5.287596      0.006608      0.000206
    2.000000      0.000865      0.009931      0.009066      0.087113      0.002271      0.015025      0.381004      0.660949      0.524160      2.343863      5.315327      0.005518      0.000172
    2.100000      0.000717      0.008203      0.007486      0.087399      0.001887      0.012398      0.380035      0.661641      0.524071      2.347931      5.281327      0.004578      0.000138
    2.200000      0.000592      0.006782      0.006190      0.087283      0.001550      0.010248      0.381965      0.661825      0.524706      2.346252      5.292184      0.003823      0.000120
    2.300000      0.000489      0.005608      0.005119      0.087272      0.001281      0.008468      0.382227      0.662342      0.525125      2.356766      5.315830      0.003200      0.000093
    2.400000      0.000406      0.004635      0.004229      0.087578      0.001062      0.006977      0.382042      0.664318      0.526032      2.357891      5.302921      0.002658      0.000078
    2.500000      0.000335      0.003832      0.003497      0.087437      0.000882      0.005771      0.380027      0.664000      0.525638      2.345884      5.322474      0.002212      0.000065
    2.600000      0.000280      0.003171      0.002891      0.088338      0.000737      0.004776      0.380019      0.663884      0.524323      2.340797      5.265101      0.001856      0.000053
    2.700000      0.000234      0.002625      0.002390      0.089244      0.000607      0.003955      0.385966      0.663605      0.523982      2.356629      5.272265      0.001534      0.000044
    2.799999      0.000195      0.002170      0.001974      0.089945      0.000505      0.003266      0.386472      0.664244      0.523560      2.346478      5.281795      0.001275      0.000040
    2.899999      0.000166      0.001798      0.001632      0.092285      0.000426      0.002712      0.388993      0.662878      0.519938      2.347836      5.228942      0.001074      0.000038
    2.999999      0.000141      0.001486      0.001345      0.095189      0.000357      0.002241      0.395836      0.663136      0.517489      2.298331      4.995961      0.000897      0.000031
    3.099999      0.000122      0.001229      0.001107      0.099531      0.000305      0.001852      0.401253      0.663803      0.513228      2.378725      5.041924      0.000733      0.000026
    3.199999      0.000107      0.001016      0.000909      0.104975      0.000261      0.001531      0.409277      0.663279      0.507341      2.331361      4.830861      0.000590      0.000025
    3.299999      0.000095      0.000840      0.000745      0.113206      0.000225      0.001267      0.422570      0.663107      0.499335      2.404321      4.906967      0.000483      0.000025
    3.399999      0.000087      0.000695      0.000608      0.125423      0.000198      0.001048      0.440237      0.663480      0.488016      2.333695      4.636620      0.000415      0.000022
    3.499999      0.000084      0.000577      0.000493      0.145269      0.000185      0.000870      0.452564      0.663153      0.467337      2.433160      4.472256      0.000346      0.000021
    3.599999      0.000082      0.000478      0.000396      0.171822      0.000174      0.000724      0.471949      0.660079      0.440745      2.369307      4.164859      0.000288      0.000023
    3.699999      0.000085      0.000397      0.000312      0.214322      0.000172      0.000601      0.493526      0.659976      0.403021      2.435694      3.788826      0.000243      0.000030
    3.799999      0.000090      0.000329      0.000239      0.273827      0.000175      0.000500      0.516507      0.658594      0.354483      2.590484      3.656957      0.000208      0.000029
    3.899998      0.000100      0.000275      0.000175      0.362618      0.000188      0.000422      0.529895      0.650969      0.287045      2.636904      3.670702      0.000174      0.000032
    3.999998      0.000115      0.000232      0.000116      0.497862      0.000230      0.000363      0.500713      0.638119      0.196039           NaN      0.000000      0.000140      0.000036
    4.000000      0.000115      0.000232      0.000116      0.497862      0.000230      0.000363      0.500713      0.638119      0.196039      0.000000      0.000000      0.000140      0.000036
 * The above water reflectance is actually an albedo calculation
